<?xml version="1.0" encoding="UTF-8"?>
<robot generator="Robot 5.0.1 (Python 3.7.5 on win32)" generated="20240704 17:22:56.520" rpa="true" schemaversion="3">
<suite id="s1" name="Task" source="D:\BotsDNA\Autosphere\Active Loans\Task.robot">
<test id="s1-t1" name="Active Loans" line="30">
<kw name="Goto Website And Download Excel File">
<kw name="Set Download Directory" library="Autosphere.Browser.Playwright">
<arg>D:\\BotsDNA\\Autosphere\\Active Loans//Loan Data</arg>
<doc>Set a custom browser download directory.</doc>
<msg timestamp="20240704 17:23:00.519" level="INFO">Download directory set to: D:\BotsDNA\Autosphere\Active Loans\Loan Data</msg>
<status status="PASS" starttime="20240704 17:23:00.519" endtime="20240704 17:23:00.519"/>
</kw>
<kw name="Download" library="Autosphere.HTTP">
<arg>url=https://botsdna.com/ActiveLoans/input.xlsx</arg>
<arg>overwrite=True</arg>
<arg>target_file=D:\\BotsDNA\\Autosphere\\Active Loans//Loan Data</arg>
<doc>An alias for the ``HTTP Get`` keyword.</doc>
<msg timestamp="20240704 17:23:00.534" level="INFO">Creating a new HTTP session</msg>
<msg timestamp="20240704 17:23:00.534" level="INFO">Creating Session using : alias=rpasession_alias.httpsbotsdna.com, url=https://botsdna.com, headers={},                     cookies={}, auth=None, timeout=None, proxies=None, verify=True,                     debug=0 </msg>
<msg timestamp="20240704 17:23:01.318" level="INFO">&lt;IPython.core.display.Markdown object&gt;
D:\BotsDNA\Autosphere\Active Loans\Loan Data\input.xlsx</msg>
<status status="PASS" starttime="20240704 17:23:00.519" endtime="20240704 17:23:01.318"/>
</kw>
<kw name="Open Available Browser" library="Autosphere.Browser.Playwright">
<arg>url=https://botsdna.com/ActiveLoans/</arg>
<doc>Attempts to open a browser on the user's device from a set of
supported browsers. Automatically downloads a corresponding webdriver
if none is already installed.</doc>
<msg timestamp="20240704 17:23:01.318" level="INFO">Creating an instance of the Chrome WebDriver.</msg>
<msg timestamp="20240704 17:23:05.234" level="INFO">====== WebDriver manager ======</msg>
<msg timestamp="20240704 17:23:09.313" level="INFO">Downloaded webdriver to: C:\Users\Daniyal\AppData\Local\autosphere\webdrivers\.wdm\drivers\chromedriver\win64\126.0.6478.126\chromedriver-win32/chromedriver.exe</msg>
<msg timestamp="20240704 17:23:09.313" level="INFO">Creating an instance of the Chrome WebDriver.</msg>
<msg timestamp="20240704 17:23:10.580" level="INFO">Created Chrome browser with arguments: --disable-dev-shm-usage --disable-web-security --allow-running-insecure-content --no-sandbox</msg>
<msg timestamp="20240704 17:23:10.580" level="INFO" html="true">&lt;p&gt;Attempted combinations:&lt;/p&gt;&lt;div class="doc"&gt;&lt;table&gt;&lt;tr&gt;&lt;th&gt;Browser&lt;/th&gt;&lt;th&gt;Download&lt;/th&gt;&lt;th&gt;Error&lt;/th&gt;&lt;/tr&gt;&lt;tr&gt;&lt;td&gt;Chrome&lt;/td&gt;&lt;td&gt;False&lt;/td&gt;&lt;td&gt;Message: session not created: This version of ChromeDriver only supports Chrome version 119
Current browser version is 126.0.6478.127 with binary path C:\Program Files\Google\Chrome\Application\chrome.exe
Stacktrace:
	GetHandleVerifier [0x00007FF6328782B2+55298]
	(No symbol) [0x00007FF6327E5E02]
	(No symbol) [0x00007FF6326A05AB]
	(No symbol) [0x00007FF6326D3E72]
	(No symbol) [0x00007FF6326D32FE]
	(No symbol) [0x00007FF6326CEC6C]
	(No symbol) [0x00007FF6326CB30E]
	(No symbol) [0x00007FF63270A198]
	(No symbol) [0x00007FF632709CB0]
	(No symbol) [0x00007FF632701E83]
	(No symbol) [0x00007FF6326D670A]
	(No symbol) [0x00007FF6326D7964]
	GetHandleVerifier [0x00007FF632BF0AAB+3694587]
	GetHandleVerifier [0x00007FF632C4728E+4048862]
	GetHandleVerifier [0x00007FF632C3F173+4015811]
	GetHandleVerifier [0x00007FF6329147D6+695590]
	(No symbol) [0x00007FF6327F0CE8]
	(No symbol) [0x00007FF6327ECF34]
	(No symbol) [0x00007FF6327ED062]
	(No symbol) [0x00007FF6327DD3A3]
	BaseThreadInitThunk [0x00007FFD2790257D+29]
	RtlUserThreadStart [0x00007FFD2994AF28+40]
&lt;/td&gt;&lt;/tr&gt;&lt;tr&gt;&lt;td&gt;Chrome&lt;/td&gt;&lt;td&gt;True&lt;/td&gt;&lt;td&gt;&lt;/td&gt;&lt;/tr&gt;&lt;/table&gt;&lt;/div&gt;</msg>
<msg timestamp="20240704 17:23:10.580" level="INFO">Opening url 'https://botsdna.com/ActiveLoans/'</msg>
<status status="PASS" starttime="20240704 17:23:01.318" endtime="20240704 17:23:11.378"/>
</kw>
<kw name="Maximize Browser Window" library="Autosphere.Browser.Playwright">
<doc>Maximizes current browser window.</doc>
<status status="PASS" starttime="20240704 17:23:11.378" endtime="20240704 17:23:11.411"/>
</kw>
<kw name="Wait Until Page Contains Element" library="Autosphere.Browser.Playwright">
<arg>//h1[contains(text(),"Active Loans")]</arg>
<arg>timeout=15s</arg>
<doc>Waits until the element ``locator`` appears on the current page.</doc>
<status status="PASS" starttime="20240704 17:23:11.411" endtime="20240704 17:23:11.426"/>
</kw>
<status status="PASS" starttime="20240704 17:23:00.519" endtime="20240704 17:23:11.426"/>
</kw>
<kw name="Perform Excel Work">
<kw name="Open Workbook" library="Autosphere.Excel.Files">
<arg>D:\\BotsDNA\\Autosphere\\Active Loans//Loan Data//input.xlsx</arg>
<doc>Open an existing Excel workbook.</doc>
<msg timestamp="20240704 17:23:11.469" level="INFO">Opened workbook: &lt;Autosphere.Excel.Files.XlsxWorkbook object at 0x000001376D6337C8&gt;</msg>
<status status="PASS" starttime="20240704 17:23:11.426" endtime="20240704 17:23:11.469"/>
</kw>
<kw name="Find Empty Row" library="Autosphere.Excel.Files">
<var>${empty_row}</var>
<doc>Find the first empty row after existing content,
and return the row number.</doc>
<msg timestamp="20240704 17:23:11.470" level="INFO">${empty_row} = 79</msg>
<status status="PASS" starttime="20240704 17:23:11.469" endtime="20240704 17:23:11.470"/>
</kw>
<for flavor="IN RANGE">
<var>${row}</var>
<value>2</value>
<value>${empty_row}</value>
<iter>
<var name="${row}">2</var>
<kw name="Log" library="BuiltIn">
<arg>${row}</arg>
<doc>Logs the given message with the given level.</doc>
<msg timestamp="20240704 17:23:11.471" level="INFO">2</msg>
<status status="PASS" starttime="20240704 17:23:11.471" endtime="20240704 17:23:11.471"/>
</kw>
<kw name="Get Cell Value" library="Autosphere.Excel.Files">
<var>${account_number}</var>
<arg>${row}</arg>
<arg>A</arg>
<doc>Get a cell value in the given worksheet.</doc>
<msg timestamp="20240704 17:23:11.472" level="INFO">${account_number} = 978503257325</msg>
<status status="PASS" starttime="20240704 17:23:11.471" endtime="20240704 17:23:11.472"/>
</kw>
<kw name="Strip String" library="String">
<arg>${account_number}</arg>
<doc>Remove leading and/or trailing whitespaces from the given string.</doc>
<status status="PASS" starttime="20240704 17:23:11.472" endtime="20240704 17:23:11.472"/>
</kw>
<kw name="Get Length" library="BuiltIn">
<var>${length}</var>
<arg>${account_number}</arg>
<doc>Returns and logs the length of the given item as an integer.</doc>
<msg timestamp="20240704 17:23:11.473" level="INFO">Length is 12</msg>
<msg timestamp="20240704 17:23:11.473" level="INFO">${length} = 12</msg>
<status status="PASS" starttime="20240704 17:23:11.473" endtime="20240704 17:23:11.473"/>
</kw>
<kw name="Get Substring" library="String">
<var>${last_four_digit}</var>
<arg>${account_number}</arg>
<arg>${length-4}</arg>
<arg>${length}</arg>
<doc>Returns a substring from ``start`` index to ``end`` index.</doc>
<msg timestamp="20240704 17:23:11.475" level="INFO">${last_four_digit} = 7325</msg>
<status status="PASS" starttime="20240704 17:23:11.473" endtime="20240704 17:23:11.475"/>
</kw>
<kw name="Log" library="BuiltIn">
<arg>${last_four_digit}</arg>
<doc>Logs the given message with the given level.</doc>
<msg timestamp="20240704 17:23:11.475" level="INFO">7325</msg>
<status status="PASS" starttime="20240704 17:23:11.475" endtime="20240704 17:23:11.476"/>
</kw>
<status status="PASS" starttime="20240704 17:23:11.470" endtime="20240704 17:23:11.476"/>
</iter>
<iter>
<var name="${row}">3</var>
<kw name="Log" library="BuiltIn">
<arg>${row}</arg>
<doc>Logs the given message with the given level.</doc>
<msg timestamp="20240704 17:23:11.476" level="INFO">3</msg>
<status status="PASS" starttime="20240704 17:23:11.476" endtime="20240704 17:23:11.477"/>
</kw>
<kw name="Get Cell Value" library="Autosphere.Excel.Files">
<var>${account_number}</var>
<arg>${row}</arg>
<arg>A</arg>
<doc>Get a cell value in the given worksheet.</doc>
<msg timestamp="20240704 17:23:11.477" level="INFO">${account_number} = 946327836673</msg>
<status status="PASS" starttime="20240704 17:23:11.477" endtime="20240704 17:23:11.478"/>
</kw>
<kw name="Strip String" library="String">
<arg>${account_number}</arg>
<doc>Remove leading and/or trailing whitespaces from the given string.</doc>
<status status="PASS" starttime="20240704 17:23:11.479" endtime="20240704 17:23:11.479"/>
</kw>
<kw name="Get Length" library="BuiltIn">
<var>${length}</var>
<arg>${account_number}</arg>
<doc>Returns and logs the length of the given item as an integer.</doc>
<msg timestamp="20240704 17:23:11.479" level="INFO">Length is 12</msg>
<msg timestamp="20240704 17:23:11.479" level="INFO">${length} = 12</msg>
<status status="PASS" starttime="20240704 17:23:11.479" endtime="20240704 17:23:11.479"/>
</kw>
<kw name="Get Substring" library="String">
<var>${last_four_digit}</var>
<arg>${account_number}</arg>
<arg>${length-4}</arg>
<arg>${length}</arg>
<doc>Returns a substring from ``start`` index to ``end`` index.</doc>
<msg timestamp="20240704 17:23:11.479" level="INFO">${last_four_digit} = 6673</msg>
<status status="PASS" starttime="20240704 17:23:11.479" endtime="20240704 17:23:11.479"/>
</kw>
<kw name="Log" library="BuiltIn">
<arg>${last_four_digit}</arg>
<doc>Logs the given message with the given level.</doc>
<msg timestamp="20240704 17:23:11.479" level="INFO">6673</msg>
<status status="PASS" starttime="20240704 17:23:11.479" endtime="20240704 17:23:11.479"/>
</kw>
<status status="PASS" starttime="20240704 17:23:11.476" endtime="20240704 17:23:11.479"/>
</iter>
<iter>
<var name="${row}">4</var>
<kw name="Log" library="BuiltIn">
<arg>${row}</arg>
<doc>Logs the given message with the given level.</doc>
<msg timestamp="20240704 17:23:11.479" level="INFO">4</msg>
<status status="PASS" starttime="20240704 17:23:11.479" endtime="20240704 17:23:11.479"/>
</kw>
<kw name="Get Cell Value" library="Autosphere.Excel.Files">
<var>${account_number}</var>
<arg>${row}</arg>
<arg>A</arg>
<doc>Get a cell value in the given worksheet.</doc>
<msg timestamp="20240704 17:23:11.479" level="INFO">${account_number} = 893731935652</msg>
<status status="PASS" starttime="20240704 17:23:11.479" endtime="20240704 17:23:11.479"/>
</kw>
<kw name="Strip String" library="String">
<arg>${account_number}</arg>
<doc>Remove leading and/or trailing whitespaces from the given string.</doc>
<status status="PASS" starttime="20240704 17:23:11.479" endtime="20240704 17:23:11.479"/>
</kw>
<kw name="Get Length" library="BuiltIn">
<var>${length}</var>
<arg>${account_number}</arg>
<doc>Returns and logs the length of the given item as an integer.</doc>
<msg timestamp="20240704 17:23:11.479" level="INFO">Length is 12</msg>
<msg timestamp="20240704 17:23:11.479" level="INFO">${length} = 12</msg>
<status status="PASS" starttime="20240704 17:23:11.479" endtime="20240704 17:23:11.479"/>
</kw>
<kw name="Get Substring" library="String">
<var>${last_four_digit}</var>
<arg>${account_number}</arg>
<arg>${length-4}</arg>
<arg>${length}</arg>
<doc>Returns a substring from ``start`` index to ``end`` index.</doc>
<msg timestamp="20240704 17:23:11.479" level="INFO">${last_four_digit} = 5652</msg>
<status status="PASS" starttime="20240704 17:23:11.479" endtime="20240704 17:23:11.479"/>
</kw>
<kw name="Log" library="BuiltIn">
<arg>${last_four_digit}</arg>
<doc>Logs the given message with the given level.</doc>
<msg timestamp="20240704 17:23:11.479" level="INFO">5652</msg>
<status status="PASS" starttime="20240704 17:23:11.479" endtime="20240704 17:23:11.479"/>
</kw>
<status status="PASS" starttime="20240704 17:23:11.479" endtime="20240704 17:23:11.479"/>
</iter>
<iter>
<var name="${row}">5</var>
<kw name="Log" library="BuiltIn">
<arg>${row}</arg>
<doc>Logs the given message with the given level.</doc>
<msg timestamp="20240704 17:23:11.479" level="INFO">5</msg>
<status status="PASS" starttime="20240704 17:23:11.479" endtime="20240704 17:23:11.479"/>
</kw>
<kw name="Get Cell Value" library="Autosphere.Excel.Files">
<var>${account_number}</var>
<arg>${row}</arg>
<arg>A</arg>
<doc>Get a cell value in the given worksheet.</doc>
<msg timestamp="20240704 17:23:11.479" level="INFO">${account_number} = 875413087541</msg>
<status status="PASS" starttime="20240704 17:23:11.479" endtime="20240704 17:23:11.479"/>
</kw>
<kw name="Strip String" library="String">
<arg>${account_number}</arg>
<doc>Remove leading and/or trailing whitespaces from the given string.</doc>
<status status="PASS" starttime="20240704 17:23:11.479" endtime="20240704 17:23:11.479"/>
</kw>
<kw name="Get Length" library="BuiltIn">
<var>${length}</var>
<arg>${account_number}</arg>
<doc>Returns and logs the length of the given item as an integer.</doc>
<msg timestamp="20240704 17:23:11.479" level="INFO">Length is 12</msg>
<msg timestamp="20240704 17:23:11.479" level="INFO">${length} = 12</msg>
<status status="PASS" starttime="20240704 17:23:11.479" endtime="20240704 17:23:11.479"/>
</kw>
<kw name="Get Substring" library="String">
<var>${last_four_digit}</var>
<arg>${account_number}</arg>
<arg>${length-4}</arg>
<arg>${length}</arg>
<doc>Returns a substring from ``start`` index to ``end`` index.</doc>
<msg timestamp="20240704 17:23:11.479" level="INFO">${last_four_digit} = 7541</msg>
<status status="PASS" starttime="20240704 17:23:11.479" endtime="20240704 17:23:11.479"/>
</kw>
<kw name="Log" library="BuiltIn">
<arg>${last_four_digit}</arg>
<doc>Logs the given message with the given level.</doc>
<msg timestamp="20240704 17:23:11.479" level="INFO">7541</msg>
<status status="PASS" starttime="20240704 17:23:11.479" endtime="20240704 17:23:11.479"/>
</kw>
<status status="PASS" starttime="20240704 17:23:11.479" endtime="20240704 17:23:11.479"/>
</iter>
<iter>
<var name="${row}">6</var>
<kw name="Log" library="BuiltIn">
<arg>${row}</arg>
<doc>Logs the given message with the given level.</doc>
<msg timestamp="20240704 17:23:11.479" level="INFO">6</msg>
<status status="PASS" starttime="20240704 17:23:11.479" endtime="20240704 17:23:11.479"/>
</kw>
<kw name="Get Cell Value" library="Autosphere.Excel.Files">
<var>${account_number}</var>
<arg>${row}</arg>
<arg>A</arg>
<doc>Get a cell value in the given worksheet.</doc>
<msg timestamp="20240704 17:23:11.479" level="INFO">${account_number} = 786249541514</msg>
<status status="PASS" starttime="20240704 17:23:11.479" endtime="20240704 17:23:11.479"/>
</kw>
<kw name="Strip String" library="String">
<arg>${account_number}</arg>
<doc>Remove leading and/or trailing whitespaces from the given string.</doc>
<status status="PASS" starttime="20240704 17:23:11.479" endtime="20240704 17:23:11.494"/>
</kw>
<kw name="Get Length" library="BuiltIn">
<var>${length}</var>
<arg>${account_number}</arg>
<doc>Returns and logs the length of the given item as an integer.</doc>
<msg timestamp="20240704 17:23:11.494" level="INFO">Length is 12</msg>
<msg timestamp="20240704 17:23:11.494" level="INFO">${length} = 12</msg>
<status status="PASS" starttime="20240704 17:23:11.494" endtime="20240704 17:23:11.494"/>
</kw>
<kw name="Get Substring" library="String">
<var>${last_four_digit}</var>
<arg>${account_number}</arg>
<arg>${length-4}</arg>
<arg>${length}</arg>
<doc>Returns a substring from ``start`` index to ``end`` index.</doc>
<msg timestamp="20240704 17:23:11.494" level="INFO">${last_four_digit} = 1514</msg>
<status status="PASS" starttime="20240704 17:23:11.494" endtime="20240704 17:23:11.494"/>
</kw>
<kw name="Log" library="BuiltIn">
<arg>${last_four_digit}</arg>
<doc>Logs the given message with the given level.</doc>
<msg timestamp="20240704 17:23:11.494" level="INFO">1514</msg>
<status status="PASS" starttime="20240704 17:23:11.494" endtime="20240704 17:23:11.494"/>
</kw>
<status status="PASS" starttime="20240704 17:23:11.479" endtime="20240704 17:23:11.494"/>
</iter>
<iter>
<var name="${row}">7</var>
<kw name="Log" library="BuiltIn">
<arg>${row}</arg>
<doc>Logs the given message with the given level.</doc>
<msg timestamp="20240704 17:23:11.502" level="INFO">7</msg>
<status status="PASS" starttime="20240704 17:23:11.502" endtime="20240704 17:23:11.502"/>
</kw>
<kw name="Get Cell Value" library="Autosphere.Excel.Files">
<var>${account_number}</var>
<arg>${row}</arg>
<arg>A</arg>
<doc>Get a cell value in the given worksheet.</doc>
<msg timestamp="20240704 17:23:11.502" level="INFO">${account_number} = 783218876943</msg>
<status status="PASS" starttime="20240704 17:23:11.502" endtime="20240704 17:23:11.502"/>
</kw>
<kw name="Strip String" library="String">
<arg>${account_number}</arg>
<doc>Remove leading and/or trailing whitespaces from the given string.</doc>
<status status="PASS" starttime="20240704 17:23:11.502" endtime="20240704 17:23:11.502"/>
</kw>
<kw name="Get Length" library="BuiltIn">
<var>${length}</var>
<arg>${account_number}</arg>
<doc>Returns and logs the length of the given item as an integer.</doc>
<msg timestamp="20240704 17:23:11.502" level="INFO">Length is 12</msg>
<msg timestamp="20240704 17:23:11.502" level="INFO">${length} = 12</msg>
<status status="PASS" starttime="20240704 17:23:11.502" endtime="20240704 17:23:11.502"/>
</kw>
<kw name="Get Substring" library="String">
<var>${last_four_digit}</var>
<arg>${account_number}</arg>
<arg>${length-4}</arg>
<arg>${length}</arg>
<doc>Returns a substring from ``start`` index to ``end`` index.</doc>
<msg timestamp="20240704 17:23:11.502" level="INFO">${last_four_digit} = 6943</msg>
<status status="PASS" starttime="20240704 17:23:11.502" endtime="20240704 17:23:11.502"/>
</kw>
<kw name="Log" library="BuiltIn">
<arg>${last_four_digit}</arg>
<doc>Logs the given message with the given level.</doc>
<msg timestamp="20240704 17:23:11.502" level="INFO">6943</msg>
<status status="PASS" starttime="20240704 17:23:11.502" endtime="20240704 17:23:11.502"/>
</kw>
<status status="PASS" starttime="20240704 17:23:11.502" endtime="20240704 17:23:11.502"/>
</iter>
<iter>
<var name="${row}">8</var>
<kw name="Log" library="BuiltIn">
<arg>${row}</arg>
<doc>Logs the given message with the given level.</doc>
<msg timestamp="20240704 17:23:11.502" level="INFO">8</msg>
<status status="PASS" starttime="20240704 17:23:11.502" endtime="20240704 17:23:11.502"/>
</kw>
<kw name="Get Cell Value" library="Autosphere.Excel.Files">
<var>${account_number}</var>
<arg>${row}</arg>
<arg>A</arg>
<doc>Get a cell value in the given worksheet.</doc>
<msg timestamp="20240704 17:23:11.502" level="INFO">${account_number} = 753254345132</msg>
<status status="PASS" starttime="20240704 17:23:11.502" endtime="20240704 17:23:11.502"/>
</kw>
<kw name="Strip String" library="String">
<arg>${account_number}</arg>
<doc>Remove leading and/or trailing whitespaces from the given string.</doc>
<status status="PASS" starttime="20240704 17:23:11.502" endtime="20240704 17:23:11.502"/>
</kw>
<kw name="Get Length" library="BuiltIn">
<var>${length}</var>
<arg>${account_number}</arg>
<doc>Returns and logs the length of the given item as an integer.</doc>
<msg timestamp="20240704 17:23:11.502" level="INFO">Length is 12</msg>
<msg timestamp="20240704 17:23:11.502" level="INFO">${length} = 12</msg>
<status status="PASS" starttime="20240704 17:23:11.502" endtime="20240704 17:23:11.502"/>
</kw>
<kw name="Get Substring" library="String">
<var>${last_four_digit}</var>
<arg>${account_number}</arg>
<arg>${length-4}</arg>
<arg>${length}</arg>
<doc>Returns a substring from ``start`` index to ``end`` index.</doc>
<msg timestamp="20240704 17:23:11.511" level="INFO">${last_four_digit} = 5132</msg>
<status status="PASS" starttime="20240704 17:23:11.502" endtime="20240704 17:23:11.511"/>
</kw>
<kw name="Log" library="BuiltIn">
<arg>${last_four_digit}</arg>
<doc>Logs the given message with the given level.</doc>
<msg timestamp="20240704 17:23:11.512" level="INFO">5132</msg>
<status status="PASS" starttime="20240704 17:23:11.511" endtime="20240704 17:23:11.512"/>
</kw>
<status status="PASS" starttime="20240704 17:23:11.502" endtime="20240704 17:23:11.513"/>
</iter>
<iter>
<var name="${row}">9</var>
<kw name="Log" library="BuiltIn">
<arg>${row}</arg>
<doc>Logs the given message with the given level.</doc>
<msg timestamp="20240704 17:23:11.513" level="INFO">9</msg>
<status status="PASS" starttime="20240704 17:23:11.513" endtime="20240704 17:23:11.513"/>
</kw>
<kw name="Get Cell Value" library="Autosphere.Excel.Files">
<var>${account_number}</var>
<arg>${row}</arg>
<arg>A</arg>
<doc>Get a cell value in the given worksheet.</doc>
<msg timestamp="20240704 17:23:11.513" level="INFO">${account_number} = 748949743243</msg>
<status status="PASS" starttime="20240704 17:23:11.513" endtime="20240704 17:23:11.513"/>
</kw>
<kw name="Strip String" library="String">
<arg>${account_number}</arg>
<doc>Remove leading and/or trailing whitespaces from the given string.</doc>
<status status="PASS" starttime="20240704 17:23:11.513" endtime="20240704 17:23:11.513"/>
</kw>
<kw name="Get Length" library="BuiltIn">
<var>${length}</var>
<arg>${account_number}</arg>
<doc>Returns and logs the length of the given item as an integer.</doc>
<msg timestamp="20240704 17:23:11.513" level="INFO">Length is 12</msg>
<msg timestamp="20240704 17:23:11.513" level="INFO">${length} = 12</msg>
<status status="PASS" starttime="20240704 17:23:11.513" endtime="20240704 17:23:11.513"/>
</kw>
<kw name="Get Substring" library="String">
<var>${last_four_digit}</var>
<arg>${account_number}</arg>
<arg>${length-4}</arg>
<arg>${length}</arg>
<doc>Returns a substring from ``start`` index to ``end`` index.</doc>
<msg timestamp="20240704 17:23:11.513" level="INFO">${last_four_digit} = 3243</msg>
<status status="PASS" starttime="20240704 17:23:11.513" endtime="20240704 17:23:11.513"/>
</kw>
<kw name="Log" library="BuiltIn">
<arg>${last_four_digit}</arg>
<doc>Logs the given message with the given level.</doc>
<msg timestamp="20240704 17:23:11.513" level="INFO">3243</msg>
<status status="PASS" starttime="20240704 17:23:11.513" endtime="20240704 17:23:11.513"/>
</kw>
<status status="PASS" starttime="20240704 17:23:11.513" endtime="20240704 17:23:11.513"/>
</iter>
<iter>
<var name="${row}">10</var>
<kw name="Log" library="BuiltIn">
<arg>${row}</arg>
<doc>Logs the given message with the given level.</doc>
<msg timestamp="20240704 17:23:11.513" level="INFO">10</msg>
<status status="PASS" starttime="20240704 17:23:11.513" endtime="20240704 17:23:11.513"/>
</kw>
<kw name="Get Cell Value" library="Autosphere.Excel.Files">
<var>${account_number}</var>
<arg>${row}</arg>
<arg>A</arg>
<doc>Get a cell value in the given worksheet.</doc>
<msg timestamp="20240704 17:23:11.513" level="INFO">${account_number} = 745893274553</msg>
<status status="PASS" starttime="20240704 17:23:11.513" endtime="20240704 17:23:11.513"/>
</kw>
<kw name="Strip String" library="String">
<arg>${account_number}</arg>
<doc>Remove leading and/or trailing whitespaces from the given string.</doc>
<status status="PASS" starttime="20240704 17:23:11.513" endtime="20240704 17:23:11.513"/>
</kw>
<kw name="Get Length" library="BuiltIn">
<var>${length}</var>
<arg>${account_number}</arg>
<doc>Returns and logs the length of the given item as an integer.</doc>
<msg timestamp="20240704 17:23:11.526" level="INFO">Length is 12</msg>
<msg timestamp="20240704 17:23:11.527" level="INFO">${length} = 12</msg>
<status status="PASS" starttime="20240704 17:23:11.526" endtime="20240704 17:23:11.527"/>
</kw>
<kw name="Get Substring" library="String">
<var>${last_four_digit}</var>
<arg>${account_number}</arg>
<arg>${length-4}</arg>
<arg>${length}</arg>
<doc>Returns a substring from ``start`` index to ``end`` index.</doc>
<msg timestamp="20240704 17:23:11.529" level="INFO">${last_four_digit} = 4553</msg>
<status status="PASS" starttime="20240704 17:23:11.527" endtime="20240704 17:23:11.529"/>
</kw>
<kw name="Log" library="BuiltIn">
<arg>${last_four_digit}</arg>
<doc>Logs the given message with the given level.</doc>
<msg timestamp="20240704 17:23:11.529" level="INFO">4553</msg>
<status status="PASS" starttime="20240704 17:23:11.529" endtime="20240704 17:23:11.530"/>
</kw>
<status status="PASS" starttime="20240704 17:23:11.513" endtime="20240704 17:23:11.530"/>
</iter>
<iter>
<var name="${row}">11</var>
<kw name="Log" library="BuiltIn">
<arg>${row}</arg>
<doc>Logs the given message with the given level.</doc>
<msg timestamp="20240704 17:23:11.530" level="INFO">11</msg>
<status status="PASS" starttime="20240704 17:23:11.530" endtime="20240704 17:23:11.530"/>
</kw>
<kw name="Get Cell Value" library="Autosphere.Excel.Files">
<var>${account_number}</var>
<arg>${row}</arg>
<arg>A</arg>
<doc>Get a cell value in the given worksheet.</doc>
<msg timestamp="20240704 17:23:11.532" level="INFO">${account_number} = 745289534392</msg>
<status status="PASS" starttime="20240704 17:23:11.530" endtime="20240704 17:23:11.532"/>
</kw>
<kw name="Strip String" library="String">
<arg>${account_number}</arg>
<doc>Remove leading and/or trailing whitespaces from the given string.</doc>
<status status="PASS" starttime="20240704 17:23:11.533" endtime="20240704 17:23:11.534"/>
</kw>
<kw name="Get Length" library="BuiltIn">
<var>${length}</var>
<arg>${account_number}</arg>
<doc>Returns and logs the length of the given item as an integer.</doc>
<msg timestamp="20240704 17:23:11.535" level="INFO">Length is 12</msg>
<msg timestamp="20240704 17:23:11.535" level="INFO">${length} = 12</msg>
<status status="PASS" starttime="20240704 17:23:11.534" endtime="20240704 17:23:11.535"/>
</kw>
<kw name="Get Substring" library="String">
<var>${last_four_digit}</var>
<arg>${account_number}</arg>
<arg>${length-4}</arg>
<arg>${length}</arg>
<doc>Returns a substring from ``start`` index to ``end`` index.</doc>
<msg timestamp="20240704 17:23:11.537" level="INFO">${last_four_digit} = 4392</msg>
<status status="PASS" starttime="20240704 17:23:11.535" endtime="20240704 17:23:11.537"/>
</kw>
<kw name="Log" library="BuiltIn">
<arg>${last_four_digit}</arg>
<doc>Logs the given message with the given level.</doc>
<msg timestamp="20240704 17:23:11.537" level="INFO">4392</msg>
<status status="PASS" starttime="20240704 17:23:11.537" endtime="20240704 17:23:11.538"/>
</kw>
<status status="PASS" starttime="20240704 17:23:11.530" endtime="20240704 17:23:11.538"/>
</iter>
<iter>
<var name="${row}">12</var>
<kw name="Log" library="BuiltIn">
<arg>${row}</arg>
<doc>Logs the given message with the given level.</doc>
<msg timestamp="20240704 17:23:11.538" level="INFO">12</msg>
<status status="PASS" starttime="20240704 17:23:11.538" endtime="20240704 17:23:11.538"/>
</kw>
<kw name="Get Cell Value" library="Autosphere.Excel.Files">
<var>${account_number}</var>
<arg>${row}</arg>
<arg>A</arg>
<doc>Get a cell value in the given worksheet.</doc>
<msg timestamp="20240704 17:23:11.539" level="INFO">${account_number} = 741475081545</msg>
<status status="PASS" starttime="20240704 17:23:11.538" endtime="20240704 17:23:11.539"/>
</kw>
<kw name="Strip String" library="String">
<arg>${account_number}</arg>
<doc>Remove leading and/or trailing whitespaces from the given string.</doc>
<status status="PASS" starttime="20240704 17:23:11.539" endtime="20240704 17:23:11.539"/>
</kw>
<kw name="Get Length" library="BuiltIn">
<var>${length}</var>
<arg>${account_number}</arg>
<doc>Returns and logs the length of the given item as an integer.</doc>
<msg timestamp="20240704 17:23:11.540" level="INFO">Length is 12</msg>
<msg timestamp="20240704 17:23:11.540" level="INFO">${length} = 12</msg>
<status status="PASS" starttime="20240704 17:23:11.539" endtime="20240704 17:23:11.540"/>
</kw>
<kw name="Get Substring" library="String">
<var>${last_four_digit}</var>
<arg>${account_number}</arg>
<arg>${length-4}</arg>
<arg>${length}</arg>
<doc>Returns a substring from ``start`` index to ``end`` index.</doc>
<msg timestamp="20240704 17:23:11.541" level="INFO">${last_four_digit} = 1545</msg>
<status status="PASS" starttime="20240704 17:23:11.540" endtime="20240704 17:23:11.541"/>
</kw>
<kw name="Log" library="BuiltIn">
<arg>${last_four_digit}</arg>
<doc>Logs the given message with the given level.</doc>
<msg timestamp="20240704 17:23:11.542" level="INFO">1545</msg>
<status status="PASS" starttime="20240704 17:23:11.541" endtime="20240704 17:23:11.543"/>
</kw>
<status status="PASS" starttime="20240704 17:23:11.538" endtime="20240704 17:23:11.543"/>
</iter>
<iter>
<var name="${row}">13</var>
<kw name="Log" library="BuiltIn">
<arg>${row}</arg>
<doc>Logs the given message with the given level.</doc>
<msg timestamp="20240704 17:23:11.543" level="INFO">13</msg>
<status status="PASS" starttime="20240704 17:23:11.543" endtime="20240704 17:23:11.543"/>
</kw>
<kw name="Get Cell Value" library="Autosphere.Excel.Files">
<var>${account_number}</var>
<arg>${row}</arg>
<arg>A</arg>
<doc>Get a cell value in the given worksheet.</doc>
<msg timestamp="20240704 17:23:11.543" level="INFO">${account_number} = 735696573431</msg>
<status status="PASS" starttime="20240704 17:23:11.543" endtime="20240704 17:23:11.543"/>
</kw>
<kw name="Strip String" library="String">
<arg>${account_number}</arg>
<doc>Remove leading and/or trailing whitespaces from the given string.</doc>
<status status="PASS" starttime="20240704 17:23:11.543" endtime="20240704 17:23:11.543"/>
</kw>
<kw name="Get Length" library="BuiltIn">
<var>${length}</var>
<arg>${account_number}</arg>
<doc>Returns and logs the length of the given item as an integer.</doc>
<msg timestamp="20240704 17:23:11.543" level="INFO">Length is 12</msg>
<msg timestamp="20240704 17:23:11.543" level="INFO">${length} = 12</msg>
<status status="PASS" starttime="20240704 17:23:11.543" endtime="20240704 17:23:11.543"/>
</kw>
<kw name="Get Substring" library="String">
<var>${last_four_digit}</var>
<arg>${account_number}</arg>
<arg>${length-4}</arg>
<arg>${length}</arg>
<doc>Returns a substring from ``start`` index to ``end`` index.</doc>
<msg timestamp="20240704 17:23:11.543" level="INFO">${last_four_digit} = 3431</msg>
<status status="PASS" starttime="20240704 17:23:11.543" endtime="20240704 17:23:11.543"/>
</kw>
<kw name="Log" library="BuiltIn">
<arg>${last_four_digit}</arg>
<doc>Logs the given message with the given level.</doc>
<msg timestamp="20240704 17:23:11.543" level="INFO">3431</msg>
<status status="PASS" starttime="20240704 17:23:11.543" endtime="20240704 17:23:11.543"/>
</kw>
<status status="PASS" starttime="20240704 17:23:11.543" endtime="20240704 17:23:11.543"/>
</iter>
<iter>
<var name="${row}">14</var>
<kw name="Log" library="BuiltIn">
<arg>${row}</arg>
<doc>Logs the given message with the given level.</doc>
<msg timestamp="20240704 17:23:11.543" level="INFO">14</msg>
<status status="PASS" starttime="20240704 17:23:11.543" endtime="20240704 17:23:11.543"/>
</kw>
<kw name="Get Cell Value" library="Autosphere.Excel.Files">
<var>${account_number}</var>
<arg>${row}</arg>
<arg>A</arg>
<doc>Get a cell value in the given worksheet.</doc>
<msg timestamp="20240704 17:23:11.543" level="INFO">${account_number} = 731015732854</msg>
<status status="PASS" starttime="20240704 17:23:11.543" endtime="20240704 17:23:11.543"/>
</kw>
<kw name="Strip String" library="String">
<arg>${account_number}</arg>
<doc>Remove leading and/or trailing whitespaces from the given string.</doc>
<status status="PASS" starttime="20240704 17:23:11.543" endtime="20240704 17:23:11.543"/>
</kw>
<kw name="Get Length" library="BuiltIn">
<var>${length}</var>
<arg>${account_number}</arg>
<doc>Returns and logs the length of the given item as an integer.</doc>
<msg timestamp="20240704 17:23:11.543" level="INFO">Length is 12</msg>
<msg timestamp="20240704 17:23:11.543" level="INFO">${length} = 12</msg>
<status status="PASS" starttime="20240704 17:23:11.543" endtime="20240704 17:23:11.543"/>
</kw>
<kw name="Get Substring" library="String">
<var>${last_four_digit}</var>
<arg>${account_number}</arg>
<arg>${length-4}</arg>
<arg>${length}</arg>
<doc>Returns a substring from ``start`` index to ``end`` index.</doc>
<msg timestamp="20240704 17:23:11.543" level="INFO">${last_four_digit} = 2854</msg>
<status status="PASS" starttime="20240704 17:23:11.543" endtime="20240704 17:23:11.543"/>
</kw>
<kw name="Log" library="BuiltIn">
<arg>${last_four_digit}</arg>
<doc>Logs the given message with the given level.</doc>
<msg timestamp="20240704 17:23:11.543" level="INFO">2854</msg>
<status status="PASS" starttime="20240704 17:23:11.543" endtime="20240704 17:23:11.543"/>
</kw>
<status status="PASS" starttime="20240704 17:23:11.543" endtime="20240704 17:23:11.543"/>
</iter>
<iter>
<var name="${row}">15</var>
<kw name="Log" library="BuiltIn">
<arg>${row}</arg>
<doc>Logs the given message with the given level.</doc>
<msg timestamp="20240704 17:23:11.543" level="INFO">15</msg>
<status status="PASS" starttime="20240704 17:23:11.543" endtime="20240704 17:23:11.543"/>
</kw>
<kw name="Get Cell Value" library="Autosphere.Excel.Files">
<var>${account_number}</var>
<arg>${row}</arg>
<arg>A</arg>
<doc>Get a cell value in the given worksheet.</doc>
<msg timestamp="20240704 17:23:11.543" level="INFO">${account_number} = 725635678261</msg>
<status status="PASS" starttime="20240704 17:23:11.543" endtime="20240704 17:23:11.543"/>
</kw>
<kw name="Strip String" library="String">
<arg>${account_number}</arg>
<doc>Remove leading and/or trailing whitespaces from the given string.</doc>
<status status="PASS" starttime="20240704 17:23:11.543" endtime="20240704 17:23:11.543"/>
</kw>
<kw name="Get Length" library="BuiltIn">
<var>${length}</var>
<arg>${account_number}</arg>
<doc>Returns and logs the length of the given item as an integer.</doc>
<msg timestamp="20240704 17:23:11.543" level="INFO">Length is 12</msg>
<msg timestamp="20240704 17:23:11.543" level="INFO">${length} = 12</msg>
<status status="PASS" starttime="20240704 17:23:11.543" endtime="20240704 17:23:11.543"/>
</kw>
<kw name="Get Substring" library="String">
<var>${last_four_digit}</var>
<arg>${account_number}</arg>
<arg>${length-4}</arg>
<arg>${length}</arg>
<doc>Returns a substring from ``start`` index to ``end`` index.</doc>
<msg timestamp="20240704 17:23:11.543" level="INFO">${last_four_digit} = 8261</msg>
<status status="PASS" starttime="20240704 17:23:11.543" endtime="20240704 17:23:11.543"/>
</kw>
<kw name="Log" library="BuiltIn">
<arg>${last_four_digit}</arg>
<doc>Logs the given message with the given level.</doc>
<msg timestamp="20240704 17:23:11.543" level="INFO">8261</msg>
<status status="PASS" starttime="20240704 17:23:11.543" endtime="20240704 17:23:11.543"/>
</kw>
<status status="PASS" starttime="20240704 17:23:11.543" endtime="20240704 17:23:11.543"/>
</iter>
<iter>
<var name="${row}">16</var>
<kw name="Log" library="BuiltIn">
<arg>${row}</arg>
<doc>Logs the given message with the given level.</doc>
<msg timestamp="20240704 17:23:11.543" level="INFO">16</msg>
<status status="PASS" starttime="20240704 17:23:11.543" endtime="20240704 17:23:11.543"/>
</kw>
<kw name="Get Cell Value" library="Autosphere.Excel.Files">
<var>${account_number}</var>
<arg>${row}</arg>
<arg>A</arg>
<doc>Get a cell value in the given worksheet.</doc>
<msg timestamp="20240704 17:23:11.559" level="INFO">${account_number} = 723684516294</msg>
<status status="PASS" starttime="20240704 17:23:11.559" endtime="20240704 17:23:11.559"/>
</kw>
<kw name="Strip String" library="String">
<arg>${account_number}</arg>
<doc>Remove leading and/or trailing whitespaces from the given string.</doc>
<status status="PASS" starttime="20240704 17:23:11.560" endtime="20240704 17:23:11.560"/>
</kw>
<kw name="Get Length" library="BuiltIn">
<var>${length}</var>
<arg>${account_number}</arg>
<doc>Returns and logs the length of the given item as an integer.</doc>
<msg timestamp="20240704 17:23:11.560" level="INFO">Length is 12</msg>
<msg timestamp="20240704 17:23:11.560" level="INFO">${length} = 12</msg>
<status status="PASS" starttime="20240704 17:23:11.560" endtime="20240704 17:23:11.560"/>
</kw>
<kw name="Get Substring" library="String">
<var>${last_four_digit}</var>
<arg>${account_number}</arg>
<arg>${length-4}</arg>
<arg>${length}</arg>
<doc>Returns a substring from ``start`` index to ``end`` index.</doc>
<msg timestamp="20240704 17:23:11.560" level="INFO">${last_four_digit} = 6294</msg>
<status status="PASS" starttime="20240704 17:23:11.560" endtime="20240704 17:23:11.560"/>
</kw>
<kw name="Log" library="BuiltIn">
<arg>${last_four_digit}</arg>
<doc>Logs the given message with the given level.</doc>
<msg timestamp="20240704 17:23:11.560" level="INFO">6294</msg>
<status status="PASS" starttime="20240704 17:23:11.560" endtime="20240704 17:23:11.560"/>
</kw>
<status status="PASS" starttime="20240704 17:23:11.543" endtime="20240704 17:23:11.560"/>
</iter>
<iter>
<var name="${row}">17</var>
<kw name="Log" library="BuiltIn">
<arg>${row}</arg>
<doc>Logs the given message with the given level.</doc>
<msg timestamp="20240704 17:23:11.560" level="INFO">17</msg>
<status status="PASS" starttime="20240704 17:23:11.560" endtime="20240704 17:23:11.560"/>
</kw>
<kw name="Get Cell Value" library="Autosphere.Excel.Files">
<var>${account_number}</var>
<arg>${row}</arg>
<arg>A</arg>
<doc>Get a cell value in the given worksheet.</doc>
<msg timestamp="20240704 17:23:11.560" level="INFO">${account_number} = 718492395376</msg>
<status status="PASS" starttime="20240704 17:23:11.560" endtime="20240704 17:23:11.560"/>
</kw>
<kw name="Strip String" library="String">
<arg>${account_number}</arg>
<doc>Remove leading and/or trailing whitespaces from the given string.</doc>
<status status="PASS" starttime="20240704 17:23:11.560" endtime="20240704 17:23:11.560"/>
</kw>
<kw name="Get Length" library="BuiltIn">
<var>${length}</var>
<arg>${account_number}</arg>
<doc>Returns and logs the length of the given item as an integer.</doc>
<msg timestamp="20240704 17:23:11.560" level="INFO">Length is 12</msg>
<msg timestamp="20240704 17:23:11.560" level="INFO">${length} = 12</msg>
<status status="PASS" starttime="20240704 17:23:11.560" endtime="20240704 17:23:11.560"/>
</kw>
<kw name="Get Substring" library="String">
<var>${last_four_digit}</var>
<arg>${account_number}</arg>
<arg>${length-4}</arg>
<arg>${length}</arg>
<doc>Returns a substring from ``start`` index to ``end`` index.</doc>
<msg timestamp="20240704 17:23:11.560" level="INFO">${last_four_digit} = 5376</msg>
<status status="PASS" starttime="20240704 17:23:11.560" endtime="20240704 17:23:11.560"/>
</kw>
<kw name="Log" library="BuiltIn">
<arg>${last_four_digit}</arg>
<doc>Logs the given message with the given level.</doc>
<msg timestamp="20240704 17:23:11.560" level="INFO">5376</msg>
<status status="PASS" starttime="20240704 17:23:11.560" endtime="20240704 17:23:11.560"/>
</kw>
<status status="PASS" starttime="20240704 17:23:11.560" endtime="20240704 17:23:11.560"/>
</iter>
<iter>
<var name="${row}">18</var>
<kw name="Log" library="BuiltIn">
<arg>${row}</arg>
<doc>Logs the given message with the given level.</doc>
<msg timestamp="20240704 17:23:11.560" level="INFO">18</msg>
<status status="PASS" starttime="20240704 17:23:11.560" endtime="20240704 17:23:11.560"/>
</kw>
<kw name="Get Cell Value" library="Autosphere.Excel.Files">
<var>${account_number}</var>
<arg>${row}</arg>
<arg>A</arg>
<doc>Get a cell value in the given worksheet.</doc>
<msg timestamp="20240704 17:23:11.560" level="INFO">${account_number} = 684236879353</msg>
<status status="PASS" starttime="20240704 17:23:11.560" endtime="20240704 17:23:11.560"/>
</kw>
<kw name="Strip String" library="String">
<arg>${account_number}</arg>
<doc>Remove leading and/or trailing whitespaces from the given string.</doc>
<status status="PASS" starttime="20240704 17:23:11.560" endtime="20240704 17:23:11.560"/>
</kw>
<kw name="Get Length" library="BuiltIn">
<var>${length}</var>
<arg>${account_number}</arg>
<doc>Returns and logs the length of the given item as an integer.</doc>
<msg timestamp="20240704 17:23:11.560" level="INFO">Length is 12</msg>
<msg timestamp="20240704 17:23:11.560" level="INFO">${length} = 12</msg>
<status status="PASS" starttime="20240704 17:23:11.560" endtime="20240704 17:23:11.560"/>
</kw>
<kw name="Get Substring" library="String">
<var>${last_four_digit}</var>
<arg>${account_number}</arg>
<arg>${length-4}</arg>
<arg>${length}</arg>
<doc>Returns a substring from ``start`` index to ``end`` index.</doc>
<msg timestamp="20240704 17:23:11.560" level="INFO">${last_four_digit} = 9353</msg>
<status status="PASS" starttime="20240704 17:23:11.560" endtime="20240704 17:23:11.560"/>
</kw>
<kw name="Log" library="BuiltIn">
<arg>${last_four_digit}</arg>
<doc>Logs the given message with the given level.</doc>
<msg timestamp="20240704 17:23:11.560" level="INFO">9353</msg>
<status status="PASS" starttime="20240704 17:23:11.560" endtime="20240704 17:23:11.560"/>
</kw>
<status status="PASS" starttime="20240704 17:23:11.560" endtime="20240704 17:23:11.560"/>
</iter>
<iter>
<var name="${row}">19</var>
<kw name="Log" library="BuiltIn">
<arg>${row}</arg>
<doc>Logs the given message with the given level.</doc>
<msg timestamp="20240704 17:23:11.560" level="INFO">19</msg>
<status status="PASS" starttime="20240704 17:23:11.560" endtime="20240704 17:23:11.560"/>
</kw>
<kw name="Get Cell Value" library="Autosphere.Excel.Files">
<var>${account_number}</var>
<arg>${row}</arg>
<arg>A</arg>
<doc>Get a cell value in the given worksheet.</doc>
<msg timestamp="20240704 17:23:11.560" level="INFO">${account_number} = 673248549524</msg>
<status status="PASS" starttime="20240704 17:23:11.560" endtime="20240704 17:23:11.560"/>
</kw>
<kw name="Strip String" library="String">
<arg>${account_number}</arg>
<doc>Remove leading and/or trailing whitespaces from the given string.</doc>
<status status="PASS" starttime="20240704 17:23:11.560" endtime="20240704 17:23:11.560"/>
</kw>
<kw name="Get Length" library="BuiltIn">
<var>${length}</var>
<arg>${account_number}</arg>
<doc>Returns and logs the length of the given item as an integer.</doc>
<msg timestamp="20240704 17:23:11.560" level="INFO">Length is 12</msg>
<msg timestamp="20240704 17:23:11.560" level="INFO">${length} = 12</msg>
<status status="PASS" starttime="20240704 17:23:11.560" endtime="20240704 17:23:11.560"/>
</kw>
<kw name="Get Substring" library="String">
<var>${last_four_digit}</var>
<arg>${account_number}</arg>
<arg>${length-4}</arg>
<arg>${length}</arg>
<doc>Returns a substring from ``start`` index to ``end`` index.</doc>
<msg timestamp="20240704 17:23:11.560" level="INFO">${last_four_digit} = 9524</msg>
<status status="PASS" starttime="20240704 17:23:11.560" endtime="20240704 17:23:11.560"/>
</kw>
<kw name="Log" library="BuiltIn">
<arg>${last_four_digit}</arg>
<doc>Logs the given message with the given level.</doc>
<msg timestamp="20240704 17:23:11.575" level="INFO">9524</msg>
<status status="PASS" starttime="20240704 17:23:11.560" endtime="20240704 17:23:11.575"/>
</kw>
<status status="PASS" starttime="20240704 17:23:11.560" endtime="20240704 17:23:11.575"/>
</iter>
<iter>
<var name="${row}">20</var>
<kw name="Log" library="BuiltIn">
<arg>${row}</arg>
<doc>Logs the given message with the given level.</doc>
<msg timestamp="20240704 17:23:11.575" level="INFO">20</msg>
<status status="PASS" starttime="20240704 17:23:11.575" endtime="20240704 17:23:11.576"/>
</kw>
<kw name="Get Cell Value" library="Autosphere.Excel.Files">
<var>${account_number}</var>
<arg>${row}</arg>
<arg>A</arg>
<doc>Get a cell value in the given worksheet.</doc>
<msg timestamp="20240704 17:23:11.576" level="INFO">${account_number} = 653249765114</msg>
<status status="PASS" starttime="20240704 17:23:11.576" endtime="20240704 17:23:11.576"/>
</kw>
<kw name="Strip String" library="String">
<arg>${account_number}</arg>
<doc>Remove leading and/or trailing whitespaces from the given string.</doc>
<status status="PASS" starttime="20240704 17:23:11.576" endtime="20240704 17:23:11.576"/>
</kw>
<kw name="Get Length" library="BuiltIn">
<var>${length}</var>
<arg>${account_number}</arg>
<doc>Returns and logs the length of the given item as an integer.</doc>
<msg timestamp="20240704 17:23:11.577" level="INFO">Length is 12</msg>
<msg timestamp="20240704 17:23:11.577" level="INFO">${length} = 12</msg>
<status status="PASS" starttime="20240704 17:23:11.576" endtime="20240704 17:23:11.577"/>
</kw>
<kw name="Get Substring" library="String">
<var>${last_four_digit}</var>
<arg>${account_number}</arg>
<arg>${length-4}</arg>
<arg>${length}</arg>
<doc>Returns a substring from ``start`` index to ``end`` index.</doc>
<msg timestamp="20240704 17:23:11.578" level="INFO">${last_four_digit} = 5114</msg>
<status status="PASS" starttime="20240704 17:23:11.577" endtime="20240704 17:23:11.578"/>
</kw>
<kw name="Log" library="BuiltIn">
<arg>${last_four_digit}</arg>
<doc>Logs the given message with the given level.</doc>
<msg timestamp="20240704 17:23:11.579" level="INFO">5114</msg>
<status status="PASS" starttime="20240704 17:23:11.578" endtime="20240704 17:23:11.579"/>
</kw>
<status status="PASS" starttime="20240704 17:23:11.575" endtime="20240704 17:23:11.579"/>
</iter>
<iter>
<var name="${row}">21</var>
<kw name="Log" library="BuiltIn">
<arg>${row}</arg>
<doc>Logs the given message with the given level.</doc>
<msg timestamp="20240704 17:23:11.580" level="INFO">21</msg>
<status status="PASS" starttime="20240704 17:23:11.579" endtime="20240704 17:23:11.581"/>
</kw>
<kw name="Get Cell Value" library="Autosphere.Excel.Files">
<var>${account_number}</var>
<arg>${row}</arg>
<arg>A</arg>
<doc>Get a cell value in the given worksheet.</doc>
<msg timestamp="20240704 17:23:11.581" level="INFO">${account_number} = 642744218723</msg>
<status status="PASS" starttime="20240704 17:23:11.581" endtime="20240704 17:23:11.582"/>
</kw>
<kw name="Strip String" library="String">
<arg>${account_number}</arg>
<doc>Remove leading and/or trailing whitespaces from the given string.</doc>
<status status="PASS" starttime="20240704 17:23:11.582" endtime="20240704 17:23:11.582"/>
</kw>
<kw name="Get Length" library="BuiltIn">
<var>${length}</var>
<arg>${account_number}</arg>
<doc>Returns and logs the length of the given item as an integer.</doc>
<msg timestamp="20240704 17:23:11.582" level="INFO">Length is 12</msg>
<msg timestamp="20240704 17:23:11.582" level="INFO">${length} = 12</msg>
<status status="PASS" starttime="20240704 17:23:11.582" endtime="20240704 17:23:11.582"/>
</kw>
<kw name="Get Substring" library="String">
<var>${last_four_digit}</var>
<arg>${account_number}</arg>
<arg>${length-4}</arg>
<arg>${length}</arg>
<doc>Returns a substring from ``start`` index to ``end`` index.</doc>
<msg timestamp="20240704 17:23:11.583" level="INFO">${last_four_digit} = 8723</msg>
<status status="PASS" starttime="20240704 17:23:11.582" endtime="20240704 17:23:11.583"/>
</kw>
<kw name="Log" library="BuiltIn">
<arg>${last_four_digit}</arg>
<doc>Logs the given message with the given level.</doc>
<msg timestamp="20240704 17:23:11.584" level="INFO">8723</msg>
<status status="PASS" starttime="20240704 17:23:11.583" endtime="20240704 17:23:11.584"/>
</kw>
<status status="PASS" starttime="20240704 17:23:11.579" endtime="20240704 17:23:11.584"/>
</iter>
<iter>
<var name="${row}">22</var>
<kw name="Log" library="BuiltIn">
<arg>${row}</arg>
<doc>Logs the given message with the given level.</doc>
<msg timestamp="20240704 17:23:11.584" level="INFO">22</msg>
<status status="PASS" starttime="20240704 17:23:11.584" endtime="20240704 17:23:11.584"/>
</kw>
<kw name="Get Cell Value" library="Autosphere.Excel.Files">
<var>${account_number}</var>
<arg>${row}</arg>
<arg>A</arg>
<doc>Get a cell value in the given worksheet.</doc>
<msg timestamp="20240704 17:23:11.585" level="INFO">${account_number} = 638743563762</msg>
<status status="PASS" starttime="20240704 17:23:11.584" endtime="20240704 17:23:11.585"/>
</kw>
<kw name="Strip String" library="String">
<arg>${account_number}</arg>
<doc>Remove leading and/or trailing whitespaces from the given string.</doc>
<status status="PASS" starttime="20240704 17:23:11.585" endtime="20240704 17:23:11.585"/>
</kw>
<kw name="Get Length" library="BuiltIn">
<var>${length}</var>
<arg>${account_number}</arg>
<doc>Returns and logs the length of the given item as an integer.</doc>
<msg timestamp="20240704 17:23:11.585" level="INFO">Length is 12</msg>
<msg timestamp="20240704 17:23:11.585" level="INFO">${length} = 12</msg>
<status status="PASS" starttime="20240704 17:23:11.585" endtime="20240704 17:23:11.586"/>
</kw>
<kw name="Get Substring" library="String">
<var>${last_four_digit}</var>
<arg>${account_number}</arg>
<arg>${length-4}</arg>
<arg>${length}</arg>
<doc>Returns a substring from ``start`` index to ``end`` index.</doc>
<msg timestamp="20240704 17:23:11.586" level="INFO">${last_four_digit} = 3762</msg>
<status status="PASS" starttime="20240704 17:23:11.586" endtime="20240704 17:23:11.587"/>
</kw>
<kw name="Log" library="BuiltIn">
<arg>${last_four_digit}</arg>
<doc>Logs the given message with the given level.</doc>
<msg timestamp="20240704 17:23:11.587" level="INFO">3762</msg>
<status status="PASS" starttime="20240704 17:23:11.587" endtime="20240704 17:23:11.587"/>
</kw>
<status status="PASS" starttime="20240704 17:23:11.584" endtime="20240704 17:23:11.587"/>
</iter>
<iter>
<var name="${row}">23</var>
<kw name="Log" library="BuiltIn">
<arg>${row}</arg>
<doc>Logs the given message with the given level.</doc>
<msg timestamp="20240704 17:23:11.587" level="INFO">23</msg>
<status status="PASS" starttime="20240704 17:23:11.587" endtime="20240704 17:23:11.587"/>
</kw>
<kw name="Get Cell Value" library="Autosphere.Excel.Files">
<var>${account_number}</var>
<arg>${row}</arg>
<arg>A</arg>
<doc>Get a cell value in the given worksheet.</doc>
<msg timestamp="20240704 17:23:11.588" level="INFO">${account_number} = 637832912647</msg>
<status status="PASS" starttime="20240704 17:23:11.587" endtime="20240704 17:23:11.588"/>
</kw>
<kw name="Strip String" library="String">
<arg>${account_number}</arg>
<doc>Remove leading and/or trailing whitespaces from the given string.</doc>
<status status="PASS" starttime="20240704 17:23:11.588" endtime="20240704 17:23:11.588"/>
</kw>
<kw name="Get Length" library="BuiltIn">
<var>${length}</var>
<arg>${account_number}</arg>
<doc>Returns and logs the length of the given item as an integer.</doc>
<msg timestamp="20240704 17:23:11.589" level="INFO">Length is 12</msg>
<msg timestamp="20240704 17:23:11.589" level="INFO">${length} = 12</msg>
<status status="PASS" starttime="20240704 17:23:11.588" endtime="20240704 17:23:11.589"/>
</kw>
<kw name="Get Substring" library="String">
<var>${last_four_digit}</var>
<arg>${account_number}</arg>
<arg>${length-4}</arg>
<arg>${length}</arg>
<doc>Returns a substring from ``start`` index to ``end`` index.</doc>
<msg timestamp="20240704 17:23:11.590" level="INFO">${last_four_digit} = 2647</msg>
<status status="PASS" starttime="20240704 17:23:11.589" endtime="20240704 17:23:11.590"/>
</kw>
<kw name="Log" library="BuiltIn">
<arg>${last_four_digit}</arg>
<doc>Logs the given message with the given level.</doc>
<msg timestamp="20240704 17:23:11.590" level="INFO">2647</msg>
<status status="PASS" starttime="20240704 17:23:11.590" endtime="20240704 17:23:11.590"/>
</kw>
<status status="PASS" starttime="20240704 17:23:11.587" endtime="20240704 17:23:11.590"/>
</iter>
<iter>
<var name="${row}">24</var>
<kw name="Log" library="BuiltIn">
<arg>${row}</arg>
<doc>Logs the given message with the given level.</doc>
<msg timestamp="20240704 17:23:11.590" level="INFO">24</msg>
<status status="PASS" starttime="20240704 17:23:11.590" endtime="20240704 17:23:11.590"/>
</kw>
<kw name="Get Cell Value" library="Autosphere.Excel.Files">
<var>${account_number}</var>
<arg>${row}</arg>
<arg>A</arg>
<doc>Get a cell value in the given worksheet.</doc>
<msg timestamp="20240704 17:23:11.591" level="INFO">${account_number} = 627672554853</msg>
<status status="PASS" starttime="20240704 17:23:11.591" endtime="20240704 17:23:11.591"/>
</kw>
<kw name="Strip String" library="String">
<arg>${account_number}</arg>
<doc>Remove leading and/or trailing whitespaces from the given string.</doc>
<status status="PASS" starttime="20240704 17:23:11.591" endtime="20240704 17:23:11.591"/>
</kw>
<kw name="Get Length" library="BuiltIn">
<var>${length}</var>
<arg>${account_number}</arg>
<doc>Returns and logs the length of the given item as an integer.</doc>
<msg timestamp="20240704 17:23:11.592" level="INFO">Length is 12</msg>
<msg timestamp="20240704 17:23:11.592" level="INFO">${length} = 12</msg>
<status status="PASS" starttime="20240704 17:23:11.591" endtime="20240704 17:23:11.592"/>
</kw>
<kw name="Get Substring" library="String">
<var>${last_four_digit}</var>
<arg>${account_number}</arg>
<arg>${length-4}</arg>
<arg>${length}</arg>
<doc>Returns a substring from ``start`` index to ``end`` index.</doc>
<msg timestamp="20240704 17:23:11.594" level="INFO">${last_four_digit} = 4853</msg>
<status status="PASS" starttime="20240704 17:23:11.592" endtime="20240704 17:23:11.594"/>
</kw>
<kw name="Log" library="BuiltIn">
<arg>${last_four_digit}</arg>
<doc>Logs the given message with the given level.</doc>
<msg timestamp="20240704 17:23:11.595" level="INFO">4853</msg>
<status status="PASS" starttime="20240704 17:23:11.594" endtime="20240704 17:23:11.595"/>
</kw>
<status status="PASS" starttime="20240704 17:23:11.590" endtime="20240704 17:23:11.595"/>
</iter>
<iter>
<var name="${row}">25</var>
<kw name="Log" library="BuiltIn">
<arg>${row}</arg>
<doc>Logs the given message with the given level.</doc>
<msg timestamp="20240704 17:23:11.596" level="INFO">25</msg>
<status status="PASS" starttime="20240704 17:23:11.596" endtime="20240704 17:23:11.596"/>
</kw>
<kw name="Get Cell Value" library="Autosphere.Excel.Files">
<var>${account_number}</var>
<arg>${row}</arg>
<arg>A</arg>
<doc>Get a cell value in the given worksheet.</doc>
<msg timestamp="20240704 17:23:11.596" level="INFO">${account_number} = 612976021415</msg>
<status status="PASS" starttime="20240704 17:23:11.596" endtime="20240704 17:23:11.596"/>
</kw>
<kw name="Strip String" library="String">
<arg>${account_number}</arg>
<doc>Remove leading and/or trailing whitespaces from the given string.</doc>
<status status="PASS" starttime="20240704 17:23:11.596" endtime="20240704 17:23:11.596"/>
</kw>
<kw name="Get Length" library="BuiltIn">
<var>${length}</var>
<arg>${account_number}</arg>
<doc>Returns and logs the length of the given item as an integer.</doc>
<msg timestamp="20240704 17:23:11.596" level="INFO">Length is 12</msg>
<msg timestamp="20240704 17:23:11.596" level="INFO">${length} = 12</msg>
<status status="PASS" starttime="20240704 17:23:11.596" endtime="20240704 17:23:11.596"/>
</kw>
<kw name="Get Substring" library="String">
<var>${last_four_digit}</var>
<arg>${account_number}</arg>
<arg>${length-4}</arg>
<arg>${length}</arg>
<doc>Returns a substring from ``start`` index to ``end`` index.</doc>
<msg timestamp="20240704 17:23:11.602" level="INFO">${last_four_digit} = 1415</msg>
<status status="PASS" starttime="20240704 17:23:11.596" endtime="20240704 17:23:11.602"/>
</kw>
<kw name="Log" library="BuiltIn">
<arg>${last_four_digit}</arg>
<doc>Logs the given message with the given level.</doc>
<msg timestamp="20240704 17:23:11.602" level="INFO">1415</msg>
<status status="PASS" starttime="20240704 17:23:11.602" endtime="20240704 17:23:11.602"/>
</kw>
<status status="PASS" starttime="20240704 17:23:11.595" endtime="20240704 17:23:11.602"/>
</iter>
<iter>
<var name="${row}">26</var>
<kw name="Log" library="BuiltIn">
<arg>${row}</arg>
<doc>Logs the given message with the given level.</doc>
<msg timestamp="20240704 17:23:11.602" level="INFO">26</msg>
<status status="PASS" starttime="20240704 17:23:11.602" endtime="20240704 17:23:11.602"/>
</kw>
<kw name="Get Cell Value" library="Autosphere.Excel.Files">
<var>${account_number}</var>
<arg>${row}</arg>
<arg>A</arg>
<doc>Get a cell value in the given worksheet.</doc>
<msg timestamp="20240704 17:23:11.602" level="INFO">${account_number} = 591165419151</msg>
<status status="PASS" starttime="20240704 17:23:11.602" endtime="20240704 17:23:11.602"/>
</kw>
<kw name="Strip String" library="String">
<arg>${account_number}</arg>
<doc>Remove leading and/or trailing whitespaces from the given string.</doc>
<status status="PASS" starttime="20240704 17:23:11.602" endtime="20240704 17:23:11.602"/>
</kw>
<kw name="Get Length" library="BuiltIn">
<var>${length}</var>
<arg>${account_number}</arg>
<doc>Returns and logs the length of the given item as an integer.</doc>
<msg timestamp="20240704 17:23:11.602" level="INFO">Length is 12</msg>
<msg timestamp="20240704 17:23:11.602" level="INFO">${length} = 12</msg>
<status status="PASS" starttime="20240704 17:23:11.602" endtime="20240704 17:23:11.602"/>
</kw>
<kw name="Get Substring" library="String">
<var>${last_four_digit}</var>
<arg>${account_number}</arg>
<arg>${length-4}</arg>
<arg>${length}</arg>
<doc>Returns a substring from ``start`` index to ``end`` index.</doc>
<msg timestamp="20240704 17:23:11.602" level="INFO">${last_four_digit} = 9151</msg>
<status status="PASS" starttime="20240704 17:23:11.602" endtime="20240704 17:23:11.602"/>
</kw>
<kw name="Log" library="BuiltIn">
<arg>${last_four_digit}</arg>
<doc>Logs the given message with the given level.</doc>
<msg timestamp="20240704 17:23:11.602" level="INFO">9151</msg>
<status status="PASS" starttime="20240704 17:23:11.602" endtime="20240704 17:23:11.602"/>
</kw>
<status status="PASS" starttime="20240704 17:23:11.602" endtime="20240704 17:23:11.602"/>
</iter>
<iter>
<var name="${row}">27</var>
<kw name="Log" library="BuiltIn">
<arg>${row}</arg>
<doc>Logs the given message with the given level.</doc>
<msg timestamp="20240704 17:23:11.602" level="INFO">27</msg>
<status status="PASS" starttime="20240704 17:23:11.602" endtime="20240704 17:23:11.602"/>
</kw>
<kw name="Get Cell Value" library="Autosphere.Excel.Files">
<var>${account_number}</var>
<arg>${row}</arg>
<arg>A</arg>
<doc>Get a cell value in the given worksheet.</doc>
<msg timestamp="20240704 17:23:11.602" level="INFO">${account_number} = 546413542715</msg>
<status status="PASS" starttime="20240704 17:23:11.602" endtime="20240704 17:23:11.602"/>
</kw>
<kw name="Strip String" library="String">
<arg>${account_number}</arg>
<doc>Remove leading and/or trailing whitespaces from the given string.</doc>
<status status="PASS" starttime="20240704 17:23:11.602" endtime="20240704 17:23:11.602"/>
</kw>
<kw name="Get Length" library="BuiltIn">
<var>${length}</var>
<arg>${account_number}</arg>
<doc>Returns and logs the length of the given item as an integer.</doc>
<msg timestamp="20240704 17:23:11.602" level="INFO">Length is 12</msg>
<msg timestamp="20240704 17:23:11.602" level="INFO">${length} = 12</msg>
<status status="PASS" starttime="20240704 17:23:11.602" endtime="20240704 17:23:11.602"/>
</kw>
<kw name="Get Substring" library="String">
<var>${last_four_digit}</var>
<arg>${account_number}</arg>
<arg>${length-4}</arg>
<arg>${length}</arg>
<doc>Returns a substring from ``start`` index to ``end`` index.</doc>
<msg timestamp="20240704 17:23:11.611" level="INFO">${last_four_digit} = 2715</msg>
<status status="PASS" starttime="20240704 17:23:11.602" endtime="20240704 17:23:11.611"/>
</kw>
<kw name="Log" library="BuiltIn">
<arg>${last_four_digit}</arg>
<doc>Logs the given message with the given level.</doc>
<msg timestamp="20240704 17:23:11.611" level="INFO">2715</msg>
<status status="PASS" starttime="20240704 17:23:11.611" endtime="20240704 17:23:11.611"/>
</kw>
<status status="PASS" starttime="20240704 17:23:11.602" endtime="20240704 17:23:11.611"/>
</iter>
<iter>
<var name="${row}">28</var>
<kw name="Log" library="BuiltIn">
<arg>${row}</arg>
<doc>Logs the given message with the given level.</doc>
<msg timestamp="20240704 17:23:11.612" level="INFO">28</msg>
<status status="PASS" starttime="20240704 17:23:11.612" endtime="20240704 17:23:11.612"/>
</kw>
<kw name="Get Cell Value" library="Autosphere.Excel.Files">
<var>${account_number}</var>
<arg>${row}</arg>
<arg>A</arg>
<doc>Get a cell value in the given worksheet.</doc>
<msg timestamp="20240704 17:23:11.613" level="INFO">${account_number} = 539134263671</msg>
<status status="PASS" starttime="20240704 17:23:11.612" endtime="20240704 17:23:11.613"/>
</kw>
<kw name="Strip String" library="String">
<arg>${account_number}</arg>
<doc>Remove leading and/or trailing whitespaces from the given string.</doc>
<status status="PASS" starttime="20240704 17:23:11.614" endtime="20240704 17:23:11.615"/>
</kw>
<kw name="Get Length" library="BuiltIn">
<var>${length}</var>
<arg>${account_number}</arg>
<doc>Returns and logs the length of the given item as an integer.</doc>
<msg timestamp="20240704 17:23:11.615" level="INFO">Length is 12</msg>
<msg timestamp="20240704 17:23:11.615" level="INFO">${length} = 12</msg>
<status status="PASS" starttime="20240704 17:23:11.615" endtime="20240704 17:23:11.615"/>
</kw>
<kw name="Get Substring" library="String">
<var>${last_four_digit}</var>
<arg>${account_number}</arg>
<arg>${length-4}</arg>
<arg>${length}</arg>
<doc>Returns a substring from ``start`` index to ``end`` index.</doc>
<msg timestamp="20240704 17:23:11.617" level="INFO">${last_four_digit} = 3671</msg>
<status status="PASS" starttime="20240704 17:23:11.615" endtime="20240704 17:23:11.617"/>
</kw>
<kw name="Log" library="BuiltIn">
<arg>${last_four_digit}</arg>
<doc>Logs the given message with the given level.</doc>
<msg timestamp="20240704 17:23:11.617" level="INFO">3671</msg>
<status status="PASS" starttime="20240704 17:23:11.617" endtime="20240704 17:23:11.617"/>
</kw>
<status status="PASS" starttime="20240704 17:23:11.612" endtime="20240704 17:23:11.617"/>
</iter>
<iter>
<var name="${row}">29</var>
<kw name="Log" library="BuiltIn">
<arg>${row}</arg>
<doc>Logs the given message with the given level.</doc>
<msg timestamp="20240704 17:23:11.618" level="INFO">29</msg>
<status status="PASS" starttime="20240704 17:23:11.617" endtime="20240704 17:23:11.618"/>
</kw>
<kw name="Get Cell Value" library="Autosphere.Excel.Files">
<var>${account_number}</var>
<arg>${row}</arg>
<arg>A</arg>
<doc>Get a cell value in the given worksheet.</doc>
<msg timestamp="20240704 17:23:11.618" level="INFO">${account_number} = 537783865633</msg>
<status status="PASS" starttime="20240704 17:23:11.618" endtime="20240704 17:23:11.618"/>
</kw>
<kw name="Strip String" library="String">
<arg>${account_number}</arg>
<doc>Remove leading and/or trailing whitespaces from the given string.</doc>
<status status="PASS" starttime="20240704 17:23:11.618" endtime="20240704 17:23:11.618"/>
</kw>
<kw name="Get Length" library="BuiltIn">
<var>${length}</var>
<arg>${account_number}</arg>
<doc>Returns and logs the length of the given item as an integer.</doc>
<msg timestamp="20240704 17:23:11.619" level="INFO">Length is 12</msg>
<msg timestamp="20240704 17:23:11.619" level="INFO">${length} = 12</msg>
<status status="PASS" starttime="20240704 17:23:11.619" endtime="20240704 17:23:11.619"/>
</kw>
<kw name="Get Substring" library="String">
<var>${last_four_digit}</var>
<arg>${account_number}</arg>
<arg>${length-4}</arg>
<arg>${length}</arg>
<doc>Returns a substring from ``start`` index to ``end`` index.</doc>
<msg timestamp="20240704 17:23:11.620" level="INFO">${last_four_digit} = 5633</msg>
<status status="PASS" starttime="20240704 17:23:11.619" endtime="20240704 17:23:11.620"/>
</kw>
<kw name="Log" library="BuiltIn">
<arg>${last_four_digit}</arg>
<doc>Logs the given message with the given level.</doc>
<msg timestamp="20240704 17:23:11.620" level="INFO">5633</msg>
<status status="PASS" starttime="20240704 17:23:11.620" endtime="20240704 17:23:11.620"/>
</kw>
<status status="PASS" starttime="20240704 17:23:11.617" endtime="20240704 17:23:11.620"/>
</iter>
<iter>
<var name="${row}">30</var>
<kw name="Log" library="BuiltIn">
<arg>${row}</arg>
<doc>Logs the given message with the given level.</doc>
<msg timestamp="20240704 17:23:11.621" level="INFO">30</msg>
<status status="PASS" starttime="20240704 17:23:11.621" endtime="20240704 17:23:11.621"/>
</kw>
<kw name="Get Cell Value" library="Autosphere.Excel.Files">
<var>${account_number}</var>
<arg>${row}</arg>
<arg>A</arg>
<doc>Get a cell value in the given worksheet.</doc>
<msg timestamp="20240704 17:23:11.621" level="INFO">${account_number} = 537298446527</msg>
<status status="PASS" starttime="20240704 17:23:11.621" endtime="20240704 17:23:11.621"/>
</kw>
<kw name="Strip String" library="String">
<arg>${account_number}</arg>
<doc>Remove leading and/or trailing whitespaces from the given string.</doc>
<status status="PASS" starttime="20240704 17:23:11.622" endtime="20240704 17:23:11.622"/>
</kw>
<kw name="Get Length" library="BuiltIn">
<var>${length}</var>
<arg>${account_number}</arg>
<doc>Returns and logs the length of the given item as an integer.</doc>
<msg timestamp="20240704 17:23:11.622" level="INFO">Length is 12</msg>
<msg timestamp="20240704 17:23:11.622" level="INFO">${length} = 12</msg>
<status status="PASS" starttime="20240704 17:23:11.622" endtime="20240704 17:23:11.622"/>
</kw>
<kw name="Get Substring" library="String">
<var>${last_four_digit}</var>
<arg>${account_number}</arg>
<arg>${length-4}</arg>
<arg>${length}</arg>
<doc>Returns a substring from ``start`` index to ``end`` index.</doc>
<msg timestamp="20240704 17:23:11.623" level="INFO">${last_four_digit} = 6527</msg>
<status status="PASS" starttime="20240704 17:23:11.622" endtime="20240704 17:23:11.623"/>
</kw>
<kw name="Log" library="BuiltIn">
<arg>${last_four_digit}</arg>
<doc>Logs the given message with the given level.</doc>
<msg timestamp="20240704 17:23:11.624" level="INFO">6527</msg>
<status status="PASS" starttime="20240704 17:23:11.623" endtime="20240704 17:23:11.624"/>
</kw>
<status status="PASS" starttime="20240704 17:23:11.620" endtime="20240704 17:23:11.624"/>
</iter>
<iter>
<var name="${row}">31</var>
<kw name="Log" library="BuiltIn">
<arg>${row}</arg>
<doc>Logs the given message with the given level.</doc>
<msg timestamp="20240704 17:23:11.624" level="INFO">31</msg>
<status status="PASS" starttime="20240704 17:23:11.624" endtime="20240704 17:23:11.624"/>
</kw>
<kw name="Get Cell Value" library="Autosphere.Excel.Files">
<var>${account_number}</var>
<arg>${row}</arg>
<arg>A</arg>
<doc>Get a cell value in the given worksheet.</doc>
<msg timestamp="20240704 17:23:11.625" level="INFO">${account_number} = 536728992726</msg>
<status status="PASS" starttime="20240704 17:23:11.624" endtime="20240704 17:23:11.625"/>
</kw>
<kw name="Strip String" library="String">
<arg>${account_number}</arg>
<doc>Remove leading and/or trailing whitespaces from the given string.</doc>
<status status="PASS" starttime="20240704 17:23:11.625" endtime="20240704 17:23:11.626"/>
</kw>
<kw name="Get Length" library="BuiltIn">
<var>${length}</var>
<arg>${account_number}</arg>
<doc>Returns and logs the length of the given item as an integer.</doc>
<msg timestamp="20240704 17:23:11.626" level="INFO">Length is 12</msg>
<msg timestamp="20240704 17:23:11.627" level="INFO">${length} = 12</msg>
<status status="PASS" starttime="20240704 17:23:11.626" endtime="20240704 17:23:11.627"/>
</kw>
<kw name="Get Substring" library="String">
<var>${last_four_digit}</var>
<arg>${account_number}</arg>
<arg>${length-4}</arg>
<arg>${length}</arg>
<doc>Returns a substring from ``start`` index to ``end`` index.</doc>
<msg timestamp="20240704 17:23:11.628" level="INFO">${last_four_digit} = 2726</msg>
<status status="PASS" starttime="20240704 17:23:11.627" endtime="20240704 17:23:11.628"/>
</kw>
<kw name="Log" library="BuiltIn">
<arg>${last_four_digit}</arg>
<doc>Logs the given message with the given level.</doc>
<msg timestamp="20240704 17:23:11.628" level="INFO">2726</msg>
<status status="PASS" starttime="20240704 17:23:11.628" endtime="20240704 17:23:11.628"/>
</kw>
<status status="PASS" starttime="20240704 17:23:11.624" endtime="20240704 17:23:11.628"/>
</iter>
<iter>
<var name="${row}">32</var>
<kw name="Log" library="BuiltIn">
<arg>${row}</arg>
<doc>Logs the given message with the given level.</doc>
<msg timestamp="20240704 17:23:11.628" level="INFO">32</msg>
<status status="PASS" starttime="20240704 17:23:11.628" endtime="20240704 17:23:11.628"/>
</kw>
<kw name="Get Cell Value" library="Autosphere.Excel.Files">
<var>${account_number}</var>
<arg>${row}</arg>
<arg>A</arg>
<doc>Get a cell value in the given worksheet.</doc>
<msg timestamp="20240704 17:23:11.628" level="INFO">${account_number} = 536728745146</msg>
<status status="PASS" starttime="20240704 17:23:11.628" endtime="20240704 17:23:11.628"/>
</kw>
<kw name="Strip String" library="String">
<arg>${account_number}</arg>
<doc>Remove leading and/or trailing whitespaces from the given string.</doc>
<status status="PASS" starttime="20240704 17:23:11.628" endtime="20240704 17:23:11.628"/>
</kw>
<kw name="Get Length" library="BuiltIn">
<var>${length}</var>
<arg>${account_number}</arg>
<doc>Returns and logs the length of the given item as an integer.</doc>
<msg timestamp="20240704 17:23:11.628" level="INFO">Length is 12</msg>
<msg timestamp="20240704 17:23:11.628" level="INFO">${length} = 12</msg>
<status status="PASS" starttime="20240704 17:23:11.628" endtime="20240704 17:23:11.628"/>
</kw>
<kw name="Get Substring" library="String">
<var>${last_four_digit}</var>
<arg>${account_number}</arg>
<arg>${length-4}</arg>
<arg>${length}</arg>
<doc>Returns a substring from ``start`` index to ``end`` index.</doc>
<msg timestamp="20240704 17:23:11.628" level="INFO">${last_four_digit} = 5146</msg>
<status status="PASS" starttime="20240704 17:23:11.628" endtime="20240704 17:23:11.628"/>
</kw>
<kw name="Log" library="BuiltIn">
<arg>${last_four_digit}</arg>
<doc>Logs the given message with the given level.</doc>
<msg timestamp="20240704 17:23:11.628" level="INFO">5146</msg>
<status status="PASS" starttime="20240704 17:23:11.628" endtime="20240704 17:23:11.628"/>
</kw>
<status status="PASS" starttime="20240704 17:23:11.628" endtime="20240704 17:23:11.628"/>
</iter>
<iter>
<var name="${row}">33</var>
<kw name="Log" library="BuiltIn">
<arg>${row}</arg>
<doc>Logs the given message with the given level.</doc>
<msg timestamp="20240704 17:23:11.628" level="INFO">33</msg>
<status status="PASS" starttime="20240704 17:23:11.628" endtime="20240704 17:23:11.628"/>
</kw>
<kw name="Get Cell Value" library="Autosphere.Excel.Files">
<var>${account_number}</var>
<arg>${row}</arg>
<arg>A</arg>
<doc>Get a cell value in the given worksheet.</doc>
<msg timestamp="20240704 17:23:11.628" level="INFO">${account_number} = 534917541654</msg>
<status status="PASS" starttime="20240704 17:23:11.628" endtime="20240704 17:23:11.628"/>
</kw>
<kw name="Strip String" library="String">
<arg>${account_number}</arg>
<doc>Remove leading and/or trailing whitespaces from the given string.</doc>
<status status="PASS" starttime="20240704 17:23:11.628" endtime="20240704 17:23:11.628"/>
</kw>
<kw name="Get Length" library="BuiltIn">
<var>${length}</var>
<arg>${account_number}</arg>
<doc>Returns and logs the length of the given item as an integer.</doc>
<msg timestamp="20240704 17:23:11.628" level="INFO">Length is 12</msg>
<msg timestamp="20240704 17:23:11.628" level="INFO">${length} = 12</msg>
<status status="PASS" starttime="20240704 17:23:11.628" endtime="20240704 17:23:11.628"/>
</kw>
<kw name="Get Substring" library="String">
<var>${last_four_digit}</var>
<arg>${account_number}</arg>
<arg>${length-4}</arg>
<arg>${length}</arg>
<doc>Returns a substring from ``start`` index to ``end`` index.</doc>
<msg timestamp="20240704 17:23:11.628" level="INFO">${last_four_digit} = 1654</msg>
<status status="PASS" starttime="20240704 17:23:11.628" endtime="20240704 17:23:11.628"/>
</kw>
<kw name="Log" library="BuiltIn">
<arg>${last_four_digit}</arg>
<doc>Logs the given message with the given level.</doc>
<msg timestamp="20240704 17:23:11.628" level="INFO">1654</msg>
<status status="PASS" starttime="20240704 17:23:11.628" endtime="20240704 17:23:11.628"/>
</kw>
<status status="PASS" starttime="20240704 17:23:11.628" endtime="20240704 17:23:11.628"/>
</iter>
<iter>
<var name="${row}">34</var>
<kw name="Log" library="BuiltIn">
<arg>${row}</arg>
<doc>Logs the given message with the given level.</doc>
<msg timestamp="20240704 17:23:11.628" level="INFO">34</msg>
<status status="PASS" starttime="20240704 17:23:11.628" endtime="20240704 17:23:11.628"/>
</kw>
<kw name="Get Cell Value" library="Autosphere.Excel.Files">
<var>${account_number}</var>
<arg>${row}</arg>
<arg>A</arg>
<doc>Get a cell value in the given worksheet.</doc>
<msg timestamp="20240704 17:23:11.628" level="INFO">${account_number} = 534654260264</msg>
<status status="PASS" starttime="20240704 17:23:11.628" endtime="20240704 17:23:11.628"/>
</kw>
<kw name="Strip String" library="String">
<arg>${account_number}</arg>
<doc>Remove leading and/or trailing whitespaces from the given string.</doc>
<status status="PASS" starttime="20240704 17:23:11.628" endtime="20240704 17:23:11.628"/>
</kw>
<kw name="Get Length" library="BuiltIn">
<var>${length}</var>
<arg>${account_number}</arg>
<doc>Returns and logs the length of the given item as an integer.</doc>
<msg timestamp="20240704 17:23:11.628" level="INFO">Length is 12</msg>
<msg timestamp="20240704 17:23:11.628" level="INFO">${length} = 12</msg>
<status status="PASS" starttime="20240704 17:23:11.628" endtime="20240704 17:23:11.628"/>
</kw>
<kw name="Get Substring" library="String">
<var>${last_four_digit}</var>
<arg>${account_number}</arg>
<arg>${length-4}</arg>
<arg>${length}</arg>
<doc>Returns a substring from ``start`` index to ``end`` index.</doc>
<msg timestamp="20240704 17:23:11.628" level="INFO">${last_four_digit} = 0264</msg>
<status status="PASS" starttime="20240704 17:23:11.628" endtime="20240704 17:23:11.628"/>
</kw>
<kw name="Log" library="BuiltIn">
<arg>${last_four_digit}</arg>
<doc>Logs the given message with the given level.</doc>
<msg timestamp="20240704 17:23:11.628" level="INFO">0264</msg>
<status status="PASS" starttime="20240704 17:23:11.628" endtime="20240704 17:23:11.628"/>
</kw>
<status status="PASS" starttime="20240704 17:23:11.628" endtime="20240704 17:23:11.628"/>
</iter>
<iter>
<var name="${row}">35</var>
<kw name="Log" library="BuiltIn">
<arg>${row}</arg>
<doc>Logs the given message with the given level.</doc>
<msg timestamp="20240704 17:23:11.628" level="INFO">35</msg>
<status status="PASS" starttime="20240704 17:23:11.628" endtime="20240704 17:23:11.628"/>
</kw>
<kw name="Get Cell Value" library="Autosphere.Excel.Files">
<var>${account_number}</var>
<arg>${row}</arg>
<arg>A</arg>
<doc>Get a cell value in the given worksheet.</doc>
<msg timestamp="20240704 17:23:11.628" level="INFO">${account_number} = 532854145014</msg>
<status status="PASS" starttime="20240704 17:23:11.628" endtime="20240704 17:23:11.628"/>
</kw>
<kw name="Strip String" library="String">
<arg>${account_number}</arg>
<doc>Remove leading and/or trailing whitespaces from the given string.</doc>
<status status="PASS" starttime="20240704 17:23:11.628" endtime="20240704 17:23:11.628"/>
</kw>
<kw name="Get Length" library="BuiltIn">
<var>${length}</var>
<arg>${account_number}</arg>
<doc>Returns and logs the length of the given item as an integer.</doc>
<msg timestamp="20240704 17:23:11.628" level="INFO">Length is 12</msg>
<msg timestamp="20240704 17:23:11.643" level="INFO">${length} = 12</msg>
<status status="PASS" starttime="20240704 17:23:11.628" endtime="20240704 17:23:11.643"/>
</kw>
<kw name="Get Substring" library="String">
<var>${last_four_digit}</var>
<arg>${account_number}</arg>
<arg>${length-4}</arg>
<arg>${length}</arg>
<doc>Returns a substring from ``start`` index to ``end`` index.</doc>
<msg timestamp="20240704 17:23:11.644" level="INFO">${last_four_digit} = 5014</msg>
<status status="PASS" starttime="20240704 17:23:11.643" endtime="20240704 17:23:11.644"/>
</kw>
<kw name="Log" library="BuiltIn">
<arg>${last_four_digit}</arg>
<doc>Logs the given message with the given level.</doc>
<msg timestamp="20240704 17:23:11.645" level="INFO">5014</msg>
<status status="PASS" starttime="20240704 17:23:11.644" endtime="20240704 17:23:11.645"/>
</kw>
<status status="PASS" starttime="20240704 17:23:11.628" endtime="20240704 17:23:11.645"/>
</iter>
<iter>
<var name="${row}">36</var>
<kw name="Log" library="BuiltIn">
<arg>${row}</arg>
<doc>Logs the given message with the given level.</doc>
<msg timestamp="20240704 17:23:11.646" level="INFO">36</msg>
<status status="PASS" starttime="20240704 17:23:11.645" endtime="20240704 17:23:11.646"/>
</kw>
<kw name="Get Cell Value" library="Autosphere.Excel.Files">
<var>${account_number}</var>
<arg>${row}</arg>
<arg>A</arg>
<doc>Get a cell value in the given worksheet.</doc>
<msg timestamp="20240704 17:23:11.648" level="INFO">${account_number} = 532151148454</msg>
<status status="PASS" starttime="20240704 17:23:11.646" endtime="20240704 17:23:11.648"/>
</kw>
<kw name="Strip String" library="String">
<arg>${account_number}</arg>
<doc>Remove leading and/or trailing whitespaces from the given string.</doc>
<status status="PASS" starttime="20240704 17:23:11.648" endtime="20240704 17:23:11.648"/>
</kw>
<kw name="Get Length" library="BuiltIn">
<var>${length}</var>
<arg>${account_number}</arg>
<doc>Returns and logs the length of the given item as an integer.</doc>
<msg timestamp="20240704 17:23:11.649" level="INFO">Length is 12</msg>
<msg timestamp="20240704 17:23:11.649" level="INFO">${length} = 12</msg>
<status status="PASS" starttime="20240704 17:23:11.649" endtime="20240704 17:23:11.649"/>
</kw>
<kw name="Get Substring" library="String">
<var>${last_four_digit}</var>
<arg>${account_number}</arg>
<arg>${length-4}</arg>
<arg>${length}</arg>
<doc>Returns a substring from ``start`` index to ``end`` index.</doc>
<msg timestamp="20240704 17:23:11.650" level="INFO">${last_four_digit} = 8454</msg>
<status status="PASS" starttime="20240704 17:23:11.649" endtime="20240704 17:23:11.650"/>
</kw>
<kw name="Log" library="BuiltIn">
<arg>${last_four_digit}</arg>
<doc>Logs the given message with the given level.</doc>
<msg timestamp="20240704 17:23:11.650" level="INFO">8454</msg>
<status status="PASS" starttime="20240704 17:23:11.650" endtime="20240704 17:23:11.650"/>
</kw>
<status status="PASS" starttime="20240704 17:23:11.645" endtime="20240704 17:23:11.650"/>
</iter>
<iter>
<var name="${row}">37</var>
<kw name="Log" library="BuiltIn">
<arg>${row}</arg>
<doc>Logs the given message with the given level.</doc>
<msg timestamp="20240704 17:23:11.651" level="INFO">37</msg>
<status status="PASS" starttime="20240704 17:23:11.651" endtime="20240704 17:23:11.651"/>
</kw>
<kw name="Get Cell Value" library="Autosphere.Excel.Files">
<var>${account_number}</var>
<arg>${row}</arg>
<arg>A</arg>
<doc>Get a cell value in the given worksheet.</doc>
<msg timestamp="20240704 17:23:11.651" level="INFO">${account_number} = 527884558265</msg>
<status status="PASS" starttime="20240704 17:23:11.651" endtime="20240704 17:23:11.651"/>
</kw>
<kw name="Strip String" library="String">
<arg>${account_number}</arg>
<doc>Remove leading and/or trailing whitespaces from the given string.</doc>
<status status="PASS" starttime="20240704 17:23:11.651" endtime="20240704 17:23:11.652"/>
</kw>
<kw name="Get Length" library="BuiltIn">
<var>${length}</var>
<arg>${account_number}</arg>
<doc>Returns and logs the length of the given item as an integer.</doc>
<msg timestamp="20240704 17:23:11.652" level="INFO">Length is 12</msg>
<msg timestamp="20240704 17:23:11.652" level="INFO">${length} = 12</msg>
<status status="PASS" starttime="20240704 17:23:11.652" endtime="20240704 17:23:11.652"/>
</kw>
<kw name="Get Substring" library="String">
<var>${last_four_digit}</var>
[...]
</kw>
<status status="PASS" starttime="20240704 17:23:11.770" endtime="20240704 17:23:11.770"/>
</iter>
<iter>
<var name="${row}">70</var>
<kw name="Log" library="BuiltIn">
<arg>${row}</arg>
<doc>Logs the given message with the given level.</doc>
<msg timestamp="20240704 17:23:11.770" level="INFO">70</msg>
<status status="PASS" starttime="20240704 17:23:11.770" endtime="20240704 17:23:11.770"/>
</kw>
<kw name="Get Cell Value" library="Autosphere.Excel.Files">
<var>${account_number}</var>
<arg>${row}</arg>
<arg>A</arg>
<doc>Get a cell value in the given worksheet.</doc>
<msg timestamp="20240704 17:23:11.770" level="INFO">${account_number} = 213565765285</msg>
<status status="PASS" starttime="20240704 17:23:11.770" endtime="20240704 17:23:11.770"/>
</kw>
<kw name="Strip String" library="String">
<arg>${account_number}</arg>
<doc>Remove leading and/or trailing whitespaces from the given string.</doc>
<status status="PASS" starttime="20240704 17:23:11.770" endtime="20240704 17:23:11.770"/>
</kw>
<kw name="Get Length" library="BuiltIn">
<var>${length}</var>
<arg>${account_number}</arg>
<doc>Returns and logs the length of the given item as an integer.</doc>
<msg timestamp="20240704 17:23:11.770" level="INFO">Length is 12</msg>
<msg timestamp="20240704 17:23:11.770" level="INFO">${length} = 12</msg>
<status status="PASS" starttime="20240704 17:23:11.770" endtime="20240704 17:23:11.770"/>
</kw>
<kw name="Get Substring" library="String">
<var>${last_four_digit}</var>
<arg>${account_number}</arg>
<arg>${length-4}</arg>
<arg>${length}</arg>
<doc>Returns a substring from ``start`` index to ``end`` index.</doc>
<msg timestamp="20240704 17:23:11.770" level="INFO">${last_four_digit} = 5285</msg>
<status status="PASS" starttime="20240704 17:23:11.770" endtime="20240704 17:23:11.770"/>
</kw>
<kw name="Log" library="BuiltIn">
<arg>${last_four_digit}</arg>
<doc>Logs the given message with the given level.</doc>
<msg timestamp="20240704 17:23:11.770" level="INFO">5285</msg>
<status status="PASS" starttime="20240704 17:23:11.770" endtime="20240704 17:23:11.770"/>
</kw>
<status status="PASS" starttime="20240704 17:23:11.770" endtime="20240704 17:23:11.770"/>
</iter>
<iter>
<var name="${row}">71</var>
<kw name="Log" library="BuiltIn">
<arg>${row}</arg>
<doc>Logs the given message with the given level.</doc>
<msg timestamp="20240704 17:23:11.770" level="INFO">71</msg>
<status status="PASS" starttime="20240704 17:23:11.770" endtime="20240704 17:23:11.770"/>
</kw>
<kw name="Get Cell Value" library="Autosphere.Excel.Files">
<var>${account_number}</var>
<arg>${row}</arg>
<arg>A</arg>
<doc>Get a cell value in the given worksheet.</doc>
<msg timestamp="20240704 17:23:11.770" level="INFO">${account_number} = 212148294446</msg>
<status status="PASS" starttime="20240704 17:23:11.770" endtime="20240704 17:23:11.770"/>
</kw>
<kw name="Strip String" library="String">
<arg>${account_number}</arg>
<doc>Remove leading and/or trailing whitespaces from the given string.</doc>
<status status="PASS" starttime="20240704 17:23:11.770" endtime="20240704 17:23:11.770"/>
</kw>
<kw name="Get Length" library="BuiltIn">
<var>${length}</var>
<arg>${account_number}</arg>
<doc>Returns and logs the length of the given item as an integer.</doc>
<msg timestamp="20240704 17:23:11.770" level="INFO">Length is 12</msg>
<msg timestamp="20240704 17:23:11.770" level="INFO">${length} = 12</msg>
<status status="PASS" starttime="20240704 17:23:11.770" endtime="20240704 17:23:11.770"/>
</kw>
<kw name="Get Substring" library="String">
<var>${last_four_digit}</var>
<arg>${account_number}</arg>
<arg>${length-4}</arg>
<arg>${length}</arg>
<doc>Returns a substring from ``start`` index to ``end`` index.</doc>
<msg timestamp="20240704 17:23:11.770" level="INFO">${last_four_digit} = 4446</msg>
<status status="PASS" starttime="20240704 17:23:11.770" endtime="20240704 17:23:11.770"/>
</kw>
<kw name="Log" library="BuiltIn">
<arg>${last_four_digit}</arg>
<doc>Logs the given message with the given level.</doc>
<msg timestamp="20240704 17:23:11.770" level="INFO">4446</msg>
<status status="PASS" starttime="20240704 17:23:11.770" endtime="20240704 17:23:11.770"/>
</kw>
<status status="PASS" starttime="20240704 17:23:11.770" endtime="20240704 17:23:11.770"/>
</iter>
<iter>
<var name="${row}">72</var>
<kw name="Log" library="BuiltIn">
<arg>${row}</arg>
<doc>Logs the given message with the given level.</doc>
<msg timestamp="20240704 17:23:11.770" level="INFO">72</msg>
<status status="PASS" starttime="20240704 17:23:11.770" endtime="20240704 17:23:11.770"/>
</kw>
<kw name="Get Cell Value" library="Autosphere.Excel.Files">
<var>${account_number}</var>
<arg>${row}</arg>
<arg>A</arg>
<doc>Get a cell value in the given worksheet.</doc>
<msg timestamp="20240704 17:23:11.770" level="INFO">${account_number} = 157613613135</msg>
<status status="PASS" starttime="20240704 17:23:11.770" endtime="20240704 17:23:11.770"/>
</kw>
<kw name="Strip String" library="String">
<arg>${account_number}</arg>
<doc>Remove leading and/or trailing whitespaces from the given string.</doc>
<status status="PASS" starttime="20240704 17:23:11.770" endtime="20240704 17:23:11.770"/>
</kw>
<kw name="Get Length" library="BuiltIn">
<var>${length}</var>
<arg>${account_number}</arg>
<doc>Returns and logs the length of the given item as an integer.</doc>
<msg timestamp="20240704 17:23:11.770" level="INFO">Length is 12</msg>
<msg timestamp="20240704 17:23:11.770" level="INFO">${length} = 12</msg>
<status status="PASS" starttime="20240704 17:23:11.770" endtime="20240704 17:23:11.770"/>
</kw>
<kw name="Get Substring" library="String">
<var>${last_four_digit}</var>
<arg>${account_number}</arg>
<arg>${length-4}</arg>
<arg>${length}</arg>
<doc>Returns a substring from ``start`` index to ``end`` index.</doc>
<msg timestamp="20240704 17:23:11.770" level="INFO">${last_four_digit} = 3135</msg>
<status status="PASS" starttime="20240704 17:23:11.770" endtime="20240704 17:23:11.770"/>
</kw>
<kw name="Log" library="BuiltIn">
<arg>${last_four_digit}</arg>
<doc>Logs the given message with the given level.</doc>
<msg timestamp="20240704 17:23:11.770" level="INFO">3135</msg>
<status status="PASS" starttime="20240704 17:23:11.770" endtime="20240704 17:23:11.770"/>
</kw>
<status status="PASS" starttime="20240704 17:23:11.770" endtime="20240704 17:23:11.770"/>
</iter>
<iter>
<var name="${row}">73</var>
<kw name="Log" library="BuiltIn">
<arg>${row}</arg>
<doc>Logs the given message with the given level.</doc>
<msg timestamp="20240704 17:23:11.770" level="INFO">73</msg>
<status status="PASS" starttime="20240704 17:23:11.770" endtime="20240704 17:23:11.770"/>
</kw>
<kw name="Get Cell Value" library="Autosphere.Excel.Files">
<var>${account_number}</var>
<arg>${row}</arg>
<arg>A</arg>
<doc>Get a cell value in the given worksheet.</doc>
<msg timestamp="20240704 17:23:11.786" level="INFO">${account_number} = 147151671454</msg>
<status status="PASS" starttime="20240704 17:23:11.770" endtime="20240704 17:23:11.786"/>
</kw>
<kw name="Strip String" library="String">
<arg>${account_number}</arg>
<doc>Remove leading and/or trailing whitespaces from the given string.</doc>
<status status="PASS" starttime="20240704 17:23:11.786" endtime="20240704 17:23:11.786"/>
</kw>
<kw name="Get Length" library="BuiltIn">
<var>${length}</var>
<arg>${account_number}</arg>
<doc>Returns and logs the length of the given item as an integer.</doc>
<msg timestamp="20240704 17:23:11.786" level="INFO">Length is 12</msg>
<msg timestamp="20240704 17:23:11.786" level="INFO">${length} = 12</msg>
<status status="PASS" starttime="20240704 17:23:11.786" endtime="20240704 17:23:11.786"/>
</kw>
<kw name="Get Substring" library="String">
<var>${last_four_digit}</var>
<arg>${account_number}</arg>
<arg>${length-4}</arg>
<arg>${length}</arg>
<doc>Returns a substring from ``start`` index to ``end`` index.</doc>
<msg timestamp="20240704 17:23:11.786" level="INFO">${last_four_digit} = 1454</msg>
<status status="PASS" starttime="20240704 17:23:11.786" endtime="20240704 17:23:11.786"/>
</kw>
<kw name="Log" library="BuiltIn">
<arg>${last_four_digit}</arg>
<doc>Logs the given message with the given level.</doc>
<msg timestamp="20240704 17:23:11.786" level="INFO">1454</msg>
<status status="PASS" starttime="20240704 17:23:11.786" endtime="20240704 17:23:11.786"/>
</kw>
<status status="PASS" starttime="20240704 17:23:11.770" endtime="20240704 17:23:11.786"/>
</iter>
<iter>
<var name="${row}">74</var>
<kw name="Log" library="BuiltIn">
<arg>${row}</arg>
<doc>Logs the given message with the given level.</doc>
<msg timestamp="20240704 17:23:11.786" level="INFO">74</msg>
<status status="PASS" starttime="20240704 17:23:11.786" endtime="20240704 17:23:11.786"/>
</kw>
<kw name="Get Cell Value" library="Autosphere.Excel.Files">
<var>${account_number}</var>
<arg>${row}</arg>
<arg>A</arg>
<doc>Get a cell value in the given worksheet.</doc>
<msg timestamp="20240704 17:23:11.786" level="INFO">${account_number} = 135610116621</msg>
<status status="PASS" starttime="20240704 17:23:11.786" endtime="20240704 17:23:11.786"/>
</kw>
<kw name="Strip String" library="String">
<arg>${account_number}</arg>
<doc>Remove leading and/or trailing whitespaces from the given string.</doc>
<status status="PASS" starttime="20240704 17:23:11.786" endtime="20240704 17:23:11.786"/>
</kw>
<kw name="Get Length" library="BuiltIn">
<var>${length}</var>
<arg>${account_number}</arg>
<doc>Returns and logs the length of the given item as an integer.</doc>
<msg timestamp="20240704 17:23:11.786" level="INFO">Length is 12</msg>
<msg timestamp="20240704 17:23:11.786" level="INFO">${length} = 12</msg>
<status status="PASS" starttime="20240704 17:23:11.786" endtime="20240704 17:23:11.786"/>
</kw>
<kw name="Get Substring" library="String">
<var>${last_four_digit}</var>
<arg>${account_number}</arg>
<arg>${length-4}</arg>
<arg>${length}</arg>
<doc>Returns a substring from ``start`` index to ``end`` index.</doc>
<msg timestamp="20240704 17:23:11.786" level="INFO">${last_four_digit} = 6621</msg>
<status status="PASS" starttime="20240704 17:23:11.786" endtime="20240704 17:23:11.786"/>
</kw>
<kw name="Log" library="BuiltIn">
<arg>${last_four_digit}</arg>
<doc>Logs the given message with the given level.</doc>
<msg timestamp="20240704 17:23:11.786" level="INFO">6621</msg>
<status status="PASS" starttime="20240704 17:23:11.786" endtime="20240704 17:23:11.786"/>
</kw>
<status status="PASS" starttime="20240704 17:23:11.786" endtime="20240704 17:23:11.786"/>
</iter>
<iter>
<var name="${row}">75</var>
<kw name="Log" library="BuiltIn">
<arg>${row}</arg>
<doc>Logs the given message with the given level.</doc>
<msg timestamp="20240704 17:23:11.786" level="INFO">75</msg>
<status status="PASS" starttime="20240704 17:23:11.786" endtime="20240704 17:23:11.786"/>
</kw>
<kw name="Get Cell Value" library="Autosphere.Excel.Files">
<var>${account_number}</var>
<arg>${row}</arg>
<arg>A</arg>
<doc>Get a cell value in the given worksheet.</doc>
<msg timestamp="20240704 17:23:11.786" level="INFO">${account_number} = 128757804685</msg>
<status status="PASS" starttime="20240704 17:23:11.786" endtime="20240704 17:23:11.786"/>
</kw>
<kw name="Strip String" library="String">
<arg>${account_number}</arg>
<doc>Remove leading and/or trailing whitespaces from the given string.</doc>
<status status="PASS" starttime="20240704 17:23:11.786" endtime="20240704 17:23:11.786"/>
</kw>
<kw name="Get Length" library="BuiltIn">
<var>${length}</var>
<arg>${account_number}</arg>
<doc>Returns and logs the length of the given item as an integer.</doc>
<msg timestamp="20240704 17:23:11.786" level="INFO">Length is 12</msg>
<msg timestamp="20240704 17:23:11.786" level="INFO">${length} = 12</msg>
<status status="PASS" starttime="20240704 17:23:11.786" endtime="20240704 17:23:11.786"/>
</kw>
<kw name="Get Substring" library="String">
<var>${last_four_digit}</var>
<arg>${account_number}</arg>
<arg>${length-4}</arg>
<arg>${length}</arg>
<doc>Returns a substring from ``start`` index to ``end`` index.</doc>
<msg timestamp="20240704 17:23:11.786" level="INFO">${last_four_digit} = 4685</msg>
<status status="PASS" starttime="20240704 17:23:11.786" endtime="20240704 17:23:11.786"/>
</kw>
<kw name="Log" library="BuiltIn">
<arg>${last_four_digit}</arg>
<doc>Logs the given message with the given level.</doc>
<msg timestamp="20240704 17:23:11.786" level="INFO">4685</msg>
<status status="PASS" starttime="20240704 17:23:11.786" endtime="20240704 17:23:11.786"/>
</kw>
<status status="PASS" starttime="20240704 17:23:11.786" endtime="20240704 17:23:11.786"/>
</iter>
<iter>
<var name="${row}">76</var>
<kw name="Log" library="BuiltIn">
<arg>${row}</arg>
<doc>Logs the given message with the given level.</doc>
<msg timestamp="20240704 17:23:11.786" level="INFO">76</msg>
<status status="PASS" starttime="20240704 17:23:11.786" endtime="20240704 17:23:11.786"/>
</kw>
<kw name="Get Cell Value" library="Autosphere.Excel.Files">
<var>${account_number}</var>
<arg>${row}</arg>
<arg>A</arg>
<doc>Get a cell value in the given worksheet.</doc>
<msg timestamp="20240704 17:23:11.786" level="INFO">${account_number} = 123467782922</msg>
<status status="PASS" starttime="20240704 17:23:11.786" endtime="20240704 17:23:11.786"/>
</kw>
<kw name="Strip String" library="String">
<arg>${account_number}</arg>
<doc>Remove leading and/or trailing whitespaces from the given string.</doc>
<status status="PASS" starttime="20240704 17:23:11.786" endtime="20240704 17:23:11.786"/>
</kw>
<kw name="Get Length" library="BuiltIn">
<var>${length}</var>
<arg>${account_number}</arg>
<doc>Returns and logs the length of the given item as an integer.</doc>
<msg timestamp="20240704 17:23:11.786" level="INFO">Length is 12</msg>
<msg timestamp="20240704 17:23:11.786" level="INFO">${length} = 12</msg>
<status status="PASS" starttime="20240704 17:23:11.786" endtime="20240704 17:23:11.786"/>
</kw>
<kw name="Get Substring" library="String">
<var>${last_four_digit}</var>
<arg>${account_number}</arg>
<arg>${length-4}</arg>
<arg>${length}</arg>
<doc>Returns a substring from ``start`` index to ``end`` index.</doc>
<msg timestamp="20240704 17:23:11.786" level="INFO">${last_four_digit} = 2922</msg>
<status status="PASS" starttime="20240704 17:23:11.786" endtime="20240704 17:23:11.786"/>
</kw>
<kw name="Log" library="BuiltIn">
<arg>${last_four_digit}</arg>
<doc>Logs the given message with the given level.</doc>
<msg timestamp="20240704 17:23:11.786" level="INFO">2922</msg>
<status status="PASS" starttime="20240704 17:23:11.786" endtime="20240704 17:23:11.786"/>
</kw>
<status status="PASS" starttime="20240704 17:23:11.786" endtime="20240704 17:23:11.786"/>
</iter>
<iter>
<var name="${row}">77</var>
<kw name="Log" library="BuiltIn">
<arg>${row}</arg>
<doc>Logs the given message with the given level.</doc>
<msg timestamp="20240704 17:23:11.786" level="INFO">77</msg>
<status status="PASS" starttime="20240704 17:23:11.786" endtime="20240704 17:23:11.786"/>
</kw>
<kw name="Get Cell Value" library="Autosphere.Excel.Files">
<var>${account_number}</var>
<arg>${row}</arg>
<arg>A</arg>
<doc>Get a cell value in the given worksheet.</doc>
<msg timestamp="20240704 17:23:11.786" level="INFO">${account_number} = 121010561332</msg>
<status status="PASS" starttime="20240704 17:23:11.786" endtime="20240704 17:23:11.801"/>
</kw>
<kw name="Strip String" library="String">
<arg>${account_number}</arg>
<doc>Remove leading and/or trailing whitespaces from the given string.</doc>
<status status="PASS" starttime="20240704 17:23:11.801" endtime="20240704 17:23:11.801"/>
</kw>
<kw name="Get Length" library="BuiltIn">
<var>${length}</var>
<arg>${account_number}</arg>
<doc>Returns and logs the length of the given item as an integer.</doc>
<msg timestamp="20240704 17:23:11.802" level="INFO">Length is 12</msg>
<msg timestamp="20240704 17:23:11.802" level="INFO">${length} = 12</msg>
<status status="PASS" starttime="20240704 17:23:11.801" endtime="20240704 17:23:11.802"/>
</kw>
<kw name="Get Substring" library="String">
<var>${last_four_digit}</var>
<arg>${account_number}</arg>
<arg>${length-4}</arg>
<arg>${length}</arg>
<doc>Returns a substring from ``start`` index to ``end`` index.</doc>
<msg timestamp="20240704 17:23:11.802" level="INFO">${last_four_digit} = 1332</msg>
<status status="PASS" starttime="20240704 17:23:11.802" endtime="20240704 17:23:11.802"/>
</kw>
<kw name="Log" library="BuiltIn">
<arg>${last_four_digit}</arg>
<doc>Logs the given message with the given level.</doc>
<msg timestamp="20240704 17:23:11.802" level="INFO">1332</msg>
<status status="PASS" starttime="20240704 17:23:11.802" endtime="20240704 17:23:11.802"/>
</kw>
<status status="PASS" starttime="20240704 17:23:11.786" endtime="20240704 17:23:11.802"/>
</iter>
<iter>
<var name="${row}">78</var>
<kw name="Log" library="BuiltIn">
<arg>${row}</arg>
<doc>Logs the given message with the given level.</doc>
<msg timestamp="20240704 17:23:11.802" level="INFO">78</msg>
<status status="PASS" starttime="20240704 17:23:11.802" endtime="20240704 17:23:11.802"/>
</kw>
<kw name="Get Cell Value" library="Autosphere.Excel.Files">
<var>${account_number}</var>
<arg>${row}</arg>
<arg>A</arg>
<doc>Get a cell value in the given worksheet.</doc>
<msg timestamp="20240704 17:23:11.802" level="INFO">${account_number} = 101000829823</msg>
<status status="PASS" starttime="20240704 17:23:11.802" endtime="20240704 17:23:11.802"/>
</kw>
<kw name="Strip String" library="String">
<arg>${account_number}</arg>
<doc>Remove leading and/or trailing whitespaces from the given string.</doc>
<status status="PASS" starttime="20240704 17:23:11.802" endtime="20240704 17:23:11.802"/>
</kw>
<kw name="Get Length" library="BuiltIn">
<var>${length}</var>
<arg>${account_number}</arg>
<doc>Returns and logs the length of the given item as an integer.</doc>
<msg timestamp="20240704 17:23:11.802" level="INFO">Length is 12</msg>
<msg timestamp="20240704 17:23:11.802" level="INFO">${length} = 12</msg>
<status status="PASS" starttime="20240704 17:23:11.802" endtime="20240704 17:23:11.802"/>
</kw>
<kw name="Get Substring" library="String">
<var>${last_four_digit}</var>
<arg>${account_number}</arg>
<arg>${length-4}</arg>
<arg>${length}</arg>
<doc>Returns a substring from ``start`` index to ``end`` index.</doc>
<msg timestamp="20240704 17:23:11.802" level="INFO">${last_four_digit} = 9823</msg>
<status status="PASS" starttime="20240704 17:23:11.802" endtime="20240704 17:23:11.802"/>
</kw>
<kw name="Log" library="BuiltIn">
<arg>${last_four_digit}</arg>
<doc>Logs the given message with the given level.</doc>
<msg timestamp="20240704 17:23:11.802" level="INFO">9823</msg>
<status status="PASS" starttime="20240704 17:23:11.802" endtime="20240704 17:23:11.802"/>
</kw>
<status status="PASS" starttime="20240704 17:23:11.802" endtime="20240704 17:23:11.802"/>
</iter>
<status status="PASS" starttime="20240704 17:23:11.470" endtime="20240704 17:23:11.802"/>
</for>
<kw name="Close Workbook" library="Autosphere.Excel.Files">
<doc>Close the active workbook.</doc>
<msg timestamp="20240704 17:23:11.802" level="INFO">Closing workbook: &lt;Autosphere.Excel.Files.XlsxWorkbook object at 0x000001376D6337C8&gt;</msg>
<status status="PASS" starttime="20240704 17:23:11.802" endtime="20240704 17:23:11.802"/>
</kw>
<status status="PASS" starttime="20240704 17:23:11.426" endtime="20240704 17:23:11.802"/>
</kw>
<status status="PASS" starttime="20240704 17:23:00.519" endtime="20240704 17:23:11.802"/>
</test>
<status status="PASS" starttime="20240704 17:22:56.520" endtime="20240704 17:23:11.802"/>
</suite>
<statistics>
<total>
<stat pass="1" fail="0" skip="0">All Tasks</stat>
</total>
<tag>
</tag>
<suite>
<stat pass="1" fail="0" skip="0" id="s1" name="Task">Task</stat>
</suite>
</statistics>
<errors>
<msg timestamp="20240704 17:22:59.656" level="WARN">This is a deprecated import that will be removed in favor of Autosphere.Browser.Selenium</msg>
</errors>
</robot>
