<?xml version="1.0" encoding="UTF-8"?>
<robot generator="Robot 5.0.1 (Python 3.7.5 on win32)" generated="20240703 18:57:54.929" rpa="true" schemaversion="3">
<suite id="s1" name="Task" source="D:\BotsDNA\Autosphere\Active Loans\Task.robot">
<test id="s1-t1" name="Active Loans" line="27">
<kw name="Goto Website And Download Excel File">
<kw name="Set Download Directory" library="Autosphere.Browser.Playwright">
<arg>D:\\BotsDNA\\Autosphere\\Active Loans//Loan Data</arg>
<doc>Set a custom browser download directory.</doc>
<msg timestamp="20240703 18:57:56.368" level="INFO">Download directory set to: D:\BotsDNA\Autosphere\Active Loans\Loan Data</msg>
<status status="PASS" starttime="20240703 18:57:56.368" endtime="20240703 18:57:56.368"/>
</kw>
<kw name="Download" library="Autosphere.HTTP">
<arg>url=https://botsdna.com/ActiveLoans/input.xlsx</arg>
<arg>overwrite=True</arg>
<arg>target_file=D:\\BotsDNA\\Autosphere\\Active Loans//Loan Data</arg>
<doc>An alias for the ``HTTP Get`` keyword.</doc>
<msg timestamp="20240703 18:57:56.369" level="INFO">Creating a new HTTP session</msg>
<msg timestamp="20240703 18:57:56.369" level="INFO">Creating Session using : alias=rpasession_alias.httpsbotsdna.com, url=https://botsdna.com, headers={},                     cookies={}, auth=None, timeout=None, proxies=None, verify=True,                     debug=0 </msg>
<msg timestamp="20240703 18:57:57.386" level="INFO">&lt;IPython.core.display.Markdown object&gt;
D:\BotsDNA\Autosphere\Active Loans\Loan Data\input.xlsx</msg>
<status status="PASS" starttime="20240703 18:57:56.368" endtime="20240703 18:57:57.386"/>
</kw>
<kw name="Open Available Browser" library="Autosphere.Browser.Playwright">
<arg>url=https://botsdna.com/ActiveLoans/</arg>
<doc>Attempts to open a browser on the user's device from a set of
supported browsers. Automatically downloads a corresponding webdriver
if none is already installed.</doc>
<msg timestamp="20240703 18:57:57.391" level="INFO">Creating an instance of the Chrome WebDriver.</msg>
<msg timestamp="20240703 18:58:01.147" level="INFO">====== WebDriver manager ======</msg>
<msg timestamp="20240703 18:58:04.117" level="INFO">Downloaded webdriver to: C:\Users\Daniyal\AppData\Local\autosphere\webdrivers\.wdm\drivers\chromedriver\win64\126.0.6478.126\chromedriver-win32/chromedriver.exe</msg>
<msg timestamp="20240703 18:58:04.117" level="INFO">Creating an instance of the Chrome WebDriver.</msg>
<msg timestamp="20240703 18:58:05.297" level="INFO">Created Chrome browser with arguments: --disable-dev-shm-usage --disable-web-security --allow-running-insecure-content --no-sandbox</msg>
<msg timestamp="20240703 18:58:05.298" level="INFO" html="true">&lt;p&gt;Attempted combinations:&lt;/p&gt;&lt;div class="doc"&gt;&lt;table&gt;&lt;tr&gt;&lt;th&gt;Browser&lt;/th&gt;&lt;th&gt;Download&lt;/th&gt;&lt;th&gt;Error&lt;/th&gt;&lt;/tr&gt;&lt;tr&gt;&lt;td&gt;Chrome&lt;/td&gt;&lt;td&gt;False&lt;/td&gt;&lt;td&gt;Message: session not created: This version of ChromeDriver only supports Chrome version 119
Current browser version is 126.0.6478.127 with binary path C:\Program Files\Google\Chrome\Application\chrome.exe
Stacktrace:
	GetHandleVerifier [0x00007FF67EEB82B2+55298]
	(No symbol) [0x00007FF67EE25E02]
	(No symbol) [0x00007FF67ECE05AB]
	(No symbol) [0x00007FF67ED13E72]
	(No symbol) [0x00007FF67ED132FE]
	(No symbol) [0x00007FF67ED0EC6C]
	(No symbol) [0x00007FF67ED0B30E]
	(No symbol) [0x00007FF67ED4A198]
	(No symbol) [0x00007FF67ED49CB0]
	(No symbol) [0x00007FF67ED41E83]
	(No symbol) [0x00007FF67ED1670A]
	(No symbol) [0x00007FF67ED17964]
	GetHandleVerifier [0x00007FF67F230AAB+3694587]
	GetHandleVerifier [0x00007FF67F28728E+4048862]
	GetHandleVerifier [0x00007FF67F27F173+4015811]
	GetHandleVerifier [0x00007FF67EF547D6+695590]
	(No symbol) [0x00007FF67EE30CE8]
	(No symbol) [0x00007FF67EE2CF34]
	(No symbol) [0x00007FF67EE2D062]
	(No symbol) [0x00007FF67EE1D3A3]
	BaseThreadInitThunk [0x00007FFD2790257D+29]
	RtlUserThreadStart [0x00007FFD2994AF28+40]
&lt;/td&gt;&lt;/tr&gt;&lt;tr&gt;&lt;td&gt;Chrome&lt;/td&gt;&lt;td&gt;True&lt;/td&gt;&lt;td&gt;&lt;/td&gt;&lt;/tr&gt;&lt;/table&gt;&lt;/div&gt;</msg>
<msg timestamp="20240703 18:58:05.298" level="INFO">Opening url 'https://botsdna.com/ActiveLoans/'</msg>
<status status="PASS" starttime="20240703 18:57:57.386" endtime="20240703 18:58:06.252"/>
</kw>
<kw name="Maximize Browser Window" library="Autosphere.Browser.Playwright">
<doc>Maximizes current browser window.</doc>
<status status="PASS" starttime="20240703 18:58:06.252" endtime="20240703 18:58:06.279"/>
</kw>
<kw name="Wait Until Page Contains Element" library="Autosphere.Browser.Playwright">
<arg>//h1[contains(text(),"Active Loans")]</arg>
<arg>timeout=15s</arg>
<doc>Waits until the element ``locator`` appears on the current page.</doc>
<status status="PASS" starttime="20240703 18:58:06.279" endtime="20240703 18:58:06.307"/>
</kw>
<status status="PASS" starttime="20240703 18:57:56.367" endtime="20240703 18:58:06.307"/>
</kw>
<kw name="Perform Excel Work">
<kw name="Open Workbook" library="Autosphere.Excel.Files">
<arg>D:\\BotsDNA\\Autosphere\\Active Loans\\Loan Data\\input.xlsx</arg>
<doc>Open an existing Excel workbook.</doc>
<msg timestamp="20240703 18:58:06.331" level="INFO">Opened workbook: &lt;Autosphere.Excel.Files.XlsxWorkbook object at 0x000001E7870476C8&gt;</msg>
<status status="PASS" starttime="20240703 18:58:06.308" endtime="20240703 18:58:06.331"/>
</kw>
<kw name="Find Empty Row" library="Autosphere.Excel.Files">
<var>${empty_row}</var>
<doc>Find the first empty row after existing content,
and return the row number.</doc>
<msg timestamp="20240703 18:58:06.332" level="INFO">${empty_row} = 79</msg>
<status status="PASS" starttime="20240703 18:58:06.331" endtime="20240703 18:58:06.332"/>
</kw>
<for flavor="IN RANGE">
<var>${row}</var>
<value>2</value>
<value>${empty_row}</value>
<iter>
<var name="${row}">2</var>
<kw name="Log" library="BuiltIn">
<arg>${row}</arg>
<doc>Logs the given message with the given level.</doc>
<msg timestamp="20240703 18:58:06.333" level="INFO">2</msg>
<status status="PASS" starttime="20240703 18:58:06.332" endtime="20240703 18:58:06.333"/>
</kw>
<kw name="Get Cell Value" library="Autosphere.Excel.Files">
<var>${account_number}</var>
<arg>${row}</arg>
<arg>A</arg>
<doc>Get a cell value in the given worksheet.</doc>
<msg timestamp="20240703 18:58:06.334" level="INFO">${account_number} = 978503257325</msg>
<status status="PASS" starttime="20240703 18:58:06.333" endtime="20240703 18:58:06.334"/>
</kw>
<kw name="Strip String" library="String">
<arg>${account_number}</arg>
<doc>Remove leading and/or trailing whitespaces from the given string.</doc>
<status status="PASS" starttime="20240703 18:58:06.334" endtime="20240703 18:58:06.334"/>
</kw>
<status status="PASS" starttime="20240703 18:58:06.332" endtime="20240703 18:58:06.334"/>
</iter>
<iter>
<var name="${row}">3</var>
<kw name="Log" library="BuiltIn">
<arg>${row}</arg>
<doc>Logs the given message with the given level.</doc>
<msg timestamp="20240703 18:58:06.335" level="INFO">3</msg>
<status status="PASS" starttime="20240703 18:58:06.335" endtime="20240703 18:58:06.335"/>
</kw>
<kw name="Get Cell Value" library="Autosphere.Excel.Files">
<var>${account_number}</var>
<arg>${row}</arg>
<arg>A</arg>
<doc>Get a cell value in the given worksheet.</doc>
<msg timestamp="20240703 18:58:06.336" level="INFO">${account_number} = 946327836673</msg>
<status status="PASS" starttime="20240703 18:58:06.336" endtime="20240703 18:58:06.336"/>
</kw>
<kw name="Strip String" library="String">
<arg>${account_number}</arg>
<doc>Remove leading and/or trailing whitespaces from the given string.</doc>
<status status="PASS" starttime="20240703 18:58:06.336" endtime="20240703 18:58:06.337"/>
</kw>
<status status="PASS" starttime="20240703 18:58:06.334" endtime="20240703 18:58:06.337"/>
</iter>
<iter>
<var name="${row}">4</var>
<kw name="Log" library="BuiltIn">
<arg>${row}</arg>
<doc>Logs the given message with the given level.</doc>
<msg timestamp="20240703 18:58:06.337" level="INFO">4</msg>
<status status="PASS" starttime="20240703 18:58:06.337" endtime="20240703 18:58:06.338"/>
</kw>
<kw name="Get Cell Value" library="Autosphere.Excel.Files">
<var>${account_number}</var>
<arg>${row}</arg>
<arg>A</arg>
<doc>Get a cell value in the given worksheet.</doc>
<msg timestamp="20240703 18:58:06.338" level="INFO">${account_number} = 893731935652</msg>
<status status="PASS" starttime="20240703 18:58:06.338" endtime="20240703 18:58:06.338"/>
</kw>
<kw name="Strip String" library="String">
<arg>${account_number}</arg>
<doc>Remove leading and/or trailing whitespaces from the given string.</doc>
<status status="PASS" starttime="20240703 18:58:06.339" endtime="20240703 18:58:06.339"/>
</kw>
<status status="PASS" starttime="20240703 18:58:06.337" endtime="20240703 18:58:06.339"/>
</iter>
<iter>
<var name="${row}">5</var>
<kw name="Log" library="BuiltIn">
<arg>${row}</arg>
<doc>Logs the given message with the given level.</doc>
<msg timestamp="20240703 18:58:06.340" level="INFO">5</msg>
<status status="PASS" starttime="20240703 18:58:06.339" endtime="20240703 18:58:06.340"/>
</kw>
<kw name="Get Cell Value" library="Autosphere.Excel.Files">
<var>${account_number}</var>
<arg>${row}</arg>
<arg>A</arg>
<doc>Get a cell value in the given worksheet.</doc>
<msg timestamp="20240703 18:58:06.340" level="INFO">${account_number} = 875413087541</msg>
<status status="PASS" starttime="20240703 18:58:06.340" endtime="20240703 18:58:06.340"/>
</kw>
<kw name="Strip String" library="String">
<arg>${account_number}</arg>
<doc>Remove leading and/or trailing whitespaces from the given string.</doc>
<status status="PASS" starttime="20240703 18:58:06.340" endtime="20240703 18:58:06.341"/>
</kw>
<status status="PASS" starttime="20240703 18:58:06.339" endtime="20240703 18:58:06.341"/>
</iter>
<iter>
<var name="${row}">6</var>
<kw name="Log" library="BuiltIn">
<arg>${row}</arg>
<doc>Logs the given message with the given level.</doc>
<msg timestamp="20240703 18:58:06.342" level="INFO">6</msg>
<status status="PASS" starttime="20240703 18:58:06.341" endtime="20240703 18:58:06.342"/>
</kw>
<kw name="Get Cell Value" library="Autosphere.Excel.Files">
<var>${account_number}</var>
<arg>${row}</arg>
<arg>A</arg>
<doc>Get a cell value in the given worksheet.</doc>
<msg timestamp="20240703 18:58:06.342" level="INFO">${account_number} = 786249541514</msg>
<status status="PASS" starttime="20240703 18:58:06.342" endtime="20240703 18:58:06.342"/>
</kw>
<kw name="Strip String" library="String">
<arg>${account_number}</arg>
<doc>Remove leading and/or trailing whitespaces from the given string.</doc>
<status status="PASS" starttime="20240703 18:58:06.343" endtime="20240703 18:58:06.343"/>
</kw>
<status status="PASS" starttime="20240703 18:58:06.341" endtime="20240703 18:58:06.343"/>
</iter>
<iter>
<var name="${row}">7</var>
<kw name="Log" library="BuiltIn">
<arg>${row}</arg>
<doc>Logs the given message with the given level.</doc>
<msg timestamp="20240703 18:58:06.343" level="INFO">7</msg>
<status status="PASS" starttime="20240703 18:58:06.343" endtime="20240703 18:58:06.343"/>
</kw>
<kw name="Get Cell Value" library="Autosphere.Excel.Files">
<var>${account_number}</var>
<arg>${row}</arg>
<arg>A</arg>
<doc>Get a cell value in the given worksheet.</doc>
<msg timestamp="20240703 18:58:06.344" level="INFO">${account_number} = 783218876943</msg>
<status status="PASS" starttime="20240703 18:58:06.344" endtime="20240703 18:58:06.344"/>
</kw>
<kw name="Strip String" library="String">
<arg>${account_number}</arg>
<doc>Remove leading and/or trailing whitespaces from the given string.</doc>
<status status="PASS" starttime="20240703 18:58:06.344" endtime="20240703 18:58:06.344"/>
</kw>
<status status="PASS" starttime="20240703 18:58:06.343" endtime="20240703 18:58:06.344"/>
</iter>
<iter>
<var name="${row}">8</var>
<kw name="Log" library="BuiltIn">
<arg>${row}</arg>
<doc>Logs the given message with the given level.</doc>
<msg timestamp="20240703 18:58:06.345" level="INFO">8</msg>
<status status="PASS" starttime="20240703 18:58:06.345" endtime="20240703 18:58:06.345"/>
</kw>
<kw name="Get Cell Value" library="Autosphere.Excel.Files">
<var>${account_number}</var>
<arg>${row}</arg>
<arg>A</arg>
<doc>Get a cell value in the given worksheet.</doc>
<msg timestamp="20240703 18:58:06.345" level="INFO">${account_number} = 753254345132</msg>
<status status="PASS" starttime="20240703 18:58:06.345" endtime="20240703 18:58:06.346"/>
</kw>
<kw name="Strip String" library="String">
<arg>${account_number}</arg>
<doc>Remove leading and/or trailing whitespaces from the given string.</doc>
<status status="PASS" starttime="20240703 18:58:06.346" endtime="20240703 18:58:06.346"/>
</kw>
<status status="PASS" starttime="20240703 18:58:06.344" endtime="20240703 18:58:06.346"/>
</iter>
<iter>
<var name="${row}">9</var>
<kw name="Log" library="BuiltIn">
<arg>${row}</arg>
<doc>Logs the given message with the given level.</doc>
<msg timestamp="20240703 18:58:06.346" level="INFO">9</msg>
<status status="PASS" starttime="20240703 18:58:06.346" endtime="20240703 18:58:06.346"/>
</kw>
<kw name="Get Cell Value" library="Autosphere.Excel.Files">
<var>${account_number}</var>
<arg>${row}</arg>
<arg>A</arg>
<doc>Get a cell value in the given worksheet.</doc>
<msg timestamp="20240703 18:58:06.347" level="INFO">${account_number} = 748949743243</msg>
<status status="PASS" starttime="20240703 18:58:06.347" endtime="20240703 18:58:06.347"/>
</kw>
<kw name="Strip String" library="String">
<arg>${account_number}</arg>
<doc>Remove leading and/or trailing whitespaces from the given string.</doc>
<status status="PASS" starttime="20240703 18:58:06.347" endtime="20240703 18:58:06.347"/>
</kw>
<status status="PASS" starttime="20240703 18:58:06.346" endtime="20240703 18:58:06.348"/>
</iter>
<iter>
<var name="${row}">10</var>
<kw name="Log" library="BuiltIn">
<arg>${row}</arg>
<doc>Logs the given message with the given level.</doc>
<msg timestamp="20240703 18:58:06.348" level="INFO">10</msg>
<status status="PASS" starttime="20240703 18:58:06.348" endtime="20240703 18:58:06.348"/>
</kw>
<kw name="Get Cell Value" library="Autosphere.Excel.Files">
<var>${account_number}</var>
<arg>${row}</arg>
<arg>A</arg>
<doc>Get a cell value in the given worksheet.</doc>
<msg timestamp="20240703 18:58:06.350" level="INFO">${account_number} = 745893274553</msg>
<status status="PASS" starttime="20240703 18:58:06.348" endtime="20240703 18:58:06.350"/>
</kw>
<kw name="Strip String" library="String">
<arg>${account_number}</arg>
<doc>Remove leading and/or trailing whitespaces from the given string.</doc>
<status status="PASS" starttime="20240703 18:58:06.350" endtime="20240703 18:58:06.350"/>
</kw>
<status status="PASS" starttime="20240703 18:58:06.348" endtime="20240703 18:58:06.350"/>
</iter>
<iter>
<var name="${row}">11</var>
<kw name="Log" library="BuiltIn">
<arg>${row}</arg>
<doc>Logs the given message with the given level.</doc>
<msg timestamp="20240703 18:58:06.351" level="INFO">11</msg>
<status status="PASS" starttime="20240703 18:58:06.350" endtime="20240703 18:58:06.351"/>
</kw>
<kw name="Get Cell Value" library="Autosphere.Excel.Files">
<var>${account_number}</var>
<arg>${row}</arg>
<arg>A</arg>
<doc>Get a cell value in the given worksheet.</doc>
<msg timestamp="20240703 18:58:06.351" level="INFO">${account_number} = 745289534392</msg>
<status status="PASS" starttime="20240703 18:58:06.351" endtime="20240703 18:58:06.351"/>
</kw>
<kw name="Strip String" library="String">
<arg>${account_number}</arg>
<doc>Remove leading and/or trailing whitespaces from the given string.</doc>
<status status="PASS" starttime="20240703 18:58:06.351" endtime="20240703 18:58:06.352"/>
</kw>
<status status="PASS" starttime="20240703 18:58:06.350" endtime="20240703 18:58:06.352"/>
</iter>
<iter>
<var name="${row}">12</var>
<kw name="Log" library="BuiltIn">
<arg>${row}</arg>
<doc>Logs the given message with the given level.</doc>
<msg timestamp="20240703 18:58:06.353" level="INFO">12</msg>
<status status="PASS" starttime="20240703 18:58:06.352" endtime="20240703 18:58:06.353"/>
</kw>
<kw name="Get Cell Value" library="Autosphere.Excel.Files">
<var>${account_number}</var>
<arg>${row}</arg>
<arg>A</arg>
<doc>Get a cell value in the given worksheet.</doc>
<msg timestamp="20240703 18:58:06.354" level="INFO">${account_number} = 741475081545</msg>
<status status="PASS" starttime="20240703 18:58:06.354" endtime="20240703 18:58:06.354"/>
</kw>
<kw name="Strip String" library="String">
<arg>${account_number}</arg>
<doc>Remove leading and/or trailing whitespaces from the given string.</doc>
<status status="PASS" starttime="20240703 18:58:06.355" endtime="20240703 18:58:06.355"/>
</kw>
<status status="PASS" starttime="20240703 18:58:06.352" endtime="20240703 18:58:06.355"/>
</iter>
<iter>
<var name="${row}">13</var>
<kw name="Log" library="BuiltIn">
<arg>${row}</arg>
<doc>Logs the given message with the given level.</doc>
<msg timestamp="20240703 18:58:06.356" level="INFO">13</msg>
<status status="PASS" starttime="20240703 18:58:06.355" endtime="20240703 18:58:06.356"/>
</kw>
<kw name="Get Cell Value" library="Autosphere.Excel.Files">
<var>${account_number}</var>
<arg>${row}</arg>
<arg>A</arg>
<doc>Get a cell value in the given worksheet.</doc>
<msg timestamp="20240703 18:58:06.356" level="INFO">${account_number} = 735696573431</msg>
<status status="PASS" starttime="20240703 18:58:06.356" endtime="20240703 18:58:06.356"/>
</kw>
<kw name="Strip String" library="String">
<arg>${account_number}</arg>
<doc>Remove leading and/or trailing whitespaces from the given string.</doc>
<status status="PASS" starttime="20240703 18:58:06.357" endtime="20240703 18:58:06.358"/>
</kw>
<status status="PASS" starttime="20240703 18:58:06.355" endtime="20240703 18:58:06.358"/>
</iter>
<iter>
<var name="${row}">14</var>
<kw name="Log" library="BuiltIn">
<arg>${row}</arg>
<doc>Logs the given message with the given level.</doc>
<msg timestamp="20240703 18:58:06.358" level="INFO">14</msg>
<status status="PASS" starttime="20240703 18:58:06.358" endtime="20240703 18:58:06.358"/>
</kw>
<kw name="Get Cell Value" library="Autosphere.Excel.Files">
<var>${account_number}</var>
<arg>${row}</arg>
<arg>A</arg>
<doc>Get a cell value in the given worksheet.</doc>
<msg timestamp="20240703 18:58:06.359" level="INFO">${account_number} = 731015732854</msg>
<status status="PASS" starttime="20240703 18:58:06.358" endtime="20240703 18:58:06.359"/>
</kw>
<kw name="Strip String" library="String">
<arg>${account_number}</arg>
<doc>Remove leading and/or trailing whitespaces from the given string.</doc>
<status status="PASS" starttime="20240703 18:58:06.359" endtime="20240703 18:58:06.359"/>
</kw>
<status status="PASS" starttime="20240703 18:58:06.358" endtime="20240703 18:58:06.359"/>
</iter>
<iter>
<var name="${row}">15</var>
<kw name="Log" library="BuiltIn">
<arg>${row}</arg>
<doc>Logs the given message with the given level.</doc>
<msg timestamp="20240703 18:58:06.360" level="INFO">15</msg>
<status status="PASS" starttime="20240703 18:58:06.359" endtime="20240703 18:58:06.360"/>
</kw>
<kw name="Get Cell Value" library="Autosphere.Excel.Files">
<var>${account_number}</var>
<arg>${row}</arg>
<arg>A</arg>
<doc>Get a cell value in the given worksheet.</doc>
<msg timestamp="20240703 18:58:06.360" level="INFO">${account_number} = 725635678261</msg>
<status status="PASS" starttime="20240703 18:58:06.360" endtime="20240703 18:58:06.360"/>
</kw>
<kw name="Strip String" library="String">
<arg>${account_number}</arg>
<doc>Remove leading and/or trailing whitespaces from the given string.</doc>
<status status="PASS" starttime="20240703 18:58:06.360" endtime="20240703 18:58:06.360"/>
</kw>
<status status="PASS" starttime="20240703 18:58:06.359" endtime="20240703 18:58:06.360"/>
</iter>
<iter>
<var name="${row}">16</var>
<kw name="Log" library="BuiltIn">
<arg>${row}</arg>
<doc>Logs the given message with the given level.</doc>
<msg timestamp="20240703 18:58:06.361" level="INFO">16</msg>
<status status="PASS" starttime="20240703 18:58:06.361" endtime="20240703 18:58:06.361"/>
</kw>
<kw name="Get Cell Value" library="Autosphere.Excel.Files">
<var>${account_number}</var>
<arg>${row}</arg>
<arg>A</arg>
<doc>Get a cell value in the given worksheet.</doc>
<msg timestamp="20240703 18:58:06.361" level="INFO">${account_number} = 723684516294</msg>
<status status="PASS" starttime="20240703 18:58:06.361" endtime="20240703 18:58:06.361"/>
</kw>
<kw name="Strip String" library="String">
<arg>${account_number}</arg>
<doc>Remove leading and/or trailing whitespaces from the given string.</doc>
<status status="PASS" starttime="20240703 18:58:06.361" endtime="20240703 18:58:06.362"/>
</kw>
<status status="PASS" starttime="20240703 18:58:06.361" endtime="20240703 18:58:06.362"/>
</iter>
<iter>
<var name="${row}">17</var>
<kw name="Log" library="BuiltIn">
<arg>${row}</arg>
<doc>Logs the given message with the given level.</doc>
<msg timestamp="20240703 18:58:06.362" level="INFO">17</msg>
<status status="PASS" starttime="20240703 18:58:06.362" endtime="20240703 18:58:06.362"/>
</kw>
<kw name="Get Cell Value" library="Autosphere.Excel.Files">
<var>${account_number}</var>
<arg>${row}</arg>
<arg>A</arg>
<doc>Get a cell value in the given worksheet.</doc>
<msg timestamp="20240703 18:58:06.363" level="INFO">${account_number} = 718492395376</msg>
<status status="PASS" starttime="20240703 18:58:06.362" endtime="20240703 18:58:06.363"/>
</kw>
<kw name="Strip String" library="String">
<arg>${account_number}</arg>
<doc>Remove leading and/or trailing whitespaces from the given string.</doc>
<status status="PASS" starttime="20240703 18:58:06.363" endtime="20240703 18:58:06.363"/>
</kw>
<status status="PASS" starttime="20240703 18:58:06.362" endtime="20240703 18:58:06.363"/>
</iter>
<iter>
<var name="${row}">18</var>
<kw name="Log" library="BuiltIn">
<arg>${row}</arg>
<doc>Logs the given message with the given level.</doc>
<msg timestamp="20240703 18:58:06.364" level="INFO">18</msg>
<status status="PASS" starttime="20240703 18:58:06.363" endtime="20240703 18:58:06.364"/>
</kw>
<kw name="Get Cell Value" library="Autosphere.Excel.Files">
<var>${account_number}</var>
<arg>${row}</arg>
<arg>A</arg>
<doc>Get a cell value in the given worksheet.</doc>
<msg timestamp="20240703 18:58:06.365" level="INFO">${account_number} = 684236879353</msg>
<status status="PASS" starttime="20240703 18:58:06.364" endtime="20240703 18:58:06.365"/>
</kw>
<kw name="Strip String" library="String">
<arg>${account_number}</arg>
<doc>Remove leading and/or trailing whitespaces from the given string.</doc>
<status status="PASS" starttime="20240703 18:58:06.365" endtime="20240703 18:58:06.365"/>
</kw>
<status status="PASS" starttime="20240703 18:58:06.363" endtime="20240703 18:58:06.365"/>
</iter>
<iter>
<var name="${row}">19</var>
<kw name="Log" library="BuiltIn">
<arg>${row}</arg>
<doc>Logs the given message with the given level.</doc>
<msg timestamp="20240703 18:58:06.366" level="INFO">19</msg>
<status status="PASS" starttime="20240703 18:58:06.365" endtime="20240703 18:58:06.366"/>
</kw>
<kw name="Get Cell Value" library="Autosphere.Excel.Files">
<var>${account_number}</var>
<arg>${row}</arg>
<arg>A</arg>
<doc>Get a cell value in the given worksheet.</doc>
<msg timestamp="20240703 18:58:06.367" level="INFO">${account_number} = 673248549524</msg>
<status status="PASS" starttime="20240703 18:58:06.366" endtime="20240703 18:58:06.367"/>
</kw>
<kw name="Strip String" library="String">
<arg>${account_number}</arg>
<doc>Remove leading and/or trailing whitespaces from the given string.</doc>
<status status="PASS" starttime="20240703 18:58:06.367" endtime="20240703 18:58:06.367"/>
</kw>
<status status="PASS" starttime="20240703 18:58:06.365" endtime="20240703 18:58:06.367"/>
</iter>
<iter>
<var name="${row}">20</var>
<kw name="Log" library="BuiltIn">
<arg>${row}</arg>
<doc>Logs the given message with the given level.</doc>
<msg timestamp="20240703 18:58:06.368" level="INFO">20</msg>
<status status="PASS" starttime="20240703 18:58:06.368" endtime="20240703 18:58:06.368"/>
</kw>
<kw name="Get Cell Value" library="Autosphere.Excel.Files">
<var>${account_number}</var>
<arg>${row}</arg>
<arg>A</arg>
<doc>Get a cell value in the given worksheet.</doc>
<msg timestamp="20240703 18:58:06.368" level="INFO">${account_number} = 653249765114</msg>
<status status="PASS" starttime="20240703 18:58:06.368" endtime="20240703 18:58:06.368"/>
</kw>
<kw name="Strip String" library="String">
<arg>${account_number}</arg>
<doc>Remove leading and/or trailing whitespaces from the given string.</doc>
<status status="PASS" starttime="20240703 18:58:06.369" endtime="20240703 18:58:06.369"/>
</kw>
<status status="PASS" starttime="20240703 18:58:06.367" endtime="20240703 18:58:06.369"/>
</iter>
<iter>
<var name="${row}">21</var>
<kw name="Log" library="BuiltIn">
<arg>${row}</arg>
<doc>Logs the given message with the given level.</doc>
<msg timestamp="20240703 18:58:06.370" level="INFO">21</msg>
<status status="PASS" starttime="20240703 18:58:06.369" endtime="20240703 18:58:06.370"/>
</kw>
<kw name="Get Cell Value" library="Autosphere.Excel.Files">
<var>${account_number}</var>
<arg>${row}</arg>
<arg>A</arg>
<doc>Get a cell value in the given worksheet.</doc>
<msg timestamp="20240703 18:58:06.370" level="INFO">${account_number} = 642744218723</msg>
<status status="PASS" starttime="20240703 18:58:06.370" endtime="20240703 18:58:06.370"/>
</kw>
<kw name="Strip String" library="String">
<arg>${account_number}</arg>
<doc>Remove leading and/or trailing whitespaces from the given string.</doc>
<status status="PASS" starttime="20240703 18:58:06.370" endtime="20240703 18:58:06.371"/>
</kw>
<status status="PASS" starttime="20240703 18:58:06.369" endtime="20240703 18:58:06.371"/>
</iter>
<iter>
<var name="${row}">22</var>
<kw name="Log" library="BuiltIn">
<arg>${row}</arg>
<doc>Logs the given message with the given level.</doc>
<msg timestamp="20240703 18:58:06.371" level="INFO">22</msg>
<status status="PASS" starttime="20240703 18:58:06.371" endtime="20240703 18:58:06.371"/>
</kw>
<kw name="Get Cell Value" library="Autosphere.Excel.Files">
<var>${account_number}</var>
<arg>${row}</arg>
<arg>A</arg>
<doc>Get a cell value in the given worksheet.</doc>
<msg timestamp="20240703 18:58:06.372" level="INFO">${account_number} = 638743563762</msg>
<status status="PASS" starttime="20240703 18:58:06.371" endtime="20240703 18:58:06.372"/>
</kw>
<kw name="Strip String" library="String">
<arg>${account_number}</arg>
<doc>Remove leading and/or trailing whitespaces from the given string.</doc>
<status status="PASS" starttime="20240703 18:58:06.372" endtime="20240703 18:58:06.372"/>
</kw>
<status status="PASS" starttime="20240703 18:58:06.371" endtime="20240703 18:58:06.372"/>
</iter>
<iter>
<var name="${row}">23</var>
<kw name="Log" library="BuiltIn">
<arg>${row}</arg>
<doc>Logs the given message with the given level.</doc>
<msg timestamp="20240703 18:58:06.373" level="INFO">23</msg>
<status status="PASS" starttime="20240703 18:58:06.372" endtime="20240703 18:58:06.373"/>
</kw>
<kw name="Get Cell Value" library="Autosphere.Excel.Files">
<var>${account_number}</var>
<arg>${row}</arg>
<arg>A</arg>
<doc>Get a cell value in the given worksheet.</doc>
<msg timestamp="20240703 18:58:06.373" level="INFO">${account_number} = 637832912647</msg>
<status status="PASS" starttime="20240703 18:58:06.373" endtime="20240703 18:58:06.373"/>
</kw>
<kw name="Strip String" library="String">
<arg>${account_number}</arg>
<doc>Remove leading and/or trailing whitespaces from the given string.</doc>
<status status="PASS" starttime="20240703 18:58:06.374" endtime="20240703 18:58:06.374"/>
</kw>
<status status="PASS" starttime="20240703 18:58:06.372" endtime="20240703 18:58:06.374"/>
</iter>
<iter>
<var name="${row}">24</var>
<kw name="Log" library="BuiltIn">
<arg>${row}</arg>
<doc>Logs the given message with the given level.</doc>
<msg timestamp="20240703 18:58:06.375" level="INFO">24</msg>
<status status="PASS" starttime="20240703 18:58:06.374" endtime="20240703 18:58:06.375"/>
</kw>
<kw name="Get Cell Value" library="Autosphere.Excel.Files">
<var>${account_number}</var>
<arg>${row}</arg>
<arg>A</arg>
<doc>Get a cell value in the given worksheet.</doc>
<msg timestamp="20240703 18:58:06.376" level="INFO">${account_number} = 627672554853</msg>
<status status="PASS" starttime="20240703 18:58:06.375" endtime="20240703 18:58:06.376"/>
</kw>
<kw name="Strip String" library="String">
<arg>${account_number}</arg>
<doc>Remove leading and/or trailing whitespaces from the given string.</doc>
<status status="PASS" starttime="20240703 18:58:06.376" endtime="20240703 18:58:06.376"/>
</kw>
<status status="PASS" starttime="20240703 18:58:06.374" endtime="20240703 18:58:06.376"/>
</iter>
<iter>
<var name="${row}">25</var>
<kw name="Log" library="BuiltIn">
<arg>${row}</arg>
<doc>Logs the given message with the given level.</doc>
<msg timestamp="20240703 18:58:06.377" level="INFO">25</msg>
<status status="PASS" starttime="20240703 18:58:06.377" endtime="20240703 18:58:06.377"/>
</kw>
<kw name="Get Cell Value" library="Autosphere.Excel.Files">
<var>${account_number}</var>
<arg>${row}</arg>
<arg>A</arg>
<doc>Get a cell value in the given worksheet.</doc>
<msg timestamp="20240703 18:58:06.380" level="INFO">${account_number} = 612976021415</msg>
<status status="PASS" starttime="20240703 18:58:06.378" endtime="20240703 18:58:06.380"/>
</kw>
<kw name="Strip String" library="String">
<arg>${account_number}</arg>
<doc>Remove leading and/or trailing whitespaces from the given string.</doc>
<status status="PASS" starttime="20240703 18:58:06.380" endtime="20240703 18:58:06.381"/>
</kw>
<status status="PASS" starttime="20240703 18:58:06.376" endtime="20240703 18:58:06.381"/>
</iter>
<iter>
<var name="${row}">26</var>
<kw name="Log" library="BuiltIn">
<arg>${row}</arg>
<doc>Logs the given message with the given level.</doc>
<msg timestamp="20240703 18:58:06.382" level="INFO">26</msg>
<status status="PASS" starttime="20240703 18:58:06.381" endtime="20240703 18:58:06.382"/>
</kw>
<kw name="Get Cell Value" library="Autosphere.Excel.Files">
<var>${account_number}</var>
<arg>${row}</arg>
<arg>A</arg>
<doc>Get a cell value in the given worksheet.</doc>
<msg timestamp="20240703 18:58:06.383" level="INFO">${account_number} = 591165419151</msg>
<status status="PASS" starttime="20240703 18:58:06.382" endtime="20240703 18:58:06.383"/>
</kw>
<kw name="Strip String" library="String">
<arg>${account_number}</arg>
<doc>Remove leading and/or trailing whitespaces from the given string.</doc>
<status status="PASS" starttime="20240703 18:58:06.383" endtime="20240703 18:58:06.383"/>
</kw>
<status status="PASS" starttime="20240703 18:58:06.381" endtime="20240703 18:58:06.383"/>
</iter>
<iter>
<var name="${row}">27</var>
<kw name="Log" library="BuiltIn">
<arg>${row}</arg>
<doc>Logs the given message with the given level.</doc>
<msg timestamp="20240703 18:58:06.384" level="INFO">27</msg>
<status status="PASS" starttime="20240703 18:58:06.384" endtime="20240703 18:58:06.384"/>
</kw>
<kw name="Get Cell Value" library="Autosphere.Excel.Files">
<var>${account_number}</var>
<arg>${row}</arg>
<arg>A</arg>
<doc>Get a cell value in the given worksheet.</doc>
<msg timestamp="20240703 18:58:06.385" level="INFO">${account_number} = 546413542715</msg>
<status status="PASS" starttime="20240703 18:58:06.385" endtime="20240703 18:58:06.385"/>
</kw>
<kw name="Strip String" library="String">
<arg>${account_number}</arg>
<doc>Remove leading and/or trailing whitespaces from the given string.</doc>
<status status="PASS" starttime="20240703 18:58:06.385" endtime="20240703 18:58:06.386"/>
</kw>
<status status="PASS" starttime="20240703 18:58:06.383" endtime="20240703 18:58:06.386"/>
</iter>
<iter>
<var name="${row}">28</var>
<kw name="Log" library="BuiltIn">
<arg>${row}</arg>
<doc>Logs the given message with the given level.</doc>
<msg timestamp="20240703 18:58:06.387" level="INFO">28</msg>
<status status="PASS" starttime="20240703 18:58:06.386" endtime="20240703 18:58:06.387"/>
</kw>
<kw name="Get Cell Value" library="Autosphere.Excel.Files">
<var>${account_number}</var>
<arg>${row}</arg>
<arg>A</arg>
<doc>Get a cell value in the given worksheet.</doc>
<msg timestamp="20240703 18:58:06.388" level="INFO">${account_number} = 539134263671</msg>
<status status="PASS" starttime="20240703 18:58:06.387" endtime="20240703 18:58:06.388"/>
</kw>
<kw name="Strip String" library="String">
<arg>${account_number}</arg>
<doc>Remove leading and/or trailing whitespaces from the given string.</doc>
<status status="PASS" starttime="20240703 18:58:06.388" endtime="20240703 18:58:06.388"/>
</kw>
<status status="PASS" starttime="20240703 18:58:06.386" endtime="20240703 18:58:06.388"/>
</iter>
<iter>
<var name="${row}">29</var>
<kw name="Log" library="BuiltIn">
<arg>${row}</arg>
<doc>Logs the given message with the given level.</doc>
<msg timestamp="20240703 18:58:06.389" level="INFO">29</msg>
<status status="PASS" starttime="20240703 18:58:06.388" endtime="20240703 18:58:06.389"/>
</kw>
<kw name="Get Cell Value" library="Autosphere.Excel.Files">
<var>${account_number}</var>
<arg>${row}</arg>
<arg>A</arg>
<doc>Get a cell value in the given worksheet.</doc>
<msg timestamp="20240703 18:58:06.389" level="INFO">${account_number} = 537783865633</msg>
<status status="PASS" starttime="20240703 18:58:06.389" endtime="20240703 18:58:06.389"/>
</kw>
<kw name="Strip String" library="String">
<arg>${account_number}</arg>
<doc>Remove leading and/or trailing whitespaces from the given string.</doc>
<status status="PASS" starttime="20240703 18:58:06.389" endtime="20240703 18:58:06.389"/>
</kw>
<status status="PASS" starttime="20240703 18:58:06.388" endtime="20240703 18:58:06.390"/>
</iter>
<iter>
<var name="${row}">30</var>
<kw name="Log" library="BuiltIn">
<arg>${row}</arg>
<doc>Logs the given message with the given level.</doc>
<msg timestamp="20240703 18:58:06.390" level="INFO">30</msg>
<status status="PASS" starttime="20240703 18:58:06.390" endtime="20240703 18:58:06.390"/>
</kw>
<kw name="Get Cell Value" library="Autosphere.Excel.Files">
<var>${account_number}</var>
<arg>${row}</arg>
<arg>A</arg>
<doc>Get a cell value in the given worksheet.</doc>
<msg timestamp="20240703 18:58:06.391" level="INFO">${account_number} = 537298446527</msg>
<status status="PASS" starttime="20240703 18:58:06.390" endtime="20240703 18:58:06.391"/>
</kw>
<kw name="Strip String" library="String">
<arg>${account_number}</arg>
<doc>Remove leading and/or trailing whitespaces from the given string.</doc>
<status status="PASS" starttime="20240703 18:58:06.391" endtime="20240703 18:58:06.391"/>
</kw>
<status status="PASS" starttime="20240703 18:58:06.390" endtime="20240703 18:58:06.392"/>
</iter>
<iter>
<var name="${row}">31</var>
<kw name="Log" library="BuiltIn">
<arg>${row}</arg>
<doc>Logs the given message with the given level.</doc>
<msg timestamp="20240703 18:58:06.394" level="INFO">31</msg>
<status status="PASS" starttime="20240703 18:58:06.393" endtime="20240703 18:58:06.394"/>
</kw>
<kw name="Get Cell Value" library="Autosphere.Excel.Files">
<var>${account_number}</var>
<arg>${row}</arg>
<arg>A</arg>
<doc>Get a cell value in the given worksheet.</doc>
<msg timestamp="20240703 18:58:06.394" level="INFO">${account_number} = 536728992726</msg>
<status status="PASS" starttime="20240703 18:58:06.394" endtime="20240703 18:58:06.394"/>
</kw>
<kw name="Strip String" library="String">
<arg>${account_number}</arg>
<doc>Remove leading and/or trailing whitespaces from the given string.</doc>
<status status="PASS" starttime="20240703 18:58:06.395" endtime="20240703 18:58:06.395"/>
</kw>
<status status="PASS" starttime="20240703 18:58:06.393" endtime="20240703 18:58:06.395"/>
</iter>
<iter>
<var name="${row}">32</var>
<kw name="Log" library="BuiltIn">
<arg>${row}</arg>
<doc>Logs the given message with the given level.</doc>
<msg timestamp="20240703 18:58:06.396" level="INFO">32</msg>
<status status="PASS" starttime="20240703 18:58:06.395" endtime="20240703 18:58:06.396"/>
</kw>
<kw name="Get Cell Value" library="Autosphere.Excel.Files">
<var>${account_number}</var>
<arg>${row}</arg>
<arg>A</arg>
<doc>Get a cell value in the given worksheet.</doc>
<msg timestamp="20240703 18:58:06.397" level="INFO">${account_number} = 536728745146</msg>
<status status="PASS" starttime="20240703 18:58:06.396" endtime="20240703 18:58:06.397"/>
</kw>
<kw name="Strip String" library="String">
<arg>${account_number}</arg>
<doc>Remove leading and/or trailing whitespaces from the given string.</doc>
<status status="PASS" starttime="20240703 18:58:06.397" endtime="20240703 18:58:06.397"/>
</kw>
<status status="PASS" starttime="20240703 18:58:06.395" endtime="20240703 18:58:06.397"/>
</iter>
<iter>
<var name="${row}">33</var>
<kw name="Log" library="BuiltIn">
<arg>${row}</arg>
<doc>Logs the given message with the given level.</doc>
<msg timestamp="20240703 18:58:06.398" level="INFO">33</msg>
<status status="PASS" starttime="20240703 18:58:06.398" endtime="20240703 18:58:06.398"/>
</kw>
<kw name="Get Cell Value" library="Autosphere.Excel.Files">
<var>${account_number}</var>
<arg>${row}</arg>
<arg>A</arg>
<doc>Get a cell value in the given worksheet.</doc>
<msg timestamp="20240703 18:58:06.398" level="INFO">${account_number} = 534917541654</msg>
<status status="PASS" starttime="20240703 18:58:06.398" endtime="20240703 18:58:06.398"/>
</kw>
<kw name="Strip String" library="String">
<arg>${account_number}</arg>
<doc>Remove leading and/or trailing whitespaces from the given string.</doc>
<status status="PASS" starttime="20240703 18:58:06.398" endtime="20240703 18:58:06.399"/>
</kw>
<status status="PASS" starttime="20240703 18:58:06.398" endtime="20240703 18:58:06.399"/>
</iter>
<iter>
<var name="${row}">34</var>
<kw name="Log" library="BuiltIn">
<arg>${row}</arg>
<doc>Logs the given message with the given level.</doc>
<msg timestamp="20240703 18:58:06.399" level="INFO">34</msg>
<status status="PASS" starttime="20240703 18:58:06.399" endtime="20240703 18:58:06.399"/>
</kw>
<kw name="Get Cell Value" library="Autosphere.Excel.Files">
<var>${account_number}</var>
<arg>${row}</arg>
<arg>A</arg>
<doc>Get a cell value in the given worksheet.</doc>
<msg timestamp="20240703 18:58:06.399" level="INFO">${account_number} = 534654260264</msg>
<status status="PASS" starttime="20240703 18:58:06.399" endtime="20240703 18:58:06.400"/>
</kw>
<kw name="Strip String" library="String">
<arg>${account_number}</arg>
<doc>Remove leading and/or trailing whitespaces from the given string.</doc>
<status status="PASS" starttime="20240703 18:58:06.400" endtime="20240703 18:58:06.400"/>
</kw>
<status status="PASS" starttime="20240703 18:58:06.399" endtime="20240703 18:58:06.400"/>
</iter>
<iter>
<var name="${row}">35</var>
<kw name="Log" library="BuiltIn">
<arg>${row}</arg>
<doc>Logs the given message with the given level.</doc>
<msg timestamp="20240703 18:58:06.400" level="INFO">35</msg>
<status status="PASS" starttime="20240703 18:58:06.400" endtime="20240703 18:58:06.400"/>
</kw>
<kw name="Get Cell Value" library="Autosphere.Excel.Files">
<var>${account_number}</var>
<arg>${row}</arg>
<arg>A</arg>
<doc>Get a cell value in the given worksheet.</doc>
<msg timestamp="20240703 18:58:06.401" level="INFO">${account_number} = 532854145014</msg>
<status status="PASS" starttime="20240703 18:58:06.400" endtime="20240703 18:58:06.401"/>
</kw>
<kw name="Strip String" library="String">
<arg>${account_number}</arg>
<doc>Remove leading and/or trailing whitespaces from the given string.</doc>
<status status="PASS" starttime="20240703 18:58:06.401" endtime="20240703 18:58:06.401"/>
</kw>
<status status="PASS" starttime="20240703 18:58:06.400" endtime="20240703 18:58:06.401"/>
</iter>
<iter>
<var name="${row}">36</var>
<kw name="Log" library="BuiltIn">
<arg>${row}</arg>
<doc>Logs the given message with the given level.</doc>
<msg timestamp="20240703 18:58:06.402" level="INFO">36</msg>
<status status="PASS" starttime="20240703 18:58:06.401" endtime="20240703 18:58:06.402"/>
</kw>
<kw name="Get Cell Value" library="Autosphere.Excel.Files">
<var>${account_number}</var>
<arg>${row}</arg>
<arg>A</arg>
<doc>Get a cell value in the given worksheet.</doc>
<msg timestamp="20240703 18:58:06.402" level="INFO">${account_number} = 532151148454</msg>
<status status="PASS" starttime="20240703 18:58:06.402" endtime="20240703 18:58:06.402"/>
</kw>
<kw name="Strip String" library="String">
<arg>${account_number}</arg>
<doc>Remove leading and/or trailing whitespaces from the given string.</doc>
<status status="PASS" starttime="20240703 18:58:06.402" endtime="20240703 18:58:06.403"/>
</kw>
<status status="PASS" starttime="20240703 18:58:06.401" endtime="20240703 18:58:06.403"/>
</iter>
<iter>
<var name="${row}">37</var>
<kw name="Log" library="BuiltIn">
<arg>${row}</arg>
<doc>Logs the given message with the given level.</doc>
<msg timestamp="20240703 18:58:06.403" level="INFO">37</msg>
<status status="PASS" starttime="20240703 18:58:06.403" endtime="20240703 18:58:06.403"/>
</kw>
<kw name="Get Cell Value" library="Autosphere.Excel.Files">
<var>${account_number}</var>
<arg>${row}</arg>
<arg>A</arg>
<doc>Get a cell value in the given worksheet.</doc>
<msg timestamp="20240703 18:58:06.404" level="INFO">${account_number} = 527884558265</msg>
<status status="PASS" starttime="20240703 18:58:06.403" endtime="20240703 18:58:06.404"/>
</kw>
<kw name="Strip String" library="String">
<arg>${account_number}</arg>
<doc>Remove leading and/or trailing whitespaces from the given string.</doc>
<status status="PASS" starttime="20240703 18:58:06.404" endtime="20240703 18:58:06.404"/>
</kw>
<status status="PASS" starttime="20240703 18:58:06.403" endtime="20240703 18:58:06.404"/>
</iter>
<iter>
<var name="${row}">38</var>
<kw name="Log" library="BuiltIn">
<arg>${row}</arg>
<doc>Logs the given message with the given level.</doc>
<msg timestamp="20240703 18:58:06.405" level="INFO">38</msg>
<status status="PASS" starttime="20240703 18:58:06.404" endtime="20240703 18:58:06.405"/>
</kw>
<kw name="Get Cell Value" library="Autosphere.Excel.Files">
<var>${account_number}</var>
<arg>${row}</arg>
<arg>A</arg>
<doc>Get a cell value in the given worksheet.</doc>
<msg timestamp="20240703 18:58:06.405" level="INFO">${account_number} = 523875825082</msg>
<status status="PASS" starttime="20240703 18:58:06.405" endtime="20240703 18:58:06.405"/>
</kw>
<kw name="Strip String" library="String">
<arg>${account_number}</arg>
<doc>Remove leading and/or trailing whitespaces from the given string.</doc>
<status status="PASS" starttime="20240703 18:58:06.405" endtime="20240703 18:58:06.406"/>
</kw>
<status status="PASS" starttime="20240703 18:58:06.404" endtime="20240703 18:58:06.406"/>
</iter>
<iter>
<var name="${row}">39</var>
<kw name="Log" library="BuiltIn">
<arg>${row}</arg>
<doc>Logs the given message with the given level.</doc>
<msg timestamp="20240703 18:58:06.407" level="INFO">39</msg>
<status status="PASS" starttime="20240703 18:58:06.406" endtime="20240703 18:58:06.407"/>
</kw>
<kw name="Get Cell Value" library="Autosphere.Excel.Files">
<var>${account_number}</var>
<arg>${row}</arg>
<arg>A</arg>
<doc>Get a cell value in the given worksheet.</doc>
<msg timestamp="20240703 18:58:06.408" level="INFO">${account_number} = 521745235357</msg>
<status status="PASS" starttime="20240703 18:58:06.407" endtime="20240703 18:58:06.408"/>
</kw>
<kw name="Strip String" library="String">
<arg>${account_number}</arg>
<doc>Remove leading and/or trailing whitespaces from the given string.</doc>
<status status="PASS" starttime="20240703 18:58:06.408" endtime="20240703 18:58:06.408"/>
</kw>
<status status="PASS" starttime="20240703 18:58:06.406" endtime="20240703 18:58:06.408"/>
</iter>
<iter>
<var name="${row}">40</var>
<kw name="Log" library="BuiltIn">
<arg>${row}</arg>
<doc>Logs the given message with the given level.</doc>
<msg timestamp="20240703 18:58:06.409" level="INFO">40</msg>
<status status="PASS" starttime="20240703 18:58:06.408" endtime="20240703 18:58:06.409"/>
</kw>
<kw name="Get Cell Value" library="Autosphere.Excel.Files">
<var>${account_number}</var>
<arg>${row}</arg>
<arg>A</arg>
<doc>Get a cell value in the given worksheet.</doc>
<msg timestamp="20240703 18:58:06.409" level="INFO">${account_number} = 519026718092</msg>
<status status="PASS" starttime="20240703 18:58:06.409" endtime="20240703 18:58:06.409"/>
</kw>
<kw name="Strip String" library="String">
<arg>${account_number}</arg>
<doc>Remove leading and/or trailing whitespaces from the given string.</doc>
<status status="PASS" starttime="20240703 18:58:06.409" endtime="20240703 18:58:06.409"/>
</kw>
<status status="PASS" starttime="20240703 18:58:06.408" endtime="20240703 18:58:06.409"/>
</iter>
<iter>
<var name="${row}">41</var>
<kw name="Log" library="BuiltIn">
<arg>${row}</arg>
<doc>Logs the given message with the given level.</doc>
<msg timestamp="20240703 18:58:06.410" level="INFO">41</msg>
<status status="PASS" starttime="20240703 18:58:06.410" endtime="20240703 18:58:06.410"/>
</kw>
<kw name="Get Cell Value" library="Autosphere.Excel.Files">
<var>${account_number}</var>
<arg>${row}</arg>
<arg>A</arg>
<doc>Get a cell value in the given worksheet.</doc>
<msg timestamp="20240703 18:58:06.410" level="INFO">${account_number} = 516135128321</msg>
<status status="PASS" starttime="20240703 18:58:06.410" endtime="20240703 18:58:06.410"/>
</kw>
<kw name="Strip String" library="String">
<arg>${account_number}</arg>
<doc>Remove leading and/or trailing whitespaces from the given string.</doc>
<status status="PASS" starttime="20240703 18:58:06.410" endtime="20240703 18:58:06.410"/>
</kw>
<status status="PASS" starttime="20240703 18:58:06.409" endtime="20240703 18:58:06.410"/>
</iter>
<iter>
<var name="${row}">42</var>
<kw name="Log" library="BuiltIn">
<arg>${row}</arg>
<doc>Logs the given message with the given level.</doc>
<msg timestamp="20240703 18:58:06.411" level="INFO">42</msg>
<status status="PASS" starttime="20240703 18:58:06.411" endtime="20240703 18:58:06.411"/>
</kw>
<kw name="Get Cell Value" library="Autosphere.Excel.Files">
<var>${account_number}</var>
<arg>${row}</arg>
<arg>A</arg>
<doc>Get a cell value in the given worksheet.</doc>
<msg timestamp="20240703 18:58:06.411" level="INFO">${account_number} = 514057410854</msg>
<status status="PASS" starttime="20240703 18:58:06.411" endtime="20240703 18:58:06.411"/>
</kw>
<kw name="Strip String" library="String">
<arg>${account_number}</arg>
<doc>Remove leading and/or trailing whitespaces from the given string.</doc>
<status status="PASS" starttime="20240703 18:58:06.411" endtime="20240703 18:58:06.411"/>
</kw>
<status status="PASS" starttime="20240703 18:58:06.410" endtime="20240703 18:58:06.411"/>
</iter>
<iter>
<var name="${row}">43</var>
<kw name="Log" library="BuiltIn">
<arg>${row}</arg>
<doc>Logs the given message with the given level.</doc>
<msg timestamp="20240703 18:58:06.412" level="INFO">43</msg>
<status status="PASS" starttime="20240703 18:58:06.412" endtime="20240703 18:58:06.412"/>
</kw>
<kw name="Get Cell Value" library="Autosphere.Excel.Files">
<var>${account_number}</var>
<arg>${row}</arg>
<arg>A</arg>
<doc>Get a cell value in the given worksheet.</doc>
<msg timestamp="20240703 18:58:06.412" level="INFO">${account_number} = 497576185381</msg>
<status status="PASS" starttime="20240703 18:58:06.412" endtime="20240703 18:58:06.412"/>
</kw>
<kw name="Strip String" library="String">
<arg>${account_number}</arg>
<doc>Remove leading and/or trailing whitespaces from the given string.</doc>
<status status="PASS" starttime="20240703 18:58:06.412" endtime="20240703 18:58:06.412"/>
</kw>
<status status="PASS" starttime="20240703 18:58:06.412" endtime="20240703 18:58:06.413"/>
</iter>
<iter>
<var name="${row}">44</var>
<kw name="Log" library="BuiltIn">
<arg>${row}</arg>
<doc>Logs the given message with the given level.</doc>
<msg timestamp="20240703 18:58:06.413" level="INFO">44</msg>
<status status="PASS" starttime="20240703 18:58:06.413" endtime="20240703 18:58:06.413"/>
</kw>
<kw name="Get Cell Value" library="Autosphere.Excel.Files">
<var>${account_number}</var>
<arg>${row}</arg>
<arg>A</arg>
<doc>Get a cell value in the given worksheet.</doc>
<msg timestamp="20240703 18:58:06.413" level="INFO">${account_number} = 475141512546</msg>
<status status="PASS" starttime="20240703 18:58:06.413" endtime="20240703 18:58:06.413"/>
</kw>
<kw name="Strip String" library="String">
<arg>${account_number}</arg>
<doc>Remove leading and/or trailing whitespaces from the given string.</doc>
<status status="PASS" starttime="20240703 18:58:06.413" endtime="20240703 18:58:06.414"/>
</kw>
<status status="PASS" starttime="20240703 18:58:06.413" endtime="20240703 18:58:06.414"/>
</iter>
<iter>
<var name="${row}">45</var>
<kw name="Log" library="BuiltIn">
<arg>${row}</arg>
<doc>Logs the given message with the given level.</doc>
<msg timestamp="20240703 18:58:06.414" level="INFO">45</msg>
<status status="PASS" starttime="20240703 18:58:06.414" endtime="20240703 18:58:06.414"/>
</kw>
<kw name="Get Cell Value" library="Autosphere.Excel.Files">
<var>${account_number}</var>
<arg>${row}</arg>
<arg>A</arg>
<doc>Get a cell value in the given worksheet.</doc>
<msg timestamp="20240703 18:58:06.414" level="INFO">${account_number} = 465146174334</msg>
<status status="PASS" starttime="20240703 18:58:06.414" endtime="20240703 18:58:06.414"/>
</kw>
<kw name="Strip String" library="String">
<arg>${account_number}</arg>
<doc>Remove leading and/or trailing whitespaces from the given string.</doc>
<status status="PASS" starttime="20240703 18:58:06.414" endtime="20240703 18:58:06.415"/>
</kw>
<status status="PASS" starttime="20240703 18:58:06.414" endtime="20240703 18:58:06.415"/>
</iter>
<iter>
<var name="${row}">46</var>
<kw name="Log" library="BuiltIn">
<arg>${row}</arg>
<doc>Logs the given message with the given level.</doc>
<msg timestamp="20240703 18:58:06.415" level="INFO">46</msg>
<status status="PASS" starttime="20240703 18:58:06.415" endtime="20240703 18:58:06.415"/>
</kw>
<kw name="Get Cell Value" library="Autosphere.Excel.Files">
<var>${account_number}</var>
<arg>${row}</arg>
<arg>A</arg>
<doc>Get a cell value in the given worksheet.</doc>
<msg timestamp="20240703 18:58:06.415" level="INFO">${account_number} = 457451354153</msg>
<status status="PASS" starttime="20240703 18:58:06.415" endtime="20240703 18:58:06.416"/>
</kw>
<kw name="Strip String" library="String">
<arg>${account_number}</arg>
<doc>Remove leading and/or trailing whitespaces from the given string.</doc>
<status status="PASS" starttime="20240703 18:58:06.417" endtime="20240703 18:58:06.417"/>
</kw>
<status status="PASS" starttime="20240703 18:58:06.415" endtime="20240703 18:58:06.417"/>
</iter>
<iter>
<var name="${row}">47</var>
<kw name="Log" library="BuiltIn">
<arg>${row}</arg>
<doc>Logs the given message with the given level.</doc>
<msg timestamp="20240703 18:58:06.417" level="INFO">47</msg>
<status status="PASS" starttime="20240703 18:58:06.417" endtime="20240703 18:58:06.417"/>
</kw>
<kw name="Get Cell Value" library="Autosphere.Excel.Files">
<var>${account_number}</var>
<arg>${row}</arg>
<arg>A</arg>
<doc>Get a cell value in the given worksheet.</doc>
<msg timestamp="20240703 18:58:06.418" level="INFO">${account_number} = 438715614951</msg>
<status status="PASS" starttime="20240703 18:58:06.417" endtime="20240703 18:58:06.418"/>
</kw>
<kw name="Strip String" library="String">
<arg>${account_number}</arg>
<doc>Remove leading and/or trailing whitespaces from the given string.</doc>
<status status="PASS" starttime="20240703 18:58:06.418" endtime="20240703 18:58:06.418"/>
</kw>
<status status="PASS" starttime="20240703 18:58:06.417" endtime="20240703 18:58:06.418"/>
</iter>
<iter>
<var name="${row}">48</var>
<kw name="Log" library="BuiltIn">
<arg>${row}</arg>
<doc>Logs the given message with the given level.</doc>
<msg timestamp="20240703 18:58:06.418" level="INFO">48</msg>
<status status="PASS" starttime="20240703 18:58:06.418" endtime="20240703 18:58:06.418"/>
</kw>
<kw name="Get Cell Value" library="Autosphere.Excel.Files">
<var>${account_number}</var>
<arg>${row}</arg>
<arg>A</arg>
<doc>Get a cell value in the given worksheet.</doc>
<msg timestamp="20240703 18:58:06.419" level="INFO">${account_number} = 438295417342</msg>
<status status="PASS" starttime="20240703 18:58:06.418" endtime="20240703 18:58:06.419"/>
</kw>
<kw name="Strip String" library="String">
<arg>${account_number}</arg>
<doc>Remove leading and/or trailing whitespaces from the given string.</doc>
<status status="PASS" starttime="20240703 18:58:06.419" endtime="20240703 18:58:06.419"/>
</kw>
<status status="PASS" starttime="20240703 18:58:06.418" endtime="20240703 18:58:06.419"/>
</iter>
<iter>
<var name="${row}">49</var>
<kw name="Log" library="BuiltIn">
<arg>${row}</arg>
<doc>Logs the given message with the given level.</doc>
<msg timestamp="20240703 18:58:06.419" level="INFO">49</msg>
<status status="PASS" starttime="20240703 18:58:06.419" endtime="20240703 18:58:06.419"/>
</kw>
<kw name="Get Cell Value" library="Autosphere.Excel.Files">
<var>${account_number}</var>
<arg>${row}</arg>
<arg>A</arg>
<doc>Get a cell value in the given worksheet.</doc>
<msg timestamp="20240703 18:58:06.420" level="INFO">${account_number} = 435987737461</msg>
<status status="PASS" starttime="20240703 18:58:06.420" endtime="20240703 18:58:06.420"/>
</kw>
<kw name="Strip String" library="String">
<arg>${account_number}</arg>
<doc>Remove leading and/or trailing whitespaces from the given string.</doc>
<status status="PASS" starttime="20240703 18:58:06.420" endtime="20240703 18:58:06.420"/>
</kw>
<status status="PASS" starttime="20240703 18:58:06.419" endtime="20240703 18:58:06.420"/>
</iter>
<iter>
<var name="${row}">50</var>
<kw name="Log" library="BuiltIn">
<arg>${row}</arg>
<doc>Logs the given message with the given level.</doc>
<msg timestamp="20240703 18:58:06.421" level="INFO">50</msg>
<status status="PASS" starttime="20240703 18:58:06.420" endtime="20240703 18:58:06.421"/>
</kw>
<kw name="Get Cell Value" library="Autosphere.Excel.Files">
<var>${account_number}</var>
<arg>${row}</arg>
<arg>A</arg>
<doc>Get a cell value in the given worksheet.</doc>
<msg timestamp="20240703 18:58:06.421" level="INFO">${account_number} = 435245254294</msg>
<status status="PASS" starttime="20240703 18:58:06.421" endtime="20240703 18:58:06.421"/>
</kw>
<kw name="Strip String" library="String">
<arg>${account_number}</arg>
<doc>Remove leading and/or trailing whitespaces from the given string.</doc>
<status status="PASS" starttime="20240703 18:58:06.421" endtime="20240703 18:58:06.421"/>
</kw>
<status status="PASS" starttime="20240703 18:58:06.420" endtime="20240703 18:58:06.421"/>
</iter>
<iter>
<var name="${row}">51</var>
<kw name="Log" library="BuiltIn">
<arg>${row}</arg>
<doc>Logs the given message with the given level.</doc>
<msg timestamp="20240703 18:58:06.422" level="INFO">51</msg>
<status status="PASS" starttime="20240703 18:58:06.422" endtime="20240703 18:58:06.422"/>
</kw>
<kw name="Get Cell Value" library="Autosphere.Excel.Files">
<var>${account_number}</var>
<arg>${row}</arg>
<arg>A</arg>
<doc>Get a cell value in the given worksheet.</doc>
<msg timestamp="20240703 18:58:06.422" level="INFO">${account_number} = 435140514232</msg>
<status status="PASS" starttime="20240703 18:58:06.422" endtime="20240703 18:58:06.422"/>
</kw>
<kw name="Strip String" library="String">
<arg>${account_number}</arg>
<doc>Remove leading and/or trailing whitespaces from the given string.</doc>
<status status="PASS" starttime="20240703 18:58:06.422" endtime="20240703 18:58:06.423"/>
</kw>
<status status="PASS" starttime="20240703 18:58:06.421" endtime="20240703 18:58:06.423"/>
</iter>
<iter>
<var name="${row}">52</var>
<kw name="Log" library="BuiltIn">
<arg>${row}</arg>
<doc>Logs the given message with the given level.</doc>
<msg timestamp="20240703 18:58:06.424" level="INFO">52</msg>
<status status="PASS" starttime="20240703 18:58:06.423" endtime="20240703 18:58:06.424"/>
</kw>
<kw name="Get Cell Value" library="Autosphere.Excel.Files">
<var>${account_number}</var>
<arg>${row}</arg>
<arg>A</arg>
<doc>Get a cell value in the given worksheet.</doc>
<msg timestamp="20240703 18:58:06.425" level="INFO">${account_number} = 432164969213</msg>
<status status="PASS" starttime="20240703 18:58:06.424" endtime="20240703 18:58:06.425"/>
</kw>
<kw name="Strip String" library="String">
<arg>${account_number}</arg>
<doc>Remove leading and/or trailing whitespaces from the given string.</doc>
<status status="PASS" starttime="20240703 18:58:06.425" endtime="20240703 18:58:06.425"/>
</kw>
<status status="PASS" starttime="20240703 18:58:06.423" endtime="20240703 18:58:06.425"/>
</iter>
<iter>
<var name="${row}">53</var>
<kw name="Log" library="BuiltIn">
<arg>${row}</arg>
<doc>Logs the given message with the given level.</doc>
<msg timestamp="20240703 18:58:06.426" level="INFO">53</msg>
<status status="PASS" starttime="20240703 18:58:06.425" endtime="20240703 18:58:06.426"/>
</kw>
<kw name="Get Cell Value" library="Autosphere.Excel.Files">
<var>${account_number}</var>
<arg>${row}</arg>
<arg>A</arg>
<doc>Get a cell value in the given worksheet.</doc>
<msg timestamp="20240703 18:58:06.426" level="INFO">${account_number} = 431548713413</msg>
<status status="PASS" starttime="20240703 18:58:06.426" endtime="20240703 18:58:06.426"/>
</kw>
<kw name="Strip String" library="String">
<arg>${account_number}</arg>
<doc>Remove leading and/or trailing whitespaces from the given string.</doc>
<status status="PASS" starttime="20240703 18:58:06.426" endtime="20240703 18:58:06.426"/>
</kw>
<status status="PASS" starttime="20240703 18:58:06.425" endtime="20240703 18:58:06.426"/>
</iter>
<iter>
<var name="${row}">54</var>
<kw name="Log" library="BuiltIn">
<arg>${row}</arg>
<doc>Logs the given message with the given level.</doc>
<msg timestamp="20240703 18:58:06.427" level="INFO">54</msg>
<status status="PASS" starttime="20240703 18:58:06.427" endtime="20240703 18:58:06.427"/>
</kw>
<kw name="Get Cell Value" library="Autosphere.Excel.Files">
<var>${account_number}</var>
<arg>${row}</arg>
<arg>A</arg>
<doc>Get a cell value in the given worksheet.</doc>
<msg timestamp="20240703 18:58:06.427" level="INFO">${account_number} = 427812469345</msg>
<status status="PASS" starttime="20240703 18:58:06.427" endtime="20240703 18:58:06.427"/>
</kw>
<kw name="Strip String" library="String">
<arg>${account_number}</arg>
<doc>Remove leading and/or trailing whitespaces from the given string.</doc>
<status status="PASS" starttime="20240703 18:58:06.427" endtime="20240703 18:58:06.427"/>
</kw>
<status status="PASS" starttime="20240703 18:58:06.426" endtime="20240703 18:58:06.427"/>
</iter>
<iter>
<var name="${row}">55</var>
<kw name="Log" library="BuiltIn">
<arg>${row}</arg>
<doc>Logs the given message with the given level.</doc>
<msg timestamp="20240703 18:58:06.428" level="INFO">55</msg>
<status status="PASS" starttime="20240703 18:58:06.428" endtime="20240703 18:58:06.428"/>
</kw>
<kw name="Get Cell Value" library="Autosphere.Excel.Files">
<var>${account_number}</var>
<arg>${row}</arg>
<arg>A</arg>
<doc>Get a cell value in the given worksheet.</doc>
<msg timestamp="20240703 18:58:06.428" level="INFO">${account_number} = 425677632273</msg>
<status status="PASS" starttime="20240703 18:58:06.428" endtime="20240703 18:58:06.428"/>
</kw>
<kw name="Strip String" library="String">
<arg>${account_number}</arg>
<doc>Remove leading and/or trailing whitespaces from the given string.</doc>
<status status="PASS" starttime="20240703 18:58:06.428" endtime="20240703 18:58:06.429"/>
</kw>
<status status="PASS" starttime="20240703 18:58:06.428" endtime="20240703 18:58:06.429"/>
</iter>
<iter>
<var name="${row}">56</var>
<kw name="Log" library="BuiltIn">
<arg>${row}</arg>
<doc>Logs the given message with the given level.</doc>
<msg timestamp="20240703 18:58:06.429" level="INFO">56</msg>
<status status="PASS" starttime="20240703 18:58:06.429" endtime="20240703 18:58:06.429"/>
</kw>
<kw name="Get Cell Value" library="Autosphere.Excel.Files">
<var>${account_number}</var>
<arg>${row}</arg>
<arg>A</arg>
<doc>Get a cell value in the given worksheet.</doc>
<msg timestamp="20240703 18:58:06.429" level="INFO">${account_number} = 425617438421</msg>
<status status="PASS" starttime="20240703 18:58:06.429" endtime="20240703 18:58:06.429"/>
</kw>
<kw name="Strip String" library="String">
<arg>${account_number}</arg>
<doc>Remove leading and/or trailing whitespaces from the given string.</doc>
<status status="PASS" starttime="20240703 18:58:06.429" endtime="20240703 18:58:06.430"/>
</kw>
<status status="PASS" starttime="20240703 18:58:06.429" endtime="20240703 18:58:06.430"/>
</iter>
<iter>
<var name="${row}">57</var>
<kw name="Log" library="BuiltIn">
<arg>${row}</arg>
<doc>Logs the given message with the given level.</doc>
<msg timestamp="20240703 18:58:06.430" level="INFO">57</msg>
<status status="PASS" starttime="20240703 18:58:06.430" endtime="20240703 18:58:06.430"/>
</kw>
<kw name="Get Cell Value" library="Autosphere.Excel.Files">
<var>${account_number}</var>
<arg>${row}</arg>
<arg>A</arg>
<doc>Get a cell value in the given worksheet.</doc>
<msg timestamp="20240703 18:58:06.430" level="INFO">${account_number} = 421745839721</msg>
<status status="PASS" starttime="20240703 18:58:06.430" endtime="20240703 18:58:06.430"/>
</kw>
<kw name="Strip String" library="String">
<arg>${account_number}</arg>
<doc>Remove leading and/or trailing whitespaces from the given string.</doc>
<status status="PASS" starttime="20240703 18:58:06.430" endtime="20240703 18:58:06.431"/>
</kw>
<status status="PASS" starttime="20240703 18:58:06.430" endtime="20240703 18:58:06.431"/>
</iter>
<iter>
<var name="${row}">58</var>
<kw name="Log" library="BuiltIn">
<arg>${row}</arg>
<doc>Logs the given message with the given level.</doc>
<msg timestamp="20240703 18:58:06.431" level="INFO">58</msg>
<status status="PASS" starttime="20240703 18:58:06.431" endtime="20240703 18:58:06.431"/>
</kw>
<kw name="Get Cell Value" library="Autosphere.Excel.Files">
<var>${account_number}</var>
<arg>${row}</arg>
<arg>A</arg>
<doc>Get a cell value in the given worksheet.</doc>
<msg timestamp="20240703 18:58:06.431" level="INFO">${account_number} = 342654494394</msg>
<status status="PASS" starttime="20240703 18:58:06.431" endtime="20240703 18:58:06.431"/>
</kw>
<kw name="Strip String" library="String">
<arg>${account_number}</arg>
<doc>Remove leading and/or trailing whitespaces from the given string.</doc>
<status status="PASS" starttime="20240703 18:58:06.432" endtime="20240703 18:58:06.432"/>
</kw>
<status status="PASS" starttime="20240703 18:58:06.431" endtime="20240703 18:58:06.432"/>
</iter>
<iter>
<var name="${row}">59</var>
<kw name="Log" library="BuiltIn">
<arg>${row}</arg>
<doc>Logs the given message with the given level.</doc>
<msg timestamp="20240703 18:58:06.432" level="INFO">59</msg>
<status status="PASS" starttime="20240703 18:58:06.432" endtime="20240703 18:58:06.432"/>
</kw>
<kw name="Get Cell Value" library="Autosphere.Excel.Files">
<var>${account_number}</var>
<arg>${row}</arg>
<arg>A</arg>
<doc>Get a cell value in the given worksheet.</doc>
<msg timestamp="20240703 18:58:06.432" level="INFO">${account_number} = 337622298764</msg>
<status status="PASS" starttime="20240703 18:58:06.432" endtime="20240703 18:58:06.433"/>
</kw>
<kw name="Strip String" library="String">
<arg>${account_number}</arg>
<doc>Remove leading and/or trailing whitespaces from the given string.</doc>
<status status="PASS" starttime="20240703 18:58:06.433" endtime="20240703 18:58:06.433"/>
</kw>
<status status="PASS" starttime="20240703 18:58:06.432" endtime="20240703 18:58:06.433"/>
</iter>
<iter>
<var name="${row}">60</var>
<kw name="Log" library="BuiltIn">
<arg>${row}</arg>
<doc>Logs the given message with the given level.</doc>
<msg timestamp="20240703 18:58:06.433" level="INFO">60</msg>
<status status="PASS" starttime="20240703 18:58:06.433" endtime="20240703 18:58:06.433"/>
</kw>
<kw name="Get Cell Value" library="Autosphere.Excel.Files">
<var>${account_number}</var>
<arg>${row}</arg>
<arg>A</arg>
<doc>Get a cell value in the given worksheet.</doc>
<msg timestamp="20240703 18:58:06.434" level="INFO">${account_number} = 324665286556</msg>
<status status="PASS" starttime="20240703 18:58:06.433" endtime="20240703 18:58:06.434"/>
</kw>
<kw name="Strip String" library="String">
<arg>${account_number}</arg>
<doc>Remove leading and/or trailing whitespaces from the given string.</doc>
<status status="PASS" starttime="20240703 18:58:06.434" endtime="20240703 18:58:06.434"/>
</kw>
<status status="PASS" starttime="20240703 18:58:06.433" endtime="20240703 18:58:06.434"/>
</iter>
<iter>
<var name="${row}">61</var>
<kw name="Log" library="BuiltIn">
<arg>${row}</arg>
<doc>Logs the given message with the given level.</doc>
<msg timestamp="20240703 18:58:06.434" level="INFO">61</msg>
<status status="PASS" starttime="20240703 18:58:06.434" endtime="20240703 18:58:06.434"/>
</kw>
<kw name="Get Cell Value" library="Autosphere.Excel.Files">
<var>${account_number}</var>
<arg>${row}</arg>
<arg>A</arg>
<doc>Get a cell value in the given worksheet.</doc>
<msg timestamp="20240703 18:58:06.434" level="INFO">${account_number} = 321569321673</msg>
<status status="PASS" starttime="20240703 18:58:06.434" endtime="20240703 18:58:06.434"/>
</kw>
<kw name="Strip String" library="String">
<arg>${account_number}</arg>
<doc>Remove leading and/or trailing whitespaces from the given string.</doc>
<status status="PASS" starttime="20240703 18:58:06.434" endtime="20240703 18:58:06.435"/>
</kw>
<status status="PASS" starttime="20240703 18:58:06.434" endtime="20240703 18:58:06.435"/>
</iter>
<iter>
<var name="${row}">62</var>
<kw name="Log" library="BuiltIn">
<arg>${row}</arg>
<doc>Logs the given message with the given level.</doc>
<msg timestamp="20240703 18:58:06.435" level="INFO">62</msg>
<status status="PASS" starttime="20240703 18:58:06.435" endtime="20240703 18:58:06.435"/>
</kw>
<kw name="Get Cell Value" library="Autosphere.Excel.Files">
<var>${account_number}</var>
<arg>${row}</arg>
<arg>A</arg>
<doc>Get a cell value in the given worksheet.</doc>
<msg timestamp="20240703 18:58:06.435" level="INFO">${account_number} = 315849263716</msg>
<status status="PASS" starttime="20240703 18:58:06.435" endtime="20240703 18:58:06.435"/>
</kw>
<kw name="Strip String" library="String">
<arg>${account_number}</arg>
<doc>Remove leading and/or trailing whitespaces from the given string.</doc>
<status status="PASS" starttime="20240703 18:58:06.436" endtime="20240703 18:58:06.436"/>
</kw>
<status status="PASS" starttime="20240703 18:58:06.435" endtime="20240703 18:58:06.436"/>
</iter>
<iter>
<var name="${row}">63</var>
<kw name="Log" library="BuiltIn">
<arg>${row}</arg>
<doc>Logs the given message with the given level.</doc>
<msg timestamp="20240703 18:58:06.436" level="INFO">63</msg>
<status status="PASS" starttime="20240703 18:58:06.436" endtime="20240703 18:58:06.436"/>
</kw>
<kw name="Get Cell Value" library="Autosphere.Excel.Files">
<var>${account_number}</var>
<arg>${row}</arg>
<arg>A</arg>
<doc>Get a cell value in the given worksheet.</doc>
<msg timestamp="20240703 18:58:06.437" level="INFO">${account_number} = 294352719852</msg>
<status status="PASS" starttime="20240703 18:58:06.436" endtime="20240703 18:58:06.437"/>
</kw>
<kw name="Strip String" library="String">
<arg>${account_number}</arg>
<doc>Remove leading and/or trailing whitespaces from the given string.</doc>
<status status="PASS" starttime="20240703 18:58:06.437" endtime="20240703 18:58:06.437"/>
</kw>
<status status="PASS" starttime="20240703 18:58:06.436" endtime="20240703 18:58:06.437"/>
</iter>
<iter>
<var name="${row}">64</var>
<kw name="Log" library="BuiltIn">
<arg>${row}</arg>
<doc>Logs the given message with the given level.</doc>
<msg timestamp="20240703 18:58:06.438" level="INFO">64</msg>
<status status="PASS" starttime="20240703 18:58:06.437" endtime="20240703 18:58:06.438"/>
</kw>
<kw name="Get Cell Value" library="Autosphere.Excel.Files">
<var>${account_number}</var>
<arg>${row}</arg>
<arg>A</arg>
<doc>Get a cell value in the given worksheet.</doc>
<msg timestamp="20240703 18:58:06.439" level="INFO">${account_number} = 276895644471</msg>
<status status="PASS" starttime="20240703 18:58:06.438" endtime="20240703 18:58:06.439"/>
</kw>
<kw name="Strip String" library="String">
<arg>${account_number}</arg>
<doc>Remove leading and/or trailing whitespaces from the given string.</doc>
<status status="PASS" starttime="20240703 18:58:06.439" endtime="20240703 18:58:06.439"/>
</kw>
<status status="PASS" starttime="20240703 18:58:06.437" endtime="20240703 18:58:06.439"/>
</iter>
<iter>
<var name="${row}">65</var>
<kw name="Log" library="BuiltIn">
<arg>${row}</arg>
<doc>Logs the given message with the given level.</doc>
<msg timestamp="20240703 18:58:06.440" level="INFO">65</msg>
<status status="PASS" starttime="20240703 18:58:06.440" endtime="20240703 18:58:06.440"/>
</kw>
<kw name="Get Cell Value" library="Autosphere.Excel.Files">
<var>${account_number}</var>
<arg>${row}</arg>
<arg>A</arg>
<doc>Get a cell value in the given worksheet.</doc>
<msg timestamp="20240703 18:58:06.440" level="INFO">${account_number} = 266475234461</msg>
<status status="PASS" starttime="20240703 18:58:06.440" endtime="20240703 18:58:06.440"/>
</kw>
<kw name="Strip String" library="String">
<arg>${account_number}</arg>
<doc>Remove leading and/or trailing whitespaces from the given string.</doc>
<status status="PASS" starttime="20240703 18:58:06.441" endtime="20240703 18:58:06.441"/>
</kw>
<status status="PASS" starttime="20240703 18:58:06.440" endtime="20240703 18:58:06.441"/>
</iter>
<iter>
<var name="${row}">66</var>
<kw name="Log" library="BuiltIn">
<arg>${row}</arg>
<doc>Logs the given message with the given level.</doc>
<msg timestamp="20240703 18:58:06.441" level="INFO">66</msg>
<status status="PASS" starttime="20240703 18:58:06.441" endtime="20240703 18:58:06.441"/>
</kw>
<kw name="Get Cell Value" library="Autosphere.Excel.Files">
<var>${account_number}</var>
<arg>${row}</arg>
<arg>A</arg>
<doc>Get a cell value in the given worksheet.</doc>
<msg timestamp="20240703 18:58:06.442" level="INFO">${account_number} = 237983264762</msg>
<status status="PASS" starttime="20240703 18:58:06.441" endtime="20240703 18:58:06.442"/>
</kw>
<kw name="Strip String" library="String">
<arg>${account_number}</arg>
<doc>Remove leading and/or trailing whitespaces from the given string.</doc>
<status status="PASS" starttime="20240703 18:58:06.442" endtime="20240703 18:58:06.442"/>
</kw>
<status status="PASS" starttime="20240703 18:58:06.441" endtime="20240703 18:58:06.442"/>
</iter>
<iter>
<var name="${row}">67</var>
<kw name="Log" library="BuiltIn">
<arg>${row}</arg>
<doc>Logs the given message with the given level.</doc>
<msg timestamp="20240703 18:58:06.442" level="INFO">67</msg>
<status status="PASS" starttime="20240703 18:58:06.442" endtime="20240703 18:58:06.442"/>
</kw>
<kw name="Get Cell Value" library="Autosphere.Excel.Files">
<var>${account_number}</var>
<arg>${row}</arg>
<arg>A</arg>
<doc>Get a cell value in the given worksheet.</doc>
<msg timestamp="20240703 18:58:06.443" level="INFO">${account_number} = 231467125653</msg>
<status status="PASS" starttime="20240703 18:58:06.442" endtime="20240703 18:58:06.443"/>
</kw>
<kw name="Strip String" library="String">
<arg>${account_number}</arg>
<doc>Remove leading and/or trailing whitespaces from the given string.</doc>
<status status="PASS" starttime="20240703 18:58:06.443" endtime="20240703 18:58:06.443"/>
</kw>
<status status="PASS" starttime="20240703 18:58:06.442" endtime="20240703 18:58:06.443"/>
</iter>
<iter>
<var name="${row}">68</var>
<kw name="Log" library="BuiltIn">
<arg>${row}</arg>
<doc>Logs the given message with the given level.</doc>
<msg timestamp="20240703 18:58:06.443" level="INFO">68</msg>
<status status="PASS" starttime="20240703 18:58:06.443" endtime="20240703 18:58:06.443"/>
</kw>
<kw name="Get Cell Value" library="Autosphere.Excel.Files">
<var>${account_number}</var>
<arg>${row}</arg>
<arg>A</arg>
<doc>Get a cell value in the given worksheet.</doc>
<msg timestamp="20240703 18:58:06.444" level="INFO">${account_number} = 226945727686</msg>
<status status="PASS" starttime="20240703 18:58:06.443" endtime="20240703 18:58:06.444"/>
</kw>
<kw name="Strip String" library="String">
<arg>${account_number}</arg>
<doc>Remove leading and/or trailing whitespaces from the given string.</doc>
<status status="PASS" starttime="20240703 18:58:06.444" endtime="20240703 18:58:06.444"/>
</kw>
<status status="PASS" starttime="20240703 18:58:06.443" endtime="20240703 18:58:06.444"/>
</iter>
<iter>
<var name="${row}">69</var>
<kw name="Log" library="BuiltIn">
<arg>${row}</arg>
<doc>Logs the given message with the given level.</doc>
<msg timestamp="20240703 18:58:06.444" level="INFO">69</msg>
<status status="PASS" starttime="20240703 18:58:06.444" endtime="20240703 18:58:06.444"/>
</kw>
<kw name="Get Cell Value" library="Autosphere.Excel.Files">
<var>${account_number}</var>
<arg>${row}</arg>
<arg>A</arg>
<doc>Get a cell value in the given worksheet.</doc>
<msg timestamp="20240703 18:58:06.445" level="INFO">${account_number} = 216776658542</msg>
<status status="PASS" starttime="20240703 18:58:06.445" endtime="20240703 18:58:06.445"/>
</kw>
<kw name="Strip String" library="String">
<arg>${account_number}</arg>
<doc>Remove leading and/or trailing whitespaces from the given string.</doc>
<status status="PASS" starttime="20240703 18:58:06.445" endtime="20240703 18:58:06.445"/>
</kw>
<status status="PASS" starttime="20240703 18:58:06.444" endtime="20240703 18:58:06.445"/>
</iter>
<iter>
<var name="${row}">70</var>
<kw name="Log" library="BuiltIn">
<arg>${row}</arg>
<doc>Logs the given message with the given level.</doc>
<msg timestamp="20240703 18:58:06.445" level="INFO">70</msg>
<status status="PASS" starttime="20240703 18:58:06.445" endtime="20240703 18:58:06.446"/>
</kw>
<kw name="Get Cell Value" library="Autosphere.Excel.Files">
<var>${account_number}</var>
<arg>${row}</arg>
<arg>A</arg>
<doc>Get a cell value in the given worksheet.</doc>
<msg timestamp="20240703 18:58:06.446" level="INFO">${account_number} = 213565765285</msg>
<status status="PASS" starttime="20240703 18:58:06.446" endtime="20240703 18:58:06.446"/>
</kw>
<kw name="Strip String" library="String">
<arg>${account_number}</arg>
<doc>Remove leading and/or trailing whitespaces from the given string.</doc>
<status status="PASS" starttime="20240703 18:58:06.446" endtime="20240703 18:58:06.446"/>
</kw>
<status status="PASS" starttime="20240703 18:58:06.445" endtime="20240703 18:58:06.446"/>
</iter>
<iter>
<var name="${row}">71</var>
<kw name="Log" library="BuiltIn">
<arg>${row}</arg>
<doc>Logs the given message with the given level.</doc>
<msg timestamp="20240703 18:58:06.447" level="INFO">71</msg>
<status status="PASS" starttime="20240703 18:58:06.446" endtime="20240703 18:58:06.447"/>
</kw>
<kw name="Get Cell Value" library="Autosphere.Excel.Files">
<var>${account_number}</var>
<arg>${row}</arg>
<arg>A</arg>
<doc>Get a cell value in the given worksheet.</doc>
<msg timestamp="20240703 18:58:06.447" level="INFO">${account_number} = 212148294446</msg>
<status status="PASS" starttime="20240703 18:58:06.447" endtime="20240703 18:58:06.447"/>
</kw>
<kw name="Strip String" library="String">
<arg>${account_number}</arg>
<doc>Remove leading and/or trailing whitespaces from the given string.</doc>
<status status="PASS" starttime="20240703 18:58:06.447" endtime="20240703 18:58:06.447"/>
</kw>
<status status="PASS" starttime="20240703 18:58:06.446" endtime="20240703 18:58:06.447"/>
</iter>
<iter>
<var name="${row}">72</var>
<kw name="Log" library="BuiltIn">
<arg>${row}</arg>
<doc>Logs the given message with the given level.</doc>
<msg timestamp="20240703 18:58:06.449" level="INFO">72</msg>
<status status="PASS" starttime="20240703 18:58:06.449" endtime="20240703 18:58:06.449"/>
</kw>
<kw name="Get Cell Value" library="Autosphere.Excel.Files">
<var>${account_number}</var>
<arg>${row}</arg>
<arg>A</arg>
<doc>Get a cell value in the given worksheet.</doc>
<msg timestamp="20240703 18:58:06.449" level="INFO">${account_number} = 157613613135</msg>
<status status="PASS" starttime="20240703 18:58:06.449" endtime="20240703 18:58:06.449"/>
</kw>
<kw name="Strip String" library="String">
<arg>${account_number}</arg>
<doc>Remove leading and/or trailing whitespaces from the given string.</doc>
<status status="PASS" starttime="20240703 18:58:06.449" endtime="20240703 18:58:06.449"/>
</kw>
<status status="PASS" starttime="20240703 18:58:06.447" endtime="20240703 18:58:06.449"/>
</iter>
<iter>
<var name="${row}">73</var>
<kw name="Log" library="BuiltIn">
<arg>${row}</arg>
<doc>Logs the given message with the given level.</doc>
<msg timestamp="20240703 18:58:06.450" level="INFO">73</msg>
<status status="PASS" starttime="20240703 18:58:06.450" endtime="20240703 18:58:06.450"/>
</kw>
<kw name="Get Cell Value" library="Autosphere.Excel.Files">
<var>${account_number}</var>
<arg>${row}</arg>
<arg>A</arg>
<doc>Get a cell value in the given worksheet.</doc>
<msg timestamp="20240703 18:58:06.450" level="INFO">${account_number} = 147151671454</msg>
<status status="PASS" starttime="20240703 18:58:06.450" endtime="20240703 18:58:06.450"/>
</kw>
<kw name="Strip String" library="String">
<arg>${account_number}</arg>
<doc>Remove leading and/or trailing whitespaces from the given string.</doc>
<status status="PASS" starttime="20240703 18:58:06.450" endtime="20240703 18:58:06.450"/>
</kw>
<status status="PASS" starttime="20240703 18:58:06.449" endtime="20240703 18:58:06.450"/>
</iter>
<iter>
<var name="${row}">74</var>
<kw name="Log" library="BuiltIn">
<arg>${row}</arg>
<doc>Logs the given message with the given level.</doc>
<msg timestamp="20240703 18:58:06.451" level="INFO">74</msg>
<status status="PASS" starttime="20240703 18:58:06.451" endtime="20240703 18:58:06.451"/>
</kw>
<kw name="Get Cell Value" library="Autosphere.Excel.Files">
<var>${account_number}</var>
<arg>${row}</arg>
<arg>A</arg>
<doc>Get a cell value in the given worksheet.</doc>
<msg timestamp="20240703 18:58:06.451" level="INFO">${account_number} = 135610116621</msg>
<status status="PASS" starttime="20240703 18:58:06.451" endtime="20240703 18:58:06.451"/>
</kw>
<kw name="Strip String" library="String">
<arg>${account_number}</arg>
<doc>Remove leading and/or trailing whitespaces from the given string.</doc>
<status status="PASS" starttime="20240703 18:58:06.451" endtime="20240703 18:58:06.451"/>
</kw>
<status status="PASS" starttime="20240703 18:58:06.451" endtime="20240703 18:58:06.452"/>
</iter>
<iter>
<var name="${row}">75</var>
<kw name="Log" library="BuiltIn">
<arg>${row}</arg>
<doc>Logs the given message with the given level.</doc>
<msg timestamp="20240703 18:58:06.452" level="INFO">75</msg>
<status status="PASS" starttime="20240703 18:58:06.452" endtime="20240703 18:58:06.452"/>
</kw>
<kw name="Get Cell Value" library="Autosphere.Excel.Files">
<var>${account_number}</var>
<arg>${row}</arg>
<arg>A</arg>
<doc>Get a cell value in the given worksheet.</doc>
<msg timestamp="20240703 18:58:06.452" level="INFO">${account_number} = 128757804685</msg>
<status status="PASS" starttime="20240703 18:58:06.452" endtime="20240703 18:58:06.452"/>
</kw>
<kw name="Strip String" library="String">
<arg>${account_number}</arg>
<doc>Remove leading and/or trailing whitespaces from the given string.</doc>
<status status="PASS" starttime="20240703 18:58:06.452" endtime="20240703 18:58:06.453"/>
</kw>
<status status="PASS" starttime="20240703 18:58:06.452" endtime="20240703 18:58:06.453"/>
</iter>
<iter>
<var name="${row}">76</var>
<kw name="Log" library="BuiltIn">
<arg>${row}</arg>
<doc>Logs the given message with the given level.</doc>
<msg timestamp="20240703 18:58:06.453" level="INFO">76</msg>
<status status="PASS" starttime="20240703 18:58:06.453" endtime="20240703 18:58:06.453"/>
</kw>
<kw name="Get Cell Value" library="Autosphere.Excel.Files">
<var>${account_number}</var>
<arg>${row}</arg>
<arg>A</arg>
<doc>Get a cell value in the given worksheet.</doc>
<msg timestamp="20240703 18:58:06.453" level="INFO">${account_number} = 123467782922</msg>
<status status="PASS" starttime="20240703 18:58:06.453" endtime="20240703 18:58:06.453"/>
</kw>
<kw name="Strip String" library="String">
<arg>${account_number}</arg>
<doc>Remove leading and/or trailing whitespaces from the given string.</doc>
<status status="PASS" starttime="20240703 18:58:06.453" endtime="20240703 18:58:06.454"/>
</kw>
<status status="PASS" starttime="20240703 18:58:06.453" endtime="20240703 18:58:06.454"/>
</iter>
<iter>
<var name="${row}">77</var>
<kw name="Log" library="BuiltIn">
<arg>${row}</arg>
<doc>Logs the given message with the given level.</doc>
<msg timestamp="20240703 18:58:06.454" level="INFO">77</msg>
<status status="PASS" starttime="20240703 18:58:06.454" endtime="20240703 18:58:06.454"/>
</kw>
<kw name="Get Cell Value" library="Autosphere.Excel.Files">
<var>${account_number}</var>
<arg>${row}</arg>
<arg>A</arg>
<doc>Get a cell value in the given worksheet.</doc>
<msg timestamp="20240703 18:58:06.455" level="INFO">${account_number} = 121010561332</msg>
<status status="PASS" starttime="20240703 18:58:06.454" endtime="20240703 18:58:06.455"/>
</kw>
<kw name="Strip String" library="String">
<arg>${account_number}</arg>
<doc>Remove leading and/or trailing whitespaces from the given string.</doc>
<status status="PASS" starttime="20240703 18:58:06.455" endtime="20240703 18:58:06.455"/>
</kw>
<status status="PASS" starttime="20240703 18:58:06.454" endtime="20240703 18:58:06.455"/>
</iter>
<iter>
<var name="${row}">78</var>
<kw name="Log" library="BuiltIn">
<arg>${row}</arg>
<doc>Logs the given message with the given level.</doc>
<msg timestamp="20240703 18:58:06.456" level="INFO">78</msg>
<status status="PASS" starttime="20240703 18:58:06.456" endtime="20240703 18:58:06.456"/>
</kw>
<kw name="Get Cell Value" library="Autosphere.Excel.Files">
<var>${account_number}</var>
<arg>${row}</arg>
<arg>A</arg>
<doc>Get a cell value in the given worksheet.</doc>
<msg timestamp="20240703 18:58:06.457" level="INFO">${account_number} = 101000829823</msg>
<status status="PASS" starttime="20240703 18:58:06.456" endtime="20240703 18:58:06.457"/>
</kw>
<kw name="Strip String" library="String">
<arg>${account_number}</arg>
<doc>Remove leading and/or trailing whitespaces from the given string.</doc>
<status status="PASS" starttime="20240703 18:58:06.458" endtime="20240703 18:58:06.458"/>
</kw>
<status status="PASS" starttime="20240703 18:58:06.456" endtime="20240703 18:58:06.458"/>
</iter>
<status status="PASS" starttime="20240703 18:58:06.332" endtime="20240703 18:58:06.458"/>
</for>
<kw name="Close Workbook" library="Autosphere.Excel.Files">
<doc>Close the active workbook.</doc>
<msg timestamp="20240703 18:58:06.458" level="INFO">Closing workbook: &lt;Autosphere.Excel.Files.XlsxWorkbook object at 0x000001E7870476C8&gt;</msg>
<status status="PASS" starttime="20240703 18:58:06.458" endtime="20240703 18:58:06.458"/>
</kw>
<status status="PASS" starttime="20240703 18:58:06.308" endtime="20240703 18:58:06.458"/>
</kw>
<status status="PASS" starttime="20240703 18:57:56.366" endtime="20240703 18:58:06.459"/>
</test>
<status status="PASS" starttime="20240703 18:57:54.930" endtime="20240703 18:58:06.460"/>
</suite>
<statistics>
<total>
<stat pass="1" fail="0" skip="0">All Tasks</stat>
</total>
<tag>
</tag>
<suite>
<stat pass="1" fail="0" skip="0" id="s1" name="Task">Task</stat>
</suite>
</statistics>
<errors>
<msg timestamp="20240703 18:57:56.146" level="WARN">This is a deprecated import that will be removed in favor of Autosphere.Browser.Selenium</msg>
</errors>
</robot>
