<?xml version="1.0" encoding="UTF-8"?>
<robot generator="Robot 4.1.3 (Python 3.7.5 on win32)" generated="20240701 22:56:51.590" rpa="true" schemaversion="2">
<suite id="s1" name="Task" source="D:\BotsDNA\Autosphere\Locator\Task.robot">
<test id="s1-t1" name="Customer Locator">
<kw name="Navigate to Locator Challenge">
<kw name="Open Available Browser" library="Autosphere.Browser.Playwright">
<arg>url=https://www.botsdna.com/</arg>
<arg>maximized=True</arg>
<doc>Attempts to open a browser on the user's device from a set of
supported browsers. Automatically downloads a corresponding webdriver
if none is already installed.</doc>
<msg timestamp="20240701 22:56:52.873" level="INFO">Creating an instance of the Chrome WebDriver.</msg>
<msg timestamp="20240701 22:56:56.197" level="INFO">====== WebDriver manager ======</msg>
<msg timestamp="20240701 22:57:00.952" level="INFO">Creating an instance of the Firefox WebDriver.</msg>
<msg timestamp="20240701 22:57:00.990" level="INFO">====== WebDriver manager ======</msg>
<msg timestamp="20240701 22:57:06.512" level="INFO">Creating an instance of the Firefox WebDriver.</msg>
<msg timestamp="20240701 22:57:12.320" level="INFO">Created Firefox browser with arguments: --start-maximized</msg>
<msg timestamp="20240701 22:57:12.320" level="INFO" html="true">&lt;p&gt;Attempted combinations:&lt;/p&gt;&lt;div class="doc"&gt;&lt;table&gt;&lt;tr&gt;&lt;th&gt;Browser&lt;/th&gt;&lt;th&gt;Download&lt;/th&gt;&lt;th&gt;Error&lt;/th&gt;&lt;/tr&gt;&lt;tr&gt;&lt;td&gt;Chrome&lt;/td&gt;&lt;td&gt;False&lt;/td&gt;&lt;td&gt;Message: session not created: This version of ChromeDriver only supports Chrome version 124
Current browser version is 126.0.6478.127 with binary path C:\Program Files\Google\Chrome\Application\chrome.exe
Stacktrace:
	GetHandleVerifier [0x00007FF673C41522+60802]
	(No symbol) [0x00007FF673BBAC22]
	(No symbol) [0x00007FF673A77CE4]
	(No symbol) [0x00007FF673AB5942]
	(No symbol) [0x00007FF673AB4B42]
	(No symbol) [0x00007FF673AAF8D3]
	(No symbol) [0x00007FF673AAAA64]
	(No symbol) [0x00007FF673AF6037]
	(No symbol) [0x00007FF673AF56B0]
	(No symbol) [0x00007FF673AEA923]
	(No symbol) [0x00007FF673AB8FEC]
	(No symbol) [0x00007FF673AB9C21]
	GetHandleVerifier [0x00007FF673F4413D+3217821]
	GetHandleVerifier [0x00007FF673F860D7+3488055]
	GetHandleVerifier [0x00007FF673F7F05F+3459263]
	GetHandleVerifier [0x00007FF673CFB866+823494]
	(No symbol) [0x00007FF673BC5FBF]
	(No symbol) [0x00007FF673BC0EE4]
	(No symbol) [0x00007FF673BC1072]
	(No symbol) [0x00007FF673BB18C4]
	BaseThreadInitThunk [0x00007FFF3C57257D+29]
	RtlUserThreadStart [0x00007FFF3E32AF28+40]
&lt;/td&gt;&lt;/tr&gt;&lt;tr&gt;&lt;td&gt;Chrome&lt;/td&gt;&lt;td&gt;True&lt;/td&gt;&lt;td&gt;There is no such driver by url https://chromedriver.storage.googleapis.com/126.0.6478/chromedriver_win32.zip&lt;/td&gt;&lt;/tr&gt;&lt;tr&gt;&lt;td&gt;Firefox&lt;/td&gt;&lt;td&gt;False&lt;/td&gt;&lt;td&gt;Message: 'geckodriver' executable needs to be in PATH. 
&lt;/td&gt;&lt;/tr&gt;&lt;tr&gt;&lt;td&gt;Firefox&lt;/td&gt;&lt;td&gt;True&lt;/td&gt;&lt;td&gt;&lt;/td&gt;&lt;/tr&gt;&lt;/table&gt;&lt;/div&gt;</msg>
<msg timestamp="20240701 22:57:12.320" level="INFO">Opening url 'https://www.botsdna.com/'</msg>
<status status="PASS" starttime="20240701 22:56:52.872" endtime="20240701 22:57:29.596"/>
</kw>
<kw name="Wait Until Page Contains Element" library="Autosphere.Browser.Playwright">
<arg>//td//p</arg>
<doc>Waits until the element ``locator`` appears on the current page.</doc>
<status status="PASS" starttime="20240701 22:57:29.596" endtime="20240701 22:57:29.628"/>
</kw>
<kw name="Wait Until Element Is Visible" library="Autosphere.Browser.Playwright">
<arg>//td//p</arg>
<doc>Waits until the element ``locator`` is visible.</doc>
<status status="PASS" starttime="20240701 22:57:29.628" endtime="20240701 22:57:29.722"/>
</kw>
<kw name="Click Element" library="Autosphere.Browser.Playwright">
<arg>((//*[@id="rcorners2"])[1]//..)[1]</arg>
<doc>Click the element identified by ``locator``.</doc>
<msg timestamp="20240701 22:57:29.722" level="INFO">Clicking element '((//*[@id="rcorners2"])[1]//..)[1]'.</msg>
<msg timestamp="20240701 22:57:29.785" level="INFO" html="true">&lt;/td&gt;&lt;/tr&gt;&lt;tr&gt;&lt;td colspan="3"&gt;&lt;a href="selenium-screenshot-1.png"&gt;&lt;img src="selenium-screenshot-1.png" width="800px"&gt;&lt;/a&gt;</msg>
<msg timestamp="20240701 22:57:29.848" level="FAIL">ElementNotInteractableException: Message: Element &lt;a href="https://botsdna.com/locator/"&gt; could not be scrolled into view
Stacktrace:
RemoteError@chrome://remote/content/shared/RemoteError.sys.mjs:8:8
WebDriverError@chrome://remote/content/shared/webdriver/Errors.sys.mjs:193:5
ElementNotInteractableError@chrome://remote/content/shared/webdriver/Errors.sys.mjs:353:5
webdriverClickElement@chrome://remote/content/marionette/interaction.sys.mjs:167:11
interaction.clickElement@chrome://remote/content/marionette/interaction.sys.mjs:136:11
clickElement@chrome://remote/content/marionette/actors/MarionetteCommandsChild.sys.mjs:205:29
receiveMessage@chrome://remote/content/marionette/actors/MarionetteCommandsChild.sys.mjs:85:31
</msg>
<status status="FAIL" starttime="20240701 22:57:29.722" endtime="20240701 22:57:29.848"/>
</kw>
<kw name="Wait Until Page Contains Element" library="Autosphere.Browser.Playwright">
<arg>//h1[contains(text(),"Customer Locator")]</arg>
<arg>timeout=10s</arg>
<doc>Waits until the element ``locator`` appears on the current page.</doc>
<status status="NOT RUN" starttime="20240701 22:57:29.848" endtime="20240701 22:57:29.848"/>
</kw>
<status status="FAIL" starttime="20240701 22:56:52.872" endtime="20240701 22:57:29.848"/>
</kw>
<kw name="Download Excel File">
<status status="NOT RUN" starttime="20240701 22:57:29.848" endtime="20240701 22:57:29.848"/>
</kw>
<kw name="Extract and write in Excel">
<status status="NOT RUN" starttime="20240701 22:57:29.848" endtime="20240701 22:57:29.848"/>
</kw>
<status status="FAIL" starttime="20240701 22:56:52.871" endtime="20240701 22:57:29.848">ElementNotInteractableException: Message: Element &lt;a href="https://botsdna.com/locator/"&gt; could not be scrolled into view
Stacktrace:
RemoteError@chrome://remote/content/shared/RemoteError.sys.mjs:8:8
WebDriverError@chrome://remote/content/shared/webdriver/Errors.sys.mjs:193:5
ElementNotInteractableError@chrome://remote/content/shared/webdriver/Errors.sys.mjs:353:5
webdriverClickElement@chrome://remote/content/marionette/interaction.sys.mjs:167:11
interaction.clickElement@chrome://remote/content/marionette/interaction.sys.mjs:136:11
clickElement@chrome://remote/content/marionette/actors/MarionetteCommandsChild.sys.mjs:205:29
receiveMessage@chrome://remote/content/marionette/actors/MarionetteCommandsChild.sys.mjs:85:31
</status>
</test>
<doc>Locator Challange</doc>
<status status="FAIL" starttime="20240701 22:56:51.592" endtime="20240701 22:57:29.848"/>
</suite>
<statistics>
<total>
<stat pass="0" fail="1" skip="0">All Tasks</stat>
</total>
<tag>
</tag>
<suite>
<stat pass="0" fail="1" skip="0" id="s1" name="Task">Task</stat>
</suite>
</statistics>
<errors>
<msg timestamp="20240701 22:56:52.710" level="WARN">This is a deprecated import that will be removed in favor of Autosphere.Browser.Selenium</msg>
</errors>
</robot>
