<?xml version="1.0" encoding="UTF-8"?>
<robot generator="Robot 5.0.1 (Python 3.7.5 on win32)" generated="20240703 14:11:35.866" rpa="true" schemaversion="3">
<suite id="s1" name="Task" source="D:\BotsDNA\Autosphere\Locator\Task.robot">
<test id="s1-t1" name="Customer Locator" line="62">
<kw name="Navigate to Locator Challenge">
<kw name="Open Available Browser" library="Autosphere.Browser.Playwright">
<arg>url=https://www.botsdna.com/</arg>
<arg>maximized=True</arg>
<doc>Attempts to open a browser on the user's device from a set of
supported browsers. Automatically downloads a corresponding webdriver
if none is already installed.</doc>
<msg timestamp="20240703 14:11:39.365" level="INFO">Creating an instance of the Chrome WebDriver.</msg>
<msg timestamp="20240703 14:11:43.175" level="INFO">====== WebDriver manager ======</msg>
<msg timestamp="20240703 14:11:47.979" level="INFO">Downloaded webdriver to: C:\Users\Daniyal\AppData\Local\autosphere\webdrivers\.wdm\drivers\chromedriver\win64\126.0.6478.126\chromedriver-win32/chromedriver.exe</msg>
<msg timestamp="20240703 14:11:47.995" level="INFO">Creating an instance of the Chrome WebDriver.</msg>
<msg timestamp="20240703 14:11:49.354" level="INFO">Created Chrome browser with arguments: --start-maximized --disable-dev-shm-usage --disable-web-security --allow-running-insecure-content --no-sandbox</msg>
<msg timestamp="20240703 14:11:49.354" level="INFO" html="true">&lt;p&gt;Attempted combinations:&lt;/p&gt;&lt;div class="doc"&gt;&lt;table&gt;&lt;tr&gt;&lt;th&gt;Browser&lt;/th&gt;&lt;th&gt;Download&lt;/th&gt;&lt;th&gt;Error&lt;/th&gt;&lt;/tr&gt;&lt;tr&gt;&lt;td&gt;Chrome&lt;/td&gt;&lt;td&gt;False&lt;/td&gt;&lt;td&gt;Message: session not created: This version of ChromeDriver only supports Chrome version 119
Current browser version is 126.0.6478.127 with binary path C:\Program Files\Google\Chrome\Application\chrome.exe
Stacktrace:
	GetHandleVerifier [0x00007FF67EEB82B2+55298]
	(No symbol) [0x00007FF67EE25E02]
	(No symbol) [0x00007FF67ECE05AB]
	(No symbol) [0x00007FF67ED13E72]
	(No symbol) [0x00007FF67ED132FE]
	(No symbol) [0x00007FF67ED0EC6C]
	(No symbol) [0x00007FF67ED0B30E]
	(No symbol) [0x00007FF67ED4A198]
	(No symbol) [0x00007FF67ED49CB0]
	(No symbol) [0x00007FF67ED41E83]
	(No symbol) [0x00007FF67ED1670A]
	(No symbol) [0x00007FF67ED17964]
	GetHandleVerifier [0x00007FF67F230AAB+3694587]
	GetHandleVerifier [0x00007FF67F28728E+4048862]
	GetHandleVerifier [0x00007FF67F27F173+4015811]
	GetHandleVerifier [0x00007FF67EF547D6+695590]
	(No symbol) [0x00007FF67EE30CE8]
	(No symbol) [0x00007FF67EE2CF34]
	(No symbol) [0x00007FF67EE2D062]
	(No symbol) [0x00007FF67EE1D3A3]
	BaseThreadInitThunk [0x00007FFD2790257D+29]
	RtlUserThreadStart [0x00007FFD2994AF28+40]
&lt;/td&gt;&lt;/tr&gt;&lt;tr&gt;&lt;td&gt;Chrome&lt;/td&gt;&lt;td&gt;True&lt;/td&gt;&lt;td&gt;&lt;/td&gt;&lt;/tr&gt;&lt;/table&gt;&lt;/div&gt;</msg>
<msg timestamp="20240703 14:11:49.354" level="INFO">Opening url 'https://www.botsdna.com/'</msg>
<status status="PASS" starttime="20240703 14:11:39.365" endtime="20240703 14:12:36.406"/>
</kw>
<kw name="Wait Until Page Contains Element" library="Autosphere.Browser.Playwright">
<arg>//td//p</arg>
<doc>Waits until the element ``locator`` appears on the current page.</doc>
<status status="PASS" starttime="20240703 14:12:36.407" endtime="20240703 14:12:36.424"/>
</kw>
<kw name="Wait Until Element Is Visible" library="Autosphere.Browser.Playwright">
<arg>//td//p</arg>
<doc>Waits until the element ``locator`` is visible.</doc>
<status status="PASS" starttime="20240703 14:12:36.424" endtime="20240703 14:12:36.517"/>
</kw>
<kw name="Click Element" library="Autosphere.Browser.Playwright">
<arg>((//*[@id="rcorners2"])[1]//..)[1]</arg>
<doc>Click the element identified by ``locator``.</doc>
<msg timestamp="20240703 14:12:36.518" level="INFO">Clicking element '((//*[@id="rcorners2"])[1]//..)[1]'.</msg>
<status status="PASS" starttime="20240703 14:12:36.517" endtime="20240703 14:12:39.056"/>
</kw>
<kw name="Wait Until Page Contains Element" library="Autosphere.Browser.Playwright">
<arg>//h1[contains(text(),"Customer Locator")]</arg>
<arg>timeout=10s</arg>
<doc>Waits until the element ``locator`` appears on the current page.</doc>
<status status="PASS" starttime="20240703 14:12:39.056" endtime="20240703 14:12:39.070"/>
</kw>
<status status="PASS" starttime="20240703 14:11:39.365" endtime="20240703 14:12:39.070"/>
</kw>
<kw name="Download Excel File">
<kw name="Wait Until Page Contains Element" library="Autosphere.Browser.Playwright">
<arg>//a[contains(text(),"Output.xlsx")]</arg>
<doc>Waits until the element ``locator`` appears on the current page.</doc>
<status status="PASS" starttime="20240703 14:12:39.071" endtime="20240703 14:12:39.084"/>
</kw>
<kw name="Download" library="Autosphere.HTTP">
<arg>https://botsdna.com/locator/Locator-Output.xlsx</arg>
<arg>target_file=D:\\BotsDNA\\Autosphere\\Locator</arg>
<arg>overwrite=True</arg>
<doc>An alias for the ``HTTP Get`` keyword.</doc>
<msg timestamp="20240703 14:12:39.084" level="INFO">Creating a new HTTP session</msg>
<msg timestamp="20240703 14:12:39.084" level="INFO">Creating Session using : alias=rpasession_alias.httpsbotsdna.com, url=https://botsdna.com, headers={},                     cookies={}, auth=None, timeout=None, proxies=None, verify=True,                     debug=0 </msg>
<msg timestamp="20240703 14:12:41.139" level="INFO">&lt;IPython.core.display.Markdown object&gt;
D:\BotsDNA\Autosphere\Locator\Locator-Output.xlsx</msg>
<status status="PASS" starttime="20240703 14:12:39.084" endtime="20240703 14:12:41.139"/>
</kw>
<status status="PASS" starttime="20240703 14:12:39.071" endtime="20240703 14:12:41.139"/>
</kw>
<kw name="Extract and write in Excel">
<kw name="Open Workbook" library="Autosphere.Excel.Files">
<arg>Locator-Output.xlsx</arg>
<doc>Open an existing Excel workbook.</doc>
<msg timestamp="20240703 14:12:41.155" level="INFO">Opened workbook: &lt;Autosphere.Excel.Files.XlsxWorkbook object at 0x0000015CBEF7C548&gt;</msg>
<status status="PASS" starttime="20240703 14:12:41.139" endtime="20240703 14:12:41.155"/>
</kw>
<kw name="Get Active Worksheet" library="Autosphere.Excel.Files">
<var>${default_sheet}</var>
<doc>Get the name of the worksheet which is currently active.</doc>
<msg timestamp="20240703 14:12:41.155" level="INFO">${default_sheet} = Country Name</msg>
<status status="PASS" starttime="20240703 14:12:41.155" endtime="20240703 14:12:41.155"/>
</kw>
<kw name="Get Element Count" library="Autosphere.Browser.Playwright">
<var>${no_of_countries}</var>
<arg>//table[@style='']//th</arg>
<doc>Returns the number of elements matching ``locator``.</doc>
<msg timestamp="20240703 14:12:41.155" level="INFO">${no_of_countries} = 5</msg>
<status status="PASS" starttime="20240703 14:12:41.155" endtime="20240703 14:12:41.155"/>
</kw>
<kw name="Get Element Count" library="Autosphere.Browser.Playwright">
<var>${total_rows}</var>
<arg>(//table[@style='']//tr)</arg>
<doc>Returns the number of elements matching ``locator``.</doc>
<msg timestamp="20240703 14:12:41.170" level="INFO">${total_rows} = 56</msg>
<status status="PASS" starttime="20240703 14:12:41.155" endtime="20240703 14:12:41.170"/>
</kw>
<for flavor="IN RANGE">
<var>${country}</var>
<value>2</value>
<value>${no_of_countries}+1</value>
<iter>
<var name="${country}">2</var>
<kw name="Get Text" library="Autosphere.Browser.Playwright">
<var>${country_name}</var>
<arg>(//table[@style='']//th)[${country}]</arg>
<doc>Returns the text value of the element identified by ``locator``.</doc>
<msg timestamp="20240703 14:12:41.202" level="INFO">${country_name} = Australia</msg>
<status status="PASS" starttime="20240703 14:12:41.170" endtime="20240703 14:12:41.202"/>
</kw>
<kw name="Create Worksheet" library="Autosphere.Excel.Files">
<arg>${country_name}</arg>
<doc>Create a new worksheet in the current workbook.</doc>
<status status="PASS" starttime="20240703 14:12:41.202" endtime="20240703 14:12:41.202"/>
</kw>
<kw name="Set Active Worksheet" library="Autosphere.Excel.Files">
<arg>${country_name}</arg>
<doc>Set the active worksheet.</doc>
<status status="PASS" starttime="20240703 14:12:41.202" endtime="20240703 14:12:41.205"/>
</kw>
<kw name="Set Cell Value" library="Autosphere.Excel.Files">
<arg>1</arg>
<arg>A</arg>
<arg>CustomerName</arg>
<doc>Set a cell value in the given worksheet.</doc>
<status status="PASS" starttime="20240703 14:12:41.205" endtime="20240703 14:12:41.205"/>
</kw>
<kw name="Set Cell Value" library="Autosphere.Excel.Files">
<arg>1</arg>
<arg>B</arg>
<arg>Number of Locations</arg>
<doc>Set a cell value in the given worksheet.</doc>
<status status="PASS" starttime="20240703 14:12:41.205" endtime="20240703 14:12:41.205"/>
</kw>
<for flavor="IN RANGE">
<var>${row}</var>
<value>2</value>
<value>${total_rows}+1</value>
<iter>
<var name="${row}">2</var>
<kw name="Get Text" library="Autosphere.Browser.Playwright">
<var>${no_of_location}</var>
<arg>(//table[@style='']//tr)[${row}]//td[${country}]</arg>
<doc>Returns the text value of the element identified by ``locator``.</doc>
<msg timestamp="20240703 14:12:41.218" level="INFO">${no_of_location} = 0</msg>
<status status="PASS" starttime="20240703 14:12:41.205" endtime="20240703 14:12:41.218"/>
</kw>
<if>
<branch type="IF" condition="'${no_of_location}' != '0'">
<kw name="Get Text" library="Autosphere.Browser.Playwright">
<var>${customer_name}</var>
<arg>(//table[@style='']//tr)[${row}]//td[1]</arg>
<doc>Returns the text value of the element identified by ``locator``.</doc>
<status status="NOT RUN" starttime="20240703 14:12:41.218" endtime="20240703 14:12:41.218"/>
</kw>
<kw name="Log" library="BuiltIn">
<arg>${no_of_location}</arg>
<doc>Logs the given message with the given level.</doc>
<status status="NOT RUN" starttime="20240703 14:12:41.218" endtime="20240703 14:12:41.218"/>
</kw>
<kw name="Log" library="BuiltIn">
<arg>${customer_name}</arg>
<doc>Logs the given message with the given level.</doc>
<status status="NOT RUN" starttime="20240703 14:12:41.218" endtime="20240703 14:12:41.218"/>
</kw>
<kw name="Find Empty Row" library="Autosphere.Excel.Files">
<var>${next}</var>
<doc>Find the first empty row after existing content,
and return the row number.</doc>
<status status="NOT RUN" starttime="20240703 14:12:41.218" endtime="20240703 14:12:41.218"/>
</kw>
<kw name="Set Cell Value" library="Autosphere.Excel.Files">
<arg>${next}</arg>
<arg>A</arg>
<arg>${customer_name}</arg>
<doc>Set a cell value in the given worksheet.</doc>
<status status="NOT RUN" starttime="20240703 14:12:41.218" endtime="20240703 14:12:41.218"/>
</kw>
<kw name="Set Cell Value" library="Autosphere.Excel.Files">
<arg>${next}</arg>
<arg>B</arg>
<arg>${no_of_location}</arg>
<doc>Set a cell value in the given worksheet.</doc>
<status status="NOT RUN" starttime="20240703 14:12:41.218" endtime="20240703 14:12:41.218"/>
</kw>
<status status="NOT RUN" starttime="20240703 14:12:41.218" endtime="20240703 14:12:41.218"/>
</branch>
<status status="PASS" starttime="20240703 14:12:41.218" endtime="20240703 14:12:41.218"/>
</if>
<status status="PASS" starttime="20240703 14:12:41.205" endtime="20240703 14:12:41.218"/>
</iter>
<iter>
<var name="${row}">3</var>
<kw name="Get Text" library="Autosphere.Browser.Playwright">
<var>${no_of_location}</var>
<arg>(//table[@style='']//tr)[${row}]//td[${country}]</arg>
<doc>Returns the text value of the element identified by ``locator``.</doc>
<msg timestamp="20240703 14:12:41.233" level="INFO">${no_of_location} = 0</msg>
<status status="PASS" starttime="20240703 14:12:41.218" endtime="20240703 14:12:41.233"/>
</kw>
<if>
<branch type="IF" condition="'${no_of_location}' != '0'">
<kw name="Get Text" library="Autosphere.Browser.Playwright">
<var>${customer_name}</var>
<arg>(//table[@style='']//tr)[${row}]//td[1]</arg>
<doc>Returns the text value of the element identified by ``locator``.</doc>
<status status="NOT RUN" starttime="20240703 14:12:41.233" endtime="20240703 14:12:41.233"/>
</kw>
<kw name="Log" library="BuiltIn">
<arg>${no_of_location}</arg>
<doc>Logs the given message with the given level.</doc>
<status status="NOT RUN" starttime="20240703 14:12:41.233" endtime="20240703 14:12:41.233"/>
</kw>
<kw name="Log" library="BuiltIn">
<arg>${customer_name}</arg>
<doc>Logs the given message with the given level.</doc>
<status status="NOT RUN" starttime="20240703 14:12:41.233" endtime="20240703 14:12:41.233"/>
</kw>
<kw name="Find Empty Row" library="Autosphere.Excel.Files">
<var>${next}</var>
<doc>Find the first empty row after existing content,
and return the row number.</doc>
<status status="NOT RUN" starttime="20240703 14:12:41.233" endtime="20240703 14:12:41.233"/>
</kw>
<kw name="Set Cell Value" library="Autosphere.Excel.Files">
<arg>${next}</arg>
<arg>A</arg>
<arg>${customer_name}</arg>
<doc>Set a cell value in the given worksheet.</doc>
<status status="NOT RUN" starttime="20240703 14:12:41.233" endtime="20240703 14:12:41.233"/>
</kw>
<kw name="Set Cell Value" library="Autosphere.Excel.Files">
<arg>${next}</arg>
<arg>B</arg>
<arg>${no_of_location}</arg>
<doc>Set a cell value in the given worksheet.</doc>
<status status="NOT RUN" starttime="20240703 14:12:41.233" endtime="20240703 14:12:41.233"/>
</kw>
<status status="NOT RUN" starttime="20240703 14:12:41.233" endtime="20240703 14:12:41.233"/>
</branch>
<status status="PASS" starttime="20240703 14:12:41.233" endtime="20240703 14:12:41.233"/>
</if>
<status status="PASS" starttime="20240703 14:12:41.218" endtime="20240703 14:12:41.233"/>
</iter>
<iter>
<var name="${row}">4</var>
<kw name="Get Text" library="Autosphere.Browser.Playwright">
<var>${no_of_location}</var>
<arg>(//table[@style='']//tr)[${row}]//td[${country}]</arg>
<doc>Returns the text value of the element identified by ``locator``.</doc>
<msg timestamp="20240703 14:12:41.249" level="INFO">${no_of_location} = 0</msg>
<status status="PASS" starttime="20240703 14:12:41.233" endtime="20240703 14:12:41.249"/>
</kw>
<if>
<branch type="IF" condition="'${no_of_location}' != '0'">
<kw name="Get Text" library="Autosphere.Browser.Playwright">
<var>${customer_name}</var>
<arg>(//table[@style='']//tr)[${row}]//td[1]</arg>
<doc>Returns the text value of the element identified by ``locator``.</doc>
<status status="NOT RUN" starttime="20240703 14:12:41.249" endtime="20240703 14:12:41.249"/>
</kw>
<kw name="Log" library="BuiltIn">
<arg>${no_of_location}</arg>
<doc>Logs the given message with the given level.</doc>
<status status="NOT RUN" starttime="20240703 14:12:41.249" endtime="20240703 14:12:41.249"/>
</kw>
<kw name="Log" library="BuiltIn">
<arg>${customer_name}</arg>
<doc>Logs the given message with the given level.</doc>
<status status="NOT RUN" starttime="20240703 14:12:41.249" endtime="20240703 14:12:41.249"/>
</kw>
<kw name="Find Empty Row" library="Autosphere.Excel.Files">
<var>${next}</var>
<doc>Find the first empty row after existing content,
and return the row number.</doc>
<status status="NOT RUN" starttime="20240703 14:12:41.249" endtime="20240703 14:12:41.249"/>
</kw>
<kw name="Set Cell Value" library="Autosphere.Excel.Files">
<arg>${next}</arg>
<arg>A</arg>
<arg>${customer_name}</arg>
<doc>Set a cell value in the given worksheet.</doc>
<status status="NOT RUN" starttime="20240703 14:12:41.249" endtime="20240703 14:12:41.249"/>
</kw>
<kw name="Set Cell Value" library="Autosphere.Excel.Files">
<arg>${next}</arg>
<arg>B</arg>
<arg>${no_of_location}</arg>
<doc>Set a cell value in the given worksheet.</doc>
<status status="NOT RUN" starttime="20240703 14:12:41.249" endtime="20240703 14:12:41.249"/>
</kw>
<status status="NOT RUN" starttime="20240703 14:12:41.249" endtime="20240703 14:12:41.249"/>
</branch>
<status status="PASS" starttime="20240703 14:12:41.249" endtime="20240703 14:12:41.249"/>
</if>
<status status="PASS" starttime="20240703 14:12:41.233" endtime="20240703 14:12:41.249"/>
</iter>
<iter>
<var name="${row}">5</var>
<kw name="Get Text" library="Autosphere.Browser.Playwright">
<var>${no_of_location}</var>
<arg>(//table[@style='']//tr)[${row}]//td[${country}]</arg>
<doc>Returns the text value of the element identified by ``locator``.</doc>
<msg timestamp="20240703 14:12:41.264" level="INFO">${no_of_location} = 1</msg>
<status status="PASS" starttime="20240703 14:12:41.249" endtime="20240703 14:12:41.264"/>
</kw>
<if>
<branch type="IF" condition="'${no_of_location}' != '0'">
<kw name="Get Text" library="Autosphere.Browser.Playwright">
<var>${customer_name}</var>
<arg>(//table[@style='']//tr)[${row}]//td[1]</arg>
<doc>Returns the text value of the element identified by ``locator``.</doc>
<msg timestamp="20240703 14:12:41.296" level="INFO">${customer_name} = McDonalds</msg>
<status status="PASS" starttime="20240703 14:12:41.264" endtime="20240703 14:12:41.296"/>
</kw>
<kw name="Log" library="BuiltIn">
<arg>${no_of_location}</arg>
<doc>Logs the given message with the given level.</doc>
<msg timestamp="20240703 14:12:41.296" level="INFO">1</msg>
<status status="PASS" starttime="20240703 14:12:41.296" endtime="20240703 14:12:41.296"/>
</kw>
<kw name="Log" library="BuiltIn">
<arg>${customer_name}</arg>
<doc>Logs the given message with the given level.</doc>
<msg timestamp="20240703 14:12:41.296" level="INFO">McDonalds</msg>
<status status="PASS" starttime="20240703 14:12:41.296" endtime="20240703 14:12:41.296"/>
</kw>
<kw name="Find Empty Row" library="Autosphere.Excel.Files">
<var>${next}</var>
<doc>Find the first empty row after existing content,
and return the row number.</doc>
<msg timestamp="20240703 14:12:41.296" level="INFO">${next} = 2</msg>
<status status="PASS" starttime="20240703 14:12:41.296" endtime="20240703 14:12:41.296"/>
</kw>
<kw name="Set Cell Value" library="Autosphere.Excel.Files">
<arg>${next}</arg>
<arg>A</arg>
<arg>${customer_name}</arg>
<doc>Set a cell value in the given worksheet.</doc>
<status status="PASS" starttime="20240703 14:12:41.296" endtime="20240703 14:12:41.296"/>
</kw>
<kw name="Set Cell Value" library="Autosphere.Excel.Files">
<arg>${next}</arg>
<arg>B</arg>
<arg>${no_of_location}</arg>
<doc>Set a cell value in the given worksheet.</doc>
<status status="PASS" starttime="20240703 14:12:41.296" endtime="20240703 14:12:41.296"/>
</kw>
<status status="PASS" starttime="20240703 14:12:41.264" endtime="20240703 14:12:41.296"/>
</branch>
<status status="PASS" starttime="20240703 14:12:41.264" endtime="20240703 14:12:41.296"/>
</if>
<status status="PASS" starttime="20240703 14:12:41.249" endtime="20240703 14:12:41.296"/>
</iter>
<iter>
<var name="${row}">6</var>
<kw name="Get Text" library="Autosphere.Browser.Playwright">
<var>${no_of_location}</var>
<arg>(//table[@style='']//tr)[${row}]//td[${country}]</arg>
<doc>Returns the text value of the element identified by ``locator``.</doc>
<msg timestamp="20240703 14:12:41.312" level="INFO">${no_of_location} = 1</msg>
<status status="PASS" starttime="20240703 14:12:41.296" endtime="20240703 14:12:41.312"/>
</kw>
<if>
<branch type="IF" condition="'${no_of_location}' != '0'">
<kw name="Get Text" library="Autosphere.Browser.Playwright">
<var>${customer_name}</var>
<arg>(//table[@style='']//tr)[${row}]//td[1]</arg>
<doc>Returns the text value of the element identified by ``locator``.</doc>
<msg timestamp="20240703 14:12:41.327" level="INFO">${customer_name} = Novartis</msg>
<status status="PASS" starttime="20240703 14:12:41.312" endtime="20240703 14:12:41.327"/>
</kw>
<kw name="Log" library="BuiltIn">
<arg>${no_of_location}</arg>
<doc>Logs the given message with the given level.</doc>
<msg timestamp="20240703 14:12:41.327" level="INFO">1</msg>
<status status="PASS" starttime="20240703 14:12:41.327" endtime="20240703 14:12:41.327"/>
</kw>
<kw name="Log" library="BuiltIn">
<arg>${customer_name}</arg>
<doc>Logs the given message with the given level.</doc>
<msg timestamp="20240703 14:12:41.327" level="INFO">Novartis</msg>
<status status="PASS" starttime="20240703 14:12:41.327" endtime="20240703 14:12:41.327"/>
</kw>
<kw name="Find Empty Row" library="Autosphere.Excel.Files">
<var>${next}</var>
<doc>Find the first empty row after existing content,
and return the row number.</doc>
<msg timestamp="20240703 14:12:41.327" level="INFO">${next} = 3</msg>
<status status="PASS" starttime="20240703 14:12:41.327" endtime="20240703 14:12:41.327"/>
</kw>
<kw name="Set Cell Value" library="Autosphere.Excel.Files">
<arg>${next}</arg>
<arg>A</arg>
<arg>${customer_name}</arg>
<doc>Set a cell value in the given worksheet.</doc>
<status status="PASS" starttime="20240703 14:12:41.327" endtime="20240703 14:12:41.327"/>
</kw>
<kw name="Set Cell Value" library="Autosphere.Excel.Files">
<arg>${next}</arg>
<arg>B</arg>
<arg>${no_of_location}</arg>
<doc>Set a cell value in the given worksheet.</doc>
<status status="PASS" starttime="20240703 14:12:41.327" endtime="20240703 14:12:41.327"/>
</kw>
<status status="PASS" starttime="20240703 14:12:41.312" endtime="20240703 14:12:41.327"/>
</branch>
<status status="PASS" starttime="20240703 14:12:41.312" endtime="20240703 14:12:41.327"/>
</if>
<status status="PASS" starttime="20240703 14:12:41.296" endtime="20240703 14:12:41.327"/>
</iter>
<iter>
<var name="${row}">7</var>
<kw name="Get Text" library="Autosphere.Browser.Playwright">
<var>${no_of_location}</var>
<arg>(//table[@style='']//tr)[${row}]//td[${country}]</arg>
<doc>Returns the text value of the element identified by ``locator``.</doc>
<msg timestamp="20240703 14:12:41.343" level="INFO">${no_of_location} = 5</msg>
<status status="PASS" starttime="20240703 14:12:41.327" endtime="20240703 14:12:41.343"/>
</kw>
<if>
<branch type="IF" condition="'${no_of_location}' != '0'">
<kw name="Get Text" library="Autosphere.Browser.Playwright">
<var>${customer_name}</var>
<arg>(//table[@style='']//tr)[${row}]//td[1]</arg>
<doc>Returns the text value of the element identified by ``locator``.</doc>
<msg timestamp="20240703 14:12:41.359" level="INFO">${customer_name} = MARUTHI SUZUKI</msg>
<status status="PASS" starttime="20240703 14:12:41.343" endtime="20240703 14:12:41.359"/>
</kw>
<kw name="Log" library="BuiltIn">
<arg>${no_of_location}</arg>
<doc>Logs the given message with the given level.</doc>
<msg timestamp="20240703 14:12:41.359" level="INFO">5</msg>
<status status="PASS" starttime="20240703 14:12:41.359" endtime="20240703 14:12:41.359"/>
</kw>
<kw name="Log" library="BuiltIn">
<arg>${customer_name}</arg>
<doc>Logs the given message with the given level.</doc>
<msg timestamp="20240703 14:12:41.374" level="INFO">MARUTHI SUZUKI</msg>
<status status="PASS" starttime="20240703 14:12:41.374" endtime="20240703 14:12:41.374"/>
</kw>
<kw name="Find Empty Row" library="Autosphere.Excel.Files">
<var>${next}</var>
<doc>Find the first empty row after existing content,
and return the row number.</doc>
<msg timestamp="20240703 14:12:41.374" level="INFO">${next} = 4</msg>
<status status="PASS" starttime="20240703 14:12:41.374" endtime="20240703 14:12:41.374"/>
</kw>
<kw name="Set Cell Value" library="Autosphere.Excel.Files">
<arg>${next}</arg>
<arg>A</arg>
<arg>${customer_name}</arg>
<doc>Set a cell value in the given worksheet.</doc>
<status status="PASS" starttime="20240703 14:12:41.374" endtime="20240703 14:12:41.374"/>
</kw>
<kw name="Set Cell Value" library="Autosphere.Excel.Files">
<arg>${next}</arg>
<arg>B</arg>
<arg>${no_of_location}</arg>
<doc>Set a cell value in the given worksheet.</doc>
<status status="PASS" starttime="20240703 14:12:41.374" endtime="20240703 14:12:41.374"/>
</kw>
<status status="PASS" starttime="20240703 14:12:41.343" endtime="20240703 14:12:41.374"/>
</branch>
<status status="PASS" starttime="20240703 14:12:41.343" endtime="20240703 14:12:41.374"/>
</if>
<status status="PASS" starttime="20240703 14:12:41.327" endtime="20240703 14:12:41.374"/>
</iter>
<iter>
<var name="${row}">8</var>
<kw name="Get Text" library="Autosphere.Browser.Playwright">
<var>${no_of_location}</var>
<arg>(//table[@style='']//tr)[${row}]//td[${country}]</arg>
<doc>Returns the text value of the element identified by ``locator``.</doc>
<msg timestamp="20240703 14:12:41.390" level="INFO">${no_of_location} = 3</msg>
<status status="PASS" starttime="20240703 14:12:41.374" endtime="20240703 14:12:41.390"/>
</kw>
<if>
<branch type="IF" condition="'${no_of_location}' != '0'">
<kw name="Get Text" library="Autosphere.Browser.Playwright">
<var>${customer_name}</var>
<arg>(//table[@style='']//tr)[${row}]//td[1]</arg>
<doc>Returns the text value of the element identified by ``locator``.</doc>
<msg timestamp="20240703 14:12:41.405" level="INFO">${customer_name} = HYUNDAI</msg>
<status status="PASS" starttime="20240703 14:12:41.390" endtime="20240703 14:12:41.405"/>
</kw>
<kw name="Log" library="BuiltIn">
<arg>${no_of_location}</arg>
<doc>Logs the given message with the given level.</doc>
<msg timestamp="20240703 14:12:41.405" level="INFO">3</msg>
<status status="PASS" starttime="20240703 14:12:41.405" endtime="20240703 14:12:41.405"/>
</kw>
<kw name="Log" library="BuiltIn">
<arg>${customer_name}</arg>
<doc>Logs the given message with the given level.</doc>
<msg timestamp="20240703 14:12:41.405" level="INFO">HYUNDAI</msg>
<status status="PASS" starttime="20240703 14:12:41.405" endtime="20240703 14:12:41.405"/>
</kw>
<kw name="Find Empty Row" library="Autosphere.Excel.Files">
<var>${next}</var>
<doc>Find the first empty row after existing content,
and return the row number.</doc>
<msg timestamp="20240703 14:12:41.405" level="INFO">${next} = 5</msg>
<status status="PASS" starttime="20240703 14:12:41.405" endtime="20240703 14:12:41.405"/>
</kw>
<kw name="Set Cell Value" library="Autosphere.Excel.Files">
<arg>${next}</arg>
<arg>A</arg>
<arg>${customer_name}</arg>
<doc>Set a cell value in the given worksheet.</doc>
<status status="PASS" starttime="20240703 14:12:41.405" endtime="20240703 14:12:41.405"/>
</kw>
<kw name="Set Cell Value" library="Autosphere.Excel.Files">
<arg>${next}</arg>
<arg>B</arg>
<arg>${no_of_location}</arg>
<doc>Set a cell value in the given worksheet.</doc>
<status status="PASS" starttime="20240703 14:12:41.405" endtime="20240703 14:12:41.405"/>
</kw>
<status status="PASS" starttime="20240703 14:12:41.390" endtime="20240703 14:12:41.405"/>
</branch>
<status status="PASS" starttime="20240703 14:12:41.390" endtime="20240703 14:12:41.405"/>
</if>
<status status="PASS" starttime="20240703 14:12:41.374" endtime="20240703 14:12:41.405"/>
</iter>
<iter>
<var name="${row}">9</var>
<kw name="Get Text" library="Autosphere.Browser.Playwright">
<var>${no_of_location}</var>
<arg>(//table[@style='']//tr)[${row}]//td[${country}]</arg>
<doc>Returns the text value of the element identified by ``locator``.</doc>
<msg timestamp="20240703 14:12:41.468" level="INFO">${no_of_location} = 2</msg>
<status status="PASS" starttime="20240703 14:12:41.405" endtime="20240703 14:12:41.468"/>
</kw>
<if>
<branch type="IF" condition="'${no_of_location}' != '0'">
<kw name="Get Text" library="Autosphere.Browser.Playwright">
<var>${customer_name}</var>
<arg>(//table[@style='']//tr)[${row}]//td[1]</arg>
<doc>Returns the text value of the element identified by ``locator``.</doc>
<msg timestamp="20240703 14:12:41.499" level="INFO">${customer_name} = NISSAN</msg>
<status status="PASS" starttime="20240703 14:12:41.468" endtime="20240703 14:12:41.499"/>
</kw>
<kw name="Log" library="BuiltIn">
<arg>${no_of_location}</arg>
<doc>Logs the given message with the given level.</doc>
<msg timestamp="20240703 14:12:41.499" level="INFO">2</msg>
<status status="PASS" starttime="20240703 14:12:41.499" endtime="20240703 14:12:41.499"/>
</kw>
<kw name="Log" library="BuiltIn">
<arg>${customer_name}</arg>
<doc>Logs the given message with the given level.</doc>
<msg timestamp="20240703 14:12:41.499" level="INFO">NISSAN</msg>
<status status="PASS" starttime="20240703 14:12:41.499" endtime="20240703 14:12:41.499"/>
</kw>
<kw name="Find Empty Row" library="Autosphere.Excel.Files">
<var>${next}</var>
<doc>Find the first empty row after existing content,
and return the row number.</doc>
<msg timestamp="20240703 14:12:41.499" level="INFO">${next} = 6</msg>
<status status="PASS" starttime="20240703 14:12:41.499" endtime="20240703 14:12:41.499"/>
</kw>
<kw name="Set Cell Value" library="Autosphere.Excel.Files">
<arg>${next}</arg>
<arg>A</arg>
<arg>${customer_name}</arg>
<doc>Set a cell value in the given worksheet.</doc>
<status status="PASS" starttime="20240703 14:12:41.505" endtime="20240703 14:12:41.505"/>
</kw>
<kw name="Set Cell Value" library="Autosphere.Excel.Files">
<arg>${next}</arg>
<arg>B</arg>
<arg>${no_of_location}</arg>
<doc>Set a cell value in the given worksheet.</doc>
<status status="PASS" starttime="20240703 14:12:41.505" endtime="20240703 14:12:41.505"/>
</kw>
<status status="PASS" starttime="20240703 14:12:41.468" endtime="20240703 14:12:41.505"/>
</branch>
<status status="PASS" starttime="20240703 14:12:41.468" endtime="20240703 14:12:41.505"/>
</if>
<status status="PASS" starttime="20240703 14:12:41.405" endtime="20240703 14:12:41.505"/>
</iter>
<iter>
<var name="${row}">10</var>
<kw name="Get Text" library="Autosphere.Browser.Playwright">
<var>${no_of_location}</var>
<arg>(//table[@style='']//tr)[${row}]//td[${country}]</arg>
<doc>Returns the text value of the element identified by ``locator``.</doc>
<msg timestamp="20240703 14:12:41.531" level="INFO">${no_of_location} = 6</msg>
<status status="PASS" starttime="20240703 14:12:41.505" endtime="20240703 14:12:41.531"/>
</kw>
<if>
<branch type="IF" condition="'${no_of_location}' != '0'">
<kw name="Get Text" library="Autosphere.Browser.Playwright">
<var>${customer_name}</var>
<arg>(//table[@style='']//tr)[${row}]//td[1]</arg>
<doc>Returns the text value of the element identified by ``locator``.</doc>
<msg timestamp="20240703 14:12:41.562" level="INFO">${customer_name} = MAHINDRA</msg>
<status status="PASS" starttime="20240703 14:12:41.531" endtime="20240703 14:12:41.562"/>
</kw>
<kw name="Log" library="BuiltIn">
<arg>${no_of_location}</arg>
<doc>Logs the given message with the given level.</doc>
<msg timestamp="20240703 14:12:41.562" level="INFO">6</msg>
<status status="PASS" starttime="20240703 14:12:41.562" endtime="20240703 14:12:41.562"/>
</kw>
<kw name="Log" library="BuiltIn">
<arg>${customer_name}</arg>
<doc>Logs the given message with the given level.</doc>
<msg timestamp="20240703 14:12:41.562" level="INFO">MAHINDRA</msg>
<status status="PASS" starttime="20240703 14:12:41.562" endtime="20240703 14:12:41.562"/>
</kw>
<kw name="Find Empty Row" library="Autosphere.Excel.Files">
<var>${next}</var>
<doc>Find the first empty row after existing content,
and return the row number.</doc>
<msg timestamp="20240703 14:12:41.562" level="INFO">${next} = 7</msg>
<status status="PASS" starttime="20240703 14:12:41.562" endtime="20240703 14:12:41.562"/>
</kw>
<kw name="Set Cell Value" library="Autosphere.Excel.Files">
<arg>${next}</arg>
<arg>A</arg>
<arg>${customer_name}</arg>
<doc>Set a cell value in the given worksheet.</doc>
<status status="PASS" starttime="20240703 14:12:41.562" endtime="20240703 14:12:41.562"/>
</kw>
<kw name="Set Cell Value" library="Autosphere.Excel.Files">
<arg>${next}</arg>
<arg>B</arg>
<arg>${no_of_location}</arg>
<doc>Set a cell value in the given worksheet.</doc>
<status status="PASS" starttime="20240703 14:12:41.562" endtime="20240703 14:12:41.562"/>
</kw>
<status status="PASS" starttime="20240703 14:12:41.531" endtime="20240703 14:12:41.562"/>
</branch>
<status status="PASS" starttime="20240703 14:12:41.531" endtime="20240703 14:12:41.562"/>
</if>
<status status="PASS" starttime="20240703 14:12:41.505" endtime="20240703 14:12:41.562"/>
</iter>
<iter>
<var name="${row}">11</var>
<kw name="Get Text" library="Autosphere.Browser.Playwright">
<var>${no_of_location}</var>
<arg>(//table[@style='']//tr)[${row}]//td[${country}]</arg>
<doc>Returns the text value of the element identified by ``locator``.</doc>
<msg timestamp="20240703 14:12:41.593" level="INFO">${no_of_location} = 7</msg>
<status status="PASS" starttime="20240703 14:12:41.562" endtime="20240703 14:12:41.593"/>
</kw>
<if>
<branch type="IF" condition="'${no_of_location}' != '0'">
<kw name="Get Text" library="Autosphere.Browser.Playwright">
<var>${customer_name}</var>
<arg>(//table[@style='']//tr)[${row}]//td[1]</arg>
<doc>Returns the text value of the element identified by ``locator``.</doc>
<msg timestamp="20240703 14:12:41.609" level="INFO">${customer_name} = SCODA</msg>
<status status="PASS" starttime="20240703 14:12:41.593" endtime="20240703 14:12:41.609"/>
</kw>
<kw name="Log" library="BuiltIn">
<arg>${no_of_location}</arg>
<doc>Logs the given message with the given level.</doc>
<msg timestamp="20240703 14:12:41.609" level="INFO">7</msg>
<status status="PASS" starttime="20240703 14:12:41.609" endtime="20240703 14:12:41.609"/>
</kw>
<kw name="Log" library="BuiltIn">
<arg>${customer_name}</arg>
<doc>Logs the given message with the given level.</doc>
<msg timestamp="20240703 14:12:41.609" level="INFO">SCODA</msg>
<status status="PASS" starttime="20240703 14:12:41.609" endtime="20240703 14:12:41.609"/>
</kw>
<kw name="Find Empty Row" library="Autosphere.Excel.Files">
<var>${next}</var>
<doc>Find the first empty row after existing content,
and return the row number.</doc>
<msg timestamp="20240703 14:12:41.609" level="INFO">${next} = 8</msg>
<status status="PASS" starttime="20240703 14:12:41.609" endtime="20240703 14:12:41.609"/>
</kw>
<kw name="Set Cell Value" library="Autosphere.Excel.Files">
<arg>${next}</arg>
<arg>A</arg>
<arg>${customer_name}</arg>
<doc>Set a cell value in the given worksheet.</doc>
<status status="PASS" starttime="20240703 14:12:41.609" endtime="20240703 14:12:41.609"/>
</kw>
<kw name="Set Cell Value" library="Autosphere.Excel.Files">
<arg>${next}</arg>
<arg>B</arg>
<arg>${no_of_location}</arg>
<doc>Set a cell value in the given worksheet.</doc>
<status status="PASS" starttime="20240703 14:12:41.609" endtime="20240703 14:12:41.609"/>
</kw>
<status status="PASS" starttime="20240703 14:12:41.593" endtime="20240703 14:12:41.609"/>
</branch>
<status status="PASS" starttime="20240703 14:12:41.593" endtime="20240703 14:12:41.609"/>
</if>
<status status="PASS" starttime="20240703 14:12:41.562" endtime="20240703 14:12:41.609"/>
</iter>
<iter>
<var name="${row}">12</var>
<kw name="Get Text" library="Autosphere.Browser.Playwright">
<var>${no_of_location}</var>
<arg>(//table[@style='']//tr)[${row}]//td[${country}]</arg>
<doc>Returns the text value of the element identified by ``locator``.</doc>
<msg timestamp="20240703 14:12:41.625" level="INFO">${no_of_location} = 8</msg>
<status status="PASS" starttime="20240703 14:12:41.609" endtime="20240703 14:12:41.625"/>
</kw>
<if>
<branch type="IF" condition="'${no_of_location}' != '0'">
<kw name="Get Text" library="Autosphere.Browser.Playwright">
<var>${customer_name}</var>
<arg>(//table[@style='']//tr)[${row}]//td[1]</arg>
<doc>Returns the text value of the element identified by ``locator``.</doc>
<msg timestamp="20240703 14:12:41.641" level="INFO">${customer_name} = RENAULT</msg>
<status status="PASS" starttime="20240703 14:12:41.625" endtime="20240703 14:12:41.641"/>
</kw>
<kw name="Log" library="BuiltIn">
<arg>${no_of_location}</arg>
<doc>Logs the given message with the given level.</doc>
<msg timestamp="20240703 14:12:41.641" level="INFO">8</msg>
<status status="PASS" starttime="20240703 14:12:41.641" endtime="20240703 14:12:41.641"/>
</kw>
<kw name="Log" library="BuiltIn">
<arg>${customer_name}</arg>
<doc>Logs the given message with the given level.</doc>
<msg timestamp="20240703 14:12:41.641" level="INFO">RENAULT</msg>
<status status="PASS" starttime="20240703 14:12:41.641" endtime="20240703 14:12:41.641"/>
</kw>
<kw name="Find Empty Row" library="Autosphere.Excel.Files">
<var>${next}</var>
<doc>Find the first empty row after existing content,
and return the row number.</doc>
<msg timestamp="20240703 14:12:41.641" level="INFO">${next} = 9</msg>
<status status="PASS" starttime="20240703 14:12:41.641" endtime="20240703 14:12:41.641"/>
</kw>
<kw name="Set Cell Value" library="Autosphere.Excel.Files">
<arg>${next}</arg>
<arg>A</arg>
<arg>${customer_name}</arg>
<doc>Set a cell value in the given worksheet.</doc>
<status status="PASS" starttime="20240703 14:12:41.641" endtime="20240703 14:12:41.641"/>
</kw>
<kw name="Set Cell Value" library="Autosphere.Excel.Files">
<arg>${next}</arg>
<arg>B</arg>
<arg>${no_of_location}</arg>
<doc>Set a cell value in the given worksheet.</doc>
<status status="PASS" starttime="20240703 14:12:41.641" endtime="20240703 14:12:41.641"/>
</kw>
<status status="PASS" starttime="20240703 14:12:41.625" endtime="20240703 14:12:41.641"/>
</branch>
<status status="PASS" starttime="20240703 14:12:41.625" endtime="20240703 14:12:41.641"/>
</if>
<status status="PASS" starttime="20240703 14:12:41.609" endtime="20240703 14:12:41.641"/>
</iter>
<iter>
<var name="${row}">13</var>
<kw name="Get Text" library="Autosphere.Browser.Playwright">
<var>${no_of_location}</var>
<arg>(//table[@style='']//tr)[${row}]//td[${country}]</arg>
<doc>Returns the text value of the element identified by ``locator``.</doc>
<msg timestamp="20240703 14:12:41.656" level="INFO">${no_of_location} = 3</msg>
<status status="PASS" starttime="20240703 14:12:41.641" endtime="20240703 14:12:41.656"/>
</kw>
<if>
<branch type="IF" condition="'${no_of_location}' != '0'">
<kw name="Get Text" library="Autosphere.Browser.Playwright">
<var>${customer_name}</var>
<arg>(//table[@style='']//tr)[${row}]//td[1]</arg>
<doc>Returns the text value of the element identified by ``locator``.</doc>
<msg timestamp="20240703 14:12:41.672" level="INFO">${customer_name} = BMW</msg>
<status status="PASS" starttime="20240703 14:12:41.656" endtime="20240703 14:12:41.672"/>
</kw>
<kw name="Log" library="BuiltIn">
<arg>${no_of_location}</arg>
<doc>Logs the given message with the given level.</doc>
<msg timestamp="20240703 14:12:41.672" level="INFO">3</msg>
<status status="PASS" starttime="20240703 14:12:41.672" endtime="20240703 14:12:41.672"/>
</kw>
<kw name="Log" library="BuiltIn">
<arg>${customer_name}</arg>
<doc>Logs the given message with the given level.</doc>
<msg timestamp="20240703 14:12:41.687" level="INFO">BMW</msg>
<status status="PASS" starttime="20240703 14:12:41.672" endtime="20240703 14:12:41.687"/>
</kw>
<kw name="Find Empty Row" library="Autosphere.Excel.Files">
<var>${next}</var>
<doc>Find the first empty row after existing content,
and return the row number.</doc>
<msg timestamp="20240703 14:12:41.687" level="INFO">${next} = 10</msg>
<status status="PASS" starttime="20240703 14:12:41.687" endtime="20240703 14:12:41.687"/>
</kw>
<kw name="Set Cell Value" library="Autosphere.Excel.Files">
<arg>${next}</arg>
<arg>A</arg>
<arg>${customer_name}</arg>
<doc>Set a cell value in the given worksheet.</doc>
<status status="PASS" starttime="20240703 14:12:41.687" endtime="20240703 14:12:41.687"/>
</kw>
<kw name="Set Cell Value" library="Autosphere.Excel.Files">
<arg>${next}</arg>
<arg>B</arg>
<arg>${no_of_location}</arg>
<doc>Set a cell value in the given worksheet.</doc>
<status status="PASS" starttime="20240703 14:12:41.687" endtime="20240703 14:12:41.687"/>
</kw>
<status status="PASS" starttime="20240703 14:12:41.656" endtime="20240703 14:12:41.687"/>
</branch>
<status status="PASS" starttime="20240703 14:12:41.656" endtime="20240703 14:12:41.687"/>
</if>
<status status="PASS" starttime="20240703 14:12:41.641" endtime="20240703 14:12:41.687"/>
</iter>
<iter>
<var name="${row}">14</var>
<kw name="Get Text" library="Autosphere.Browser.Playwright">
<var>${no_of_location}</var>
<arg>(//table[@style='']//tr)[${row}]//td[${country}]</arg>
<doc>Returns the text value of the element identified by ``locator``.</doc>
<msg timestamp="20240703 14:12:41.706" level="INFO">${no_of_location} = 2</msg>
<status status="PASS" starttime="20240703 14:12:41.687" endtime="20240703 14:12:41.706"/>
</kw>
<if>
<branch type="IF" condition="'${no_of_location}' != '0'">
<kw name="Get Text" library="Autosphere.Browser.Playwright">
<var>${customer_name}</var>
<arg>(//table[@style='']//tr)[${row}]//td[1]</arg>
<doc>Returns the text value of the element identified by ``locator``.</doc>
<msg timestamp="20240703 14:12:41.719" level="INFO">${customer_name} = ROLLS ROYCE</msg>
<status status="PASS" starttime="20240703 14:12:41.706" endtime="20240703 14:12:41.719"/>
</kw>
<kw name="Log" library="BuiltIn">
<arg>${no_of_location}</arg>
<doc>Logs the given message with the given level.</doc>
<msg timestamp="20240703 14:12:41.719" level="INFO">2</msg>
<status status="PASS" starttime="20240703 14:12:41.719" endtime="20240703 14:12:41.719"/>
</kw>
<kw name="Log" library="BuiltIn">
<arg>${customer_name}</arg>
<doc>Logs the given message with the given level.</doc>
<msg timestamp="20240703 14:12:41.719" level="INFO">ROLLS ROYCE</msg>
<status status="PASS" starttime="20240703 14:12:41.719" endtime="20240703 14:12:41.719"/>
</kw>
<kw name="Find Empty Row" library="Autosphere.Excel.Files">
<var>${next}</var>
<doc>Find the first empty row after existing content,
and return the row number.</doc>
<msg timestamp="20240703 14:12:41.719" level="INFO">${next} = 11</msg>
<status status="PASS" starttime="20240703 14:12:41.719" endtime="20240703 14:12:41.719"/>
</kw>
<kw name="Set Cell Value" library="Autosphere.Excel.Files">
<arg>${next}</arg>
<arg>A</arg>
<arg>${customer_name}</arg>
<doc>Set a cell value in the given worksheet.</doc>
<status status="PASS" starttime="20240703 14:12:41.719" endtime="20240703 14:12:41.719"/>
</kw>
<kw name="Set Cell Value" library="Autosphere.Excel.Files">
<arg>${next}</arg>
<arg>B</arg>
<arg>${no_of_location}</arg>
<doc>Set a cell value in the given worksheet.</doc>
<status status="PASS" starttime="20240703 14:12:41.719" endtime="20240703 14:12:41.719"/>
</kw>
<status status="PASS" starttime="20240703 14:12:41.706" endtime="20240703 14:12:41.719"/>
</branch>
<status status="PASS" starttime="20240703 14:12:41.706" endtime="20240703 14:12:41.719"/>
</if>
<status status="PASS" starttime="20240703 14:12:41.687" endtime="20240703 14:12:41.719"/>
</iter>
<iter>
<var name="${row}">15</var>
<kw name="Get Text" library="Autosphere.Browser.Playwright">
<var>${no_of_location}</var>
<arg>(//table[@style='']//tr)[${row}]//td[${country}]</arg>
<doc>Returns the text value of the element identified by ``locator``.</doc>
<msg timestamp="20240703 14:12:41.735" level="INFO">${no_of_location} = 6</msg>
<status status="PASS" starttime="20240703 14:12:41.719" endtime="20240703 14:12:41.735"/>
</kw>
<if>
<branch type="IF" condition="'${no_of_location}' != '0'">
<kw name="Get Text" library="Autosphere.Browser.Playwright">
<var>${customer_name}</var>
<arg>(//table[@style='']//tr)[${row}]//td[1]</arg>
<doc>Returns the text value of the element identified by ``locator``.</doc>
<msg timestamp="20240703 14:12:41.750" level="INFO">${customer_name} = LAND ROVER</msg>
<status status="PASS" starttime="20240703 14:12:41.735" endtime="20240703 14:12:41.750"/>
</kw>
<kw name="Log" library="BuiltIn">
<arg>${no_of_location}</arg>
<doc>Logs the given message with the given level.</doc>
<msg timestamp="20240703 14:12:41.750" level="INFO">6</msg>
<status status="PASS" starttime="20240703 14:12:41.750" endtime="20240703 14:12:41.750"/>
</kw>
<kw name="Log" library="BuiltIn">
<arg>${customer_name}</arg>
<doc>Logs the given message with the given level.</doc>
<msg timestamp="20240703 14:12:41.750" level="INFO">LAND ROVER</msg>
<status status="PASS" starttime="20240703 14:12:41.750" endtime="20240703 14:12:41.750"/>
</kw>
<kw name="Find Empty Row" library="Autosphere.Excel.Files">
<var>${next}</var>
<doc>Find the first empty row after existing content,
and return the row number.</doc>
<msg timestamp="20240703 14:12:41.750" level="INFO">${next} = 12</msg>
<status status="PASS" starttime="20240703 14:12:41.750" endtime="20240703 14:12:41.750"/>
</kw>
<kw name="Set Cell Value" library="Autosphere.Excel.Files">
<arg>${next}</arg>
<arg>A</arg>
<arg>${customer_name}</arg>
<doc>Set a cell value in the given worksheet.</doc>
<status status="PASS" starttime="20240703 14:12:41.750" endtime="20240703 14:12:41.750"/>
</kw>
<kw name="Set Cell Value" library="Autosphere.Excel.Files">
<arg>${next}</arg>
<arg>B</arg>
<arg>${no_of_location}</arg>
<doc>Set a cell value in the given worksheet.</doc>
<status status="PASS" starttime="20240703 14:12:41.750" endtime="20240703 14:12:41.750"/>
</kw>
<status status="PASS" starttime="20240703 14:12:41.735" endtime="20240703 14:12:41.750"/>
</branch>
<status status="PASS" starttime="20240703 14:12:41.735" endtime="20240703 14:12:41.750"/>
</if>
<status status="PASS" starttime="20240703 14:12:41.719" endtime="20240703 14:12:41.750"/>
</iter>
<iter>
<var name="${row}">16</var>
<kw name="Get Text" library="Autosphere.Browser.Playwright">
<var>${no_of_location}</var>
<arg>(//table[@style='']//tr)[${row}]//td[${country}]</arg>
<doc>Returns the text value of the element identified by ``locator``.</doc>
<msg timestamp="20240703 14:12:41.766" level="INFO">${no_of_location} = 7</msg>
<status status="PASS" starttime="20240703 14:12:41.750" endtime="20240703 14:12:41.766"/>
</kw>
<if>
<branch type="IF" condition="'${no_of_location}' != '0'">
<kw name="Get Text" library="Autosphere.Browser.Playwright">
<var>${customer_name}</var>
<arg>(//table[@style='']//tr)[${row}]//td[1]</arg>
<doc>Returns the text value of the element identified by ``locator``.</doc>
<msg timestamp="20240703 14:12:41.797" level="INFO">${customer_name} = BENZ</msg>
<status status="PASS" starttime="20240703 14:12:41.766" endtime="20240703 14:12:41.797"/>
</kw>
<kw name="Log" library="BuiltIn">
<arg>${no_of_location}</arg>
<doc>Logs the given message with the given level.</doc>
<msg timestamp="20240703 14:12:41.797" level="INFO">7</msg>
<status status="PASS" starttime="20240703 14:12:41.797" endtime="20240703 14:12:41.797"/>
</kw>
<kw name="Log" library="BuiltIn">
<arg>${customer_name}</arg>
<doc>Logs the given message with the given level.</doc>
<msg timestamp="20240703 14:12:41.797" level="INFO">BENZ</msg>
<status status="PASS" starttime="20240703 14:12:41.797" endtime="20240703 14:12:41.797"/>
</kw>
<kw name="Find Empty Row" library="Autosphere.Excel.Files">
<var>${next}</var>
<doc>Find the first empty row after existing content,
and return the row number.</doc>
<msg timestamp="20240703 14:12:41.797" level="INFO">${next} = 13</msg>
<status status="PASS" starttime="20240703 14:12:41.797" endtime="20240703 14:12:41.797"/>
</kw>
<kw name="Set Cell Value" library="Autosphere.Excel.Files">
<arg>${next}</arg>
<arg>A</arg>
<arg>${customer_name}</arg>
<doc>Set a cell value in the given worksheet.</doc>
<status status="PASS" starttime="20240703 14:12:41.797" endtime="20240703 14:12:41.797"/>
</kw>
<kw name="Set Cell Value" library="Autosphere.Excel.Files">
<arg>${next}</arg>
<arg>B</arg>
<arg>${no_of_location}</arg>
<doc>Set a cell value in the given worksheet.</doc>
<status status="PASS" starttime="20240703 14:12:41.797" endtime="20240703 14:12:41.797"/>
</kw>
<status status="PASS" starttime="20240703 14:12:41.766" endtime="20240703 14:12:41.797"/>
</branch>
<status status="PASS" starttime="20240703 14:12:41.766" endtime="20240703 14:12:41.797"/>
</if>
<status status="PASS" starttime="20240703 14:12:41.750" endtime="20240703 14:12:41.797"/>
</iter>
<iter>
<var name="${row}">17</var>
<kw name="Get Text" library="Autosphere.Browser.Playwright">
<var>${no_of_location}</var>
<arg>(//table[@style='']//tr)[${row}]//td[${country}]</arg>
<doc>Returns the text value of the element identified by ``locator``.</doc>
<msg timestamp="20240703 14:12:41.813" level="INFO">${no_of_location} = 9</msg>
<status status="PASS" starttime="20240703 14:12:41.797" endtime="20240703 14:12:41.813"/>
</kw>
<if>
<branch type="IF" condition="'${no_of_location}' != '0'">
<kw name="Get Text" library="Autosphere.Browser.Playwright">
<var>${customer_name}</var>
<arg>(//table[@style='']//tr)[${row}]//td[1]</arg>
<doc>Returns the text value of the element identified by ``locator``.</doc>
<msg timestamp="20240703 14:12:41.829" level="INFO">${customer_name} = KIA</msg>
<status status="PASS" starttime="20240703 14:12:41.813" endtime="20240703 14:12:41.829"/>
</kw>
<kw name="Log" library="BuiltIn">
<arg>${no_of_location}</arg>
<doc>Logs the given message with the given level.</doc>
<msg timestamp="20240703 14:12:41.829" level="INFO">9</msg>
<status status="PASS" starttime="20240703 14:12:41.829" endtime="20240703 14:12:41.829"/>
</kw>
<kw name="Log" library="BuiltIn">
<arg>${customer_name}</arg>
<doc>Logs the given message with the given level.</doc>
<msg timestamp="20240703 14:12:41.829" level="INFO">KIA</msg>
<status status="PASS" starttime="20240703 14:12:41.829" endtime="20240703 14:12:41.829"/>
</kw>
<kw name="Find Empty Row" library="Autosphere.Excel.Files">
<var>${next}</var>
<doc>Find the first empty row after existing content,
and return the row number.</doc>
<msg timestamp="20240703 14:12:41.829" level="INFO">${next} = 14</msg>
<status status="PASS" starttime="20240703 14:12:41.829" endtime="20240703 14:12:41.829"/>
</kw>
<kw name="Set Cell Value" library="Autosphere.Excel.Files">
<arg>${next}</arg>
<arg>A</arg>
<arg>${customer_name}</arg>
<doc>Set a cell value in the given worksheet.</doc>
<status status="PASS" starttime="20240703 14:12:41.829" endtime="20240703 14:12:41.829"/>
</kw>
<kw name="Set Cell Value" library="Autosphere.Excel.Files">
<arg>${next}</arg>
<arg>B</arg>
<arg>${no_of_location}</arg>
<doc>Set a cell value in the given worksheet.</doc>
<status status="PASS" starttime="20240703 14:12:41.829" endtime="20240703 14:12:41.829"/>
</kw>
<status status="PASS" starttime="20240703 14:12:41.813" endtime="20240703 14:12:41.829"/>
</branch>
<status status="PASS" starttime="20240703 14:12:41.813" endtime="20240703 14:12:41.829"/>
</if>
<status status="PASS" starttime="20240703 14:12:41.797" endtime="20240703 14:12:41.829"/>
</iter>
<iter>
<var name="${row}">18</var>
<kw name="Get Text" library="Autosphere.Browser.Playwright">
<var>${no_of_location}</var>
<arg>(//table[@style='']//tr)[${row}]//td[${country}]</arg>
<doc>Returns the text value of the element identified by ``locator``.</doc>
<msg timestamp="20240703 14:12:41.844" level="INFO">${no_of_location} = 0</msg>
<status status="PASS" starttime="20240703 14:12:41.829" endtime="20240703 14:12:41.844"/>
</kw>
<if>
<branch type="IF" condition="'${no_of_location}' != '0'">
<kw name="Get Text" library="Autosphere.Browser.Playwright">
<var>${customer_name}</var>
<arg>(//table[@style='']//tr)[${row}]//td[1]</arg>
<doc>Returns the text value of the element identified by ``locator``.</doc>
<status status="NOT RUN" starttime="20240703 14:12:41.860" endtime="20240703 14:12:41.860"/>
</kw>
<kw name="Log" library="BuiltIn">
<arg>${no_of_location}</arg>
<doc>Logs the given message with the given level.</doc>
<status status="NOT RUN" starttime="20240703 14:12:41.860" endtime="20240703 14:12:41.860"/>
</kw>
<kw name="Log" library="BuiltIn">
<arg>${customer_name}</arg>
<doc>Logs the given message with the given level.</doc>
<status status="NOT RUN" starttime="20240703 14:12:41.860" endtime="20240703 14:12:41.860"/>
</kw>
<kw name="Find Empty Row" library="Autosphere.Excel.Files">
<var>${next}</var>
<doc>Find the first empty row after existing content,
and return the row number.</doc>
<status status="NOT RUN" starttime="20240703 14:12:41.860" endtime="20240703 14:12:41.860"/>
</kw>
<kw name="Set Cell Value" library="Autosphere.Excel.Files">
<arg>${next}</arg>
<arg>A</arg>
<arg>${customer_name}</arg>
<doc>Set a cell value in the given worksheet.</doc>
<status status="NOT RUN" starttime="20240703 14:12:41.860" endtime="20240703 14:12:41.860"/>
</kw>
<kw name="Set Cell Value" library="Autosphere.Excel.Files">
<arg>${next}</arg>
<arg>B</arg>
<arg>${no_of_location}</arg>
<doc>Set a cell value in the given worksheet.</doc>
<status status="NOT RUN" starttime="20240703 14:12:41.860" endtime="20240703 14:12:41.860"/>
</kw>
<status status="NOT RUN" starttime="20240703 14:12:41.860" endtime="20240703 14:12:41.860"/>
</branch>
<status status="PASS" starttime="20240703 14:12:41.860" endtime="20240703 14:12:41.860"/>
</if>
<status status="PASS" starttime="20240703 14:12:41.829" endtime="20240703 14:12:41.860"/>
</iter>
<iter>
<var name="${row}">19</var>
<kw name="Get Text" library="Autosphere.Browser.Playwright">
<var>${no_of_location}</var>
<arg>(//table[@style='']//tr)[${row}]//td[${country}]</arg>
<doc>Returns the text value of the element identified by ``locator``.</doc>
<msg timestamp="20240703 14:12:41.876" level="INFO">${no_of_location} = 1</msg>
<status status="PASS" starttime="20240703 14:12:41.860" endtime="20240703 14:12:41.876"/>
</kw>
<if>
<branch type="IF" condition="'${no_of_location}' != '0'">
<kw name="Get Text" library="Autosphere.Browser.Playwright">
<var>${customer_name}</var>
<arg>(//table[@style='']//tr)[${row}]//td[1]</arg>
<doc>Returns the text value of the element identified by ``locator``.</doc>
<msg timestamp="20240703 14:12:41.891" level="INFO">${customer_name} = STATE BANK OF INDIA</msg>
<status status="PASS" starttime="20240703 14:12:41.876" endtime="20240703 14:12:41.891"/>
</kw>
<kw name="Log" library="BuiltIn">
<arg>${no_of_location}</arg>
<doc>Logs the given message with the given level.</doc>
<msg timestamp="20240703 14:12:41.891" level="INFO">1</msg>
<status status="PASS" starttime="20240703 14:12:41.891" endtime="20240703 14:12:41.891"/>
</kw>
<kw name="Log" library="BuiltIn">
<arg>${customer_name}</arg>
<doc>Logs the given message with the given level.</doc>
<msg timestamp="20240703 14:12:41.891" level="INFO">STATE BANK OF INDIA</msg>
<status status="PASS" starttime="20240703 14:12:41.891" endtime="20240703 14:12:41.891"/>
</kw>
<kw name="Find Empty Row" library="Autosphere.Excel.Files">
<var>${next}</var>
<doc>Find the first empty row after existing content,
and return the row number.</doc>
<msg timestamp="20240703 14:12:41.891" level="INFO">${next} = 15</msg>
<status status="PASS" starttime="20240703 14:12:41.891" endtime="20240703 14:12:41.891"/>
</kw>
<kw name="Set Cell Value" library="Autosphere.Excel.Files">
<arg>${next}</arg>
<arg>A</arg>
<arg>${customer_name}</arg>
<doc>Set a cell value in the given worksheet.</doc>
<status status="PASS" starttime="20240703 14:12:41.891" endtime="20240703 14:12:41.891"/>
</kw>
<kw name="Set Cell Value" library="Autosphere.Excel.Files">
<arg>${next}</arg>
<arg>B</arg>
<arg>${no_of_location}</arg>
<doc>Set a cell value in the given worksheet.</doc>
<status status="PASS" starttime="20240703 14:12:41.891" endtime="20240703 14:12:41.891"/>
</kw>
<status status="PASS" starttime="20240703 14:12:41.876" endtime="20240703 14:12:41.891"/>
</branch>
<status status="PASS" starttime="20240703 14:12:41.876" endtime="20240703 14:12:41.891"/>
</if>
<status status="PASS" starttime="20240703 14:12:41.860" endtime="20240703 14:12:41.891"/>
</iter>
<iter>
<var name="${row}">20</var>
<kw name="Get Text" library="Autosphere.Browser.Playwright">
<var>${no_of_location}</var>
<arg>(//table[@style='']//tr)[${row}]//td[${country}]</arg>
<doc>Returns the text value of the element identified by ``locator``.</doc>
<msg timestamp="20240703 14:12:41.907" level="INFO">${no_of_location} = 5</msg>
<status status="PASS" starttime="20240703 14:12:41.891" endtime="20240703 14:12:41.907"/>
</kw>
<if>
<branch type="IF" condition="'${no_of_location}' != '0'">
<kw name="Get Text" library="Autosphere.Browser.Playwright">
<var>${customer_name}</var>
<arg>(//table[@style='']//tr)[${row}]//td[1]</arg>
<doc>Returns the text value of the element identified by ``locator``.</doc>
<msg timestamp="20240703 14:12:41.939" level="INFO">${customer_name} = BANK OF BARODA</msg>
<status status="PASS" starttime="20240703 14:12:41.907" endtime="20240703 14:12:41.939"/>
</kw>
<kw name="Log" library="BuiltIn">
<arg>${no_of_location}</arg>
<doc>Logs the given message with the given level.</doc>
<msg timestamp="20240703 14:12:41.939" level="INFO">5</msg>
<status status="PASS" starttime="20240703 14:12:41.939" endtime="20240703 14:12:41.939"/>
</kw>
<kw name="Log" library="BuiltIn">
<arg>${customer_name}</arg>
<doc>Logs the given message with the given level.</doc>
<msg timestamp="20240703 14:12:41.939" level="INFO">BANK OF BARODA</msg>
<status status="PASS" starttime="20240703 14:12:41.939" endtime="20240703 14:12:41.939"/>
</kw>
<kw name="Find Empty Row" library="Autosphere.Excel.Files">
<var>${next}</var>
<doc>Find the first empty row after existing content,
and return the row number.</doc>
<msg timestamp="20240703 14:12:41.939" level="INFO">${next} = 16</msg>
<status status="PASS" starttime="20240703 14:12:41.939" endtime="20240703 14:12:41.939"/>
</kw>
<kw name="Set Cell Value" library="Autosphere.Excel.Files">
<arg>${next}</arg>
<arg>A</arg>
<arg>${customer_name}</arg>
<doc>Set a cell value in the given worksheet.</doc>
<status status="PASS" starttime="20240703 14:12:41.939" endtime="20240703 14:12:41.939"/>
</kw>
<kw name="Set Cell Value" library="Autosphere.Excel.Files">
<arg>${next}</arg>
<arg>B</arg>
<arg>${no_of_location}</arg>
<doc>Set a cell value in the given worksheet.</doc>
<status status="PASS" starttime="20240703 14:12:41.939" endtime="20240703 14:12:41.939"/>
</kw>
<status status="PASS" starttime="20240703 14:12:41.907" endtime="20240703 14:12:41.939"/>
</branch>
<status status="PASS" starttime="20240703 14:12:41.907" endtime="20240703 14:12:41.939"/>
</if>
<status status="PASS" starttime="20240703 14:12:41.891" endtime="20240703 14:12:41.939"/>
</iter>
<iter>
<var name="${row}">21</var>
<kw name="Get Text" library="Autosphere.Browser.Playwright">
<var>${no_of_location}</var>
<arg>(//table[@style='']//tr)[${row}]//td[${country}]</arg>
<doc>Returns the text value of the element identified by ``locator``.</doc>
<msg timestamp="20240703 14:12:41.954" level="INFO">${no_of_location} = 6</msg>
<status status="PASS" starttime="20240703 14:12:41.939" endtime="20240703 14:12:41.954"/>
</kw>
<if>
<branch type="IF" condition="'${no_of_location}' != '0'">
<kw name="Get Text" library="Autosphere.Browser.Playwright">
<var>${customer_name}</var>
<arg>(//table[@style='']//tr)[${row}]//td[1]</arg>
<doc>Returns the text value of the element identified by ``locator``.</doc>
<msg timestamp="20240703 14:12:41.970" level="INFO">${customer_name} = BANK OF MAHARASHTRA</msg>
<status status="PASS" starttime="20240703 14:12:41.954" endtime="20240703 14:12:41.970"/>
</kw>
<kw name="Log" library="BuiltIn">
<arg>${no_of_location}</arg>
<doc>Logs the given message with the given level.</doc>
<msg timestamp="20240703 14:12:41.970" level="INFO">6</msg>
<status status="PASS" starttime="20240703 14:12:41.970" endtime="20240703 14:12:41.970"/>
</kw>
<kw name="Log" library="BuiltIn">
<arg>${customer_name}</arg>
<doc>Logs the given message with the given level.</doc>
<msg timestamp="20240703 14:12:41.970" level="INFO">BANK OF MAHARASHTRA</msg>
<status status="PASS" starttime="20240703 14:12:41.970" endtime="20240703 14:12:41.970"/>
</kw>
<kw name="Find Empty Row" library="Autosphere.Excel.Files">
<var>${next}</var>
<doc>Find the first empty row after existing content,
and return the row number.</doc>
<msg timestamp="20240703 14:12:41.970" level="INFO">${next} = 17</msg>
<status status="PASS" starttime="20240703 14:12:41.970" endtime="20240703 14:12:41.970"/>
</kw>
<kw name="Set Cell Value" library="Autosphere.Excel.Files">
<arg>${next}</arg>
<arg>A</arg>
<arg>${customer_name}</arg>
<doc>Set a cell value in the given worksheet.</doc>
<status status="PASS" starttime="20240703 14:12:41.970" endtime="20240703 14:12:41.970"/>
</kw>
<kw name="Set Cell Value" library="Autosphere.Excel.Files">
<arg>${next}</arg>
<arg>B</arg>
<arg>${no_of_location}</arg>
<doc>Set a cell value in the given worksheet.</doc>
<status status="PASS" starttime="20240703 14:12:41.970" endtime="20240703 14:12:41.970"/>
</kw>
<status status="PASS" starttime="20240703 14:12:41.954" endtime="20240703 14:12:41.970"/>
</branch>
<status status="PASS" starttime="20240703 14:12:41.954" endtime="20240703 14:12:41.970"/>
</if>
<status status="PASS" starttime="20240703 14:12:41.939" endtime="20240703 14:12:41.970"/>
</iter>
<iter>
<var name="${row}">22</var>
<kw name="Get Text" library="Autosphere.Browser.Playwright">
<var>${no_of_location}</var>
<arg>(//table[@style='']//tr)[${row}]//td[${country}]</arg>
<doc>Returns the text value of the element identified by ``locator``.</doc>
<msg timestamp="20240703 14:12:42.001" level="INFO">${no_of_location} = 3</msg>
<status status="PASS" starttime="20240703 14:12:41.970" endtime="20240703 14:12:42.001"/>
</kw>
<if>
<branch type="IF" condition="'${no_of_location}' != '0'">
<kw name="Get Text" library="Autosphere.Browser.Playwright">
<var>${customer_name}</var>
<arg>(//table[@style='']//tr)[${row}]//td[1]</arg>
<doc>Returns the text value of the element identified by ``locator``.</doc>
<msg timestamp="20240703 14:12:42.017" level="INFO">${customer_name} = CANARA BANK</msg>
<status status="PASS" starttime="20240703 14:12:42.001" endtime="20240703 14:12:42.017"/>
</kw>
<kw name="Log" library="BuiltIn">
<arg>${no_of_location}</arg>
<doc>Logs the given message with the given level.</doc>
<msg timestamp="20240703 14:12:42.017" level="INFO">3</msg>
<status status="PASS" starttime="20240703 14:12:42.017" endtime="20240703 14:12:42.017"/>
</kw>
<kw name="Log" library="BuiltIn">
<arg>${customer_name}</arg>
<doc>Logs the given message with the given level.</doc>
<msg timestamp="20240703 14:12:42.017" level="INFO">CANARA BANK</msg>
<status status="PASS" starttime="20240703 14:12:42.017" endtime="20240703 14:12:42.017"/>
</kw>
<kw name="Find Empty Row" library="Autosphere.Excel.Files">
<var>${next}</var>
<doc>Find the first empty row after existing content,
and return the row number.</doc>
<msg timestamp="20240703 14:12:42.017" level="INFO">${next} = 18</msg>
<status status="PASS" starttime="20240703 14:12:42.017" endtime="20240703 14:12:42.017"/>
</kw>
<kw name="Set Cell Value" library="Autosphere.Excel.Files">
<arg>${next}</arg>
<arg>A</arg>
<arg>${customer_name}</arg>
<doc>Set a cell value in the given worksheet.</doc>
<status status="PASS" starttime="20240703 14:12:42.017" endtime="20240703 14:12:42.017"/>
</kw>
<kw name="Set Cell Value" library="Autosphere.Excel.Files">
<arg>${next}</arg>
<arg>B</arg>
<arg>${no_of_location}</arg>
<doc>Set a cell value in the given worksheet.</doc>
<status status="PASS" starttime="20240703 14:12:42.017" endtime="20240703 14:12:42.017"/>
</kw>
<status status="PASS" starttime="20240703 14:12:42.001" endtime="20240703 14:12:42.017"/>
</branch>
<status status="PASS" starttime="20240703 14:12:42.001" endtime="20240703 14:12:42.017"/>
</if>
<status status="PASS" starttime="20240703 14:12:41.970" endtime="20240703 14:12:42.017"/>
</iter>
<iter>
<var name="${row}">23</var>
<kw name="Get Text" library="Autosphere.Browser.Playwright">
<var>${no_of_location}</var>
<arg>(//table[@style='']//tr)[${row}]//td[${country}]</arg>
<doc>Returns the text value of the element identified by ``locator``.</doc>
<msg timestamp="20240703 14:12:42.033" level="INFO">${no_of_location} = 7</msg>
<status status="PASS" starttime="20240703 14:12:42.017" endtime="20240703 14:12:42.033"/>
</kw>
<if>
<branch type="IF" condition="'${no_of_location}' != '0'">
<kw name="Get Text" library="Autosphere.Browser.Playwright">
<var>${customer_name}</var>
<arg>(//table[@style='']//tr)[${row}]//td[1]</arg>
<doc>Returns the text value of the element identified by ``locator``.</doc>
<msg timestamp="20240703 14:12:42.048" level="INFO">${customer_name} = ANDRA PRAGHATHI GRAMEENA BANK</msg>
<status status="PASS" starttime="20240703 14:12:42.033" endtime="20240703 14:12:42.048"/>
</kw>
<kw name="Log" library="BuiltIn">
<arg>${no_of_location}</arg>
<doc>Logs the given message with the given level.</doc>
<msg timestamp="20240703 14:12:42.048" level="INFO">7</msg>
<status status="PASS" starttime="20240703 14:12:42.048" endtime="20240703 14:12:42.048"/>
</kw>
<kw name="Log" library="BuiltIn">
<arg>${customer_name}</arg>
<doc>Logs the given message with the given level.</doc>
<msg timestamp="20240703 14:12:42.048" level="INFO">ANDRA PRAGHATHI GRAMEENA BANK</msg>
<status status="PASS" starttime="20240703 14:12:42.048" endtime="20240703 14:12:42.048"/>
</kw>
<kw name="Find Empty Row" library="Autosphere.Excel.Files">
<var>${next}</var>
<doc>Find the first empty row after existing content,
and return the row number.</doc>
<msg timestamp="20240703 14:12:42.048" level="INFO">${next} = 19</msg>
<status status="PASS" starttime="20240703 14:12:42.048" endtime="20240703 14:12:42.048"/>
</kw>
<kw name="Set Cell Value" library="Autosphere.Excel.Files">
<arg>${next}</arg>
<arg>A</arg>
<arg>${customer_name}</arg>
<doc>Set a cell value in the given worksheet.</doc>
<status status="PASS" starttime="20240703 14:12:42.048" endtime="20240703 14:12:42.048"/>
</kw>
<kw name="Set Cell Value" library="Autosphere.Excel.Files">
<arg>${next}</arg>
<arg>B</arg>
<arg>${no_of_location}</arg>
<doc>Set a cell value in the given worksheet.</doc>
<status status="PASS" starttime="20240703 14:12:42.048" endtime="20240703 14:12:42.048"/>
</kw>
<status status="PASS" starttime="20240703 14:12:42.033" endtime="20240703 14:12:42.048"/>
</branch>
<status status="PASS" starttime="20240703 14:12:42.033" endtime="20240703 14:12:42.048"/>
</if>
<status status="PASS" starttime="20240703 14:12:42.017" endtime="20240703 14:12:42.048"/>
</iter>
<iter>
<var name="${row}">24</var>
<kw name="Get Text" library="Autosphere.Browser.Playwright">
<var>${no_of_location}</var>
<arg>(//table[@style='']//tr)[${row}]//td[${country}]</arg>
<doc>Returns the text value of the element identified by ``locator``.</doc>
<msg timestamp="20240703 14:12:42.083" level="INFO">${no_of_location} = 8</msg>
<status status="PASS" starttime="20240703 14:12:42.048" endtime="20240703 14:12:42.083"/>
</kw>
<if>
<branch type="IF" condition="'${no_of_location}' != '0'">
<kw name="Get Text" library="Autosphere.Browser.Playwright">
<var>${customer_name}</var>
<arg>(//table[@style='']//tr)[${row}]//td[1]</arg>
<doc>Returns the text value of the element identified by ``locator``.</doc>
<msg timestamp="20240703 14:12:42.092" level="INFO">${customer_name} = BANK OF INDIA</msg>
<status status="PASS" starttime="20240703 14:12:42.083" endtime="20240703 14:12:42.092"/>
</kw>
<kw name="Log" library="BuiltIn">
<arg>${no_of_location}</arg>
<doc>Logs the given message with the given level.</doc>
<msg timestamp="20240703 14:12:42.092" level="INFO">8</msg>
<status status="PASS" starttime="20240703 14:12:42.092" endtime="20240703 14:12:42.092"/>
</kw>
<kw name="Log" library="BuiltIn">
<arg>${customer_name}</arg>
<doc>Logs the given message with the given level.</doc>
<msg timestamp="20240703 14:12:42.092" level="INFO">BANK OF INDIA</msg>
<status status="PASS" starttime="20240703 14:12:42.092" endtime="20240703 14:12:42.092"/>
</kw>
<kw name="Find Empty Row" library="Autosphere.Excel.Files">
<var>${next}</var>
<doc>Find the first empty row after existing content,
and return the row number.</doc>
<msg timestamp="20240703 14:12:42.092" level="INFO">${next} = 20</msg>
<status status="PASS" starttime="20240703 14:12:42.092" endtime="20240703 14:12:42.092"/>
</kw>
<kw name="Set Cell Value" library="Autosphere.Excel.Files">
<arg>${next}</arg>
<arg>A</arg>
<arg>${customer_name}</arg>
<doc>Set a cell value in the given worksheet.</doc>
<status status="PASS" starttime="20240703 14:12:42.092" endtime="20240703 14:12:42.092"/>
</kw>
<kw name="Set Cell Value" library="Autosphere.Excel.Files">
<arg>${next}</arg>
<arg>B</arg>
<arg>${no_of_location}</arg>
<doc>Set a cell value in the given worksheet.</doc>
<status status="PASS" starttime="20240703 14:12:42.092" endtime="20240703 14:12:42.092"/>
</kw>
<status status="PASS" starttime="20240703 14:12:42.083" endtime="20240703 14:12:42.092"/>
</branch>
<status status="PASS" starttime="20240703 14:12:42.083" endtime="20240703 14:12:42.092"/>
</if>
<status status="PASS" starttime="20240703 14:12:42.048" endtime="20240703 14:12:42.092"/>
</iter>
<iter>
<var name="${row}">25</var>
<kw name="Get Text" library="Autosphere.Browser.Playwright">
<var>${no_of_location}</var>
<arg>(//table[@style='']//tr)[${row}]//td[${country}]</arg>
<doc>Returns the text value of the element identified by ``locator``.</doc>
<msg timestamp="20240703 14:12:42.108" level="INFO">${no_of_location} = 9</msg>
<status status="PASS" starttime="20240703 14:12:42.092" endtime="20240703 14:12:42.108"/>
</kw>
<if>
<branch type="IF" condition="'${no_of_location}' != '0'">
<kw name="Get Text" library="Autosphere.Browser.Playwright">
<var>${customer_name}</var>
<arg>(//table[@style='']//tr)[${row}]//td[1]</arg>
<doc>Returns the text value of the element identified by ``locator``.</doc>
<msg timestamp="20240703 14:12:42.139" level="INFO">${customer_name} = CENTRAL BANK OF INDIA</msg>
<status status="PASS" starttime="20240703 14:12:42.108" endtime="20240703 14:12:42.139"/>
</kw>
<kw name="Log" library="BuiltIn">
<arg>${no_of_location}</arg>
<doc>Logs the given message with the given level.</doc>
<msg timestamp="20240703 14:12:42.139" level="INFO">9</msg>
<status status="PASS" starttime="20240703 14:12:42.139" endtime="20240703 14:12:42.139"/>
</kw>
<kw name="Log" library="BuiltIn">
<arg>${customer_name}</arg>
<doc>Logs the given message with the given level.</doc>
<msg timestamp="20240703 14:12:42.139" level="INFO">CENTRAL BANK OF INDIA</msg>
<status status="PASS" starttime="20240703 14:12:42.139" endtime="20240703 14:12:42.139"/>
</kw>
<kw name="Find Empty Row" library="Autosphere.Excel.Files">
<var>${next}</var>
<doc>Find the first empty row after existing content,
and return the row number.</doc>
<msg timestamp="20240703 14:12:42.139" level="INFO">${next} = 21</msg>
<status status="PASS" starttime="20240703 14:12:42.139" endtime="20240703 14:12:42.139"/>
</kw>
<kw name="Set Cell Value" library="Autosphere.Excel.Files">
<arg>${next}</arg>
<arg>A</arg>
<arg>${customer_name}</arg>
<doc>Set a cell value in the given worksheet.</doc>
<status status="PASS" starttime="20240703 14:12:42.139" endtime="20240703 14:12:42.139"/>
</kw>
<kw name="Set Cell Value" library="Autosphere.Excel.Files">
<arg>${next}</arg>
<arg>B</arg>
<arg>${no_of_location}</arg>
<doc>Set a cell value in the given worksheet.</doc>
<status status="PASS" starttime="20240703 14:12:42.139" endtime="20240703 14:12:42.139"/>
</kw>
<status status="PASS" starttime="20240703 14:12:42.108" endtime="20240703 14:12:42.139"/>
</branch>
<status status="PASS" starttime="20240703 14:12:42.108" endtime="20240703 14:12:42.139"/>
</if>
<status status="PASS" starttime="20240703 14:12:42.092" endtime="20240703 14:12:42.139"/>
</iter>
<iter>
<var name="${row}">26</var>
<kw name="Get Text" library="Autosphere.Browser.Playwright">
<var>${no_of_location}</var>
<arg>(//table[@style='']//tr)[${row}]//td[${country}]</arg>
<doc>Returns the text value of the element identified by ``locator``.</doc>
<msg timestamp="20240703 14:12:42.155" level="INFO">${no_of_location} = 5</msg>
<status status="PASS" starttime="20240703 14:12:42.139" endtime="20240703 14:12:42.155"/>
</kw>
<if>
<branch type="IF" condition="'${no_of_location}' != '0'">
<kw name="Get Text" library="Autosphere.Browser.Playwright">
<var>${customer_name}</var>
<arg>(//table[@style='']//tr)[${row}]//td[1]</arg>
<doc>Returns the text value of the element identified by ``locator``.</doc>
<msg timestamp="20240703 14:12:42.170" level="INFO">${customer_name} = INDIAN BANK</msg>
<status status="PASS" starttime="20240703 14:12:42.155" endtime="20240703 14:12:42.170"/>
</kw>
<kw name="Log" library="BuiltIn">
<arg>${no_of_location}</arg>
<doc>Logs the given message with the given level.</doc>
<msg timestamp="20240703 14:12:42.170" level="INFO">5</msg>
<status status="PASS" starttime="20240703 14:12:42.170" endtime="20240703 14:12:42.170"/>
</kw>
<kw name="Log" library="BuiltIn">
<arg>${customer_name}</arg>
<doc>Logs the given message with the given level.</doc>
<msg timestamp="20240703 14:12:42.170" level="INFO">INDIAN BANK</msg>
<status status="PASS" starttime="20240703 14:12:42.170" endtime="20240703 14:12:42.170"/>
</kw>
<kw name="Find Empty Row" library="Autosphere.Excel.Files">
<var>${next}</var>
<doc>Find the first empty row after existing content,
and return the row number.</doc>
<msg timestamp="20240703 14:12:42.170" level="INFO">${next} = 22</msg>
<status status="PASS" starttime="20240703 14:12:42.170" endtime="20240703 14:12:42.170"/>
</kw>
<kw name="Set Cell Value" library="Autosphere.Excel.Files">
<arg>${next}</arg>
<arg>A</arg>
<arg>${customer_name}</arg>
<doc>Set a cell value in the given worksheet.</doc>
<status status="PASS" starttime="20240703 14:12:42.170" endtime="20240703 14:12:42.170"/>
</kw>
<kw name="Set Cell Value" library="Autosphere.Excel.Files">
<arg>${next}</arg>
<arg>B</arg>
<arg>${no_of_location}</arg>
<doc>Set a cell value in the given worksheet.</doc>
<status status="PASS" starttime="20240703 14:12:42.170" endtime="20240703 14:12:42.170"/>
</kw>
<status status="PASS" starttime="20240703 14:12:42.155" endtime="20240703 14:12:42.170"/>
</branch>
<status status="PASS" starttime="20240703 14:12:42.155" endtime="20240703 14:12:42.170"/>
</if>
<status status="PASS" starttime="20240703 14:12:42.139" endtime="20240703 14:12:42.170"/>
</iter>
<iter>
<var name="${row}">27</var>
<kw name="Get Text" library="Autosphere.Browser.Playwright">
<var>${no_of_location}</var>
<arg>(//table[@style='']//tr)[${row}]//td[${country}]</arg>
<doc>Returns the text value of the element identified by ``locator``.</doc>
<msg timestamp="20240703 14:12:42.186" level="INFO">${no_of_location} = 0</msg>
<status status="PASS" starttime="20240703 14:12:42.170" endtime="20240703 14:12:42.186"/>
</kw>
<if>
<branch type="IF" condition="'${no_of_location}' != '0'">
<kw name="Get Text" library="Autosphere.Browser.Playwright">
<var>${customer_name}</var>
<arg>(//table[@style='']//tr)[${row}]//td[1]</arg>
<doc>Returns the text value of the element identified by ``locator``.</doc>
<status status="NOT RUN" starttime="20240703 14:12:42.186" endtime="20240703 14:12:42.186"/>
</kw>
<kw name="Log" library="BuiltIn">
<arg>${no_of_location}</arg>
<doc>Logs the given message with the given level.</doc>
<status status="NOT RUN" starttime="20240703 14:12:42.186" endtime="20240703 14:12:42.186"/>
</kw>
<kw name="Log" library="BuiltIn">
<arg>${customer_name}</arg>
<doc>Logs the given message with the given level.</doc>
<status status="NOT RUN" starttime="20240703 14:12:42.186" endtime="20240703 14:12:42.186"/>
</kw>
<kw name="Find Empty Row" library="Autosphere.Excel.Files">
<var>${next}</var>
<doc>Find the first empty row after existing content,
and return the row number.</doc>
<status status="NOT RUN" starttime="20240703 14:12:42.186" endtime="20240703 14:12:42.186"/>
</kw>
<kw name="Set Cell Value" library="Autosphere.Excel.Files">
<arg>${next}</arg>
<arg>A</arg>
<arg>${customer_name}</arg>
<doc>Set a cell value in the given worksheet.</doc>
<status status="NOT RUN" starttime="20240703 14:12:42.186" endtime="20240703 14:12:42.186"/>
</kw>
<kw name="Set Cell Value" library="Autosphere.Excel.Files">
<arg>${next}</arg>
<arg>B</arg>
<arg>${no_of_location}</arg>
<doc>Set a cell value in the given worksheet.</doc>
<status status="NOT RUN" starttime="20240703 14:12:42.186" endtime="20240703 14:12:42.186"/>
</kw>
<status status="NOT RUN" starttime="20240703 14:12:42.186" endtime="20240703 14:12:42.186"/>
</branch>
<status status="PASS" starttime="20240703 14:12:42.186" endtime="20240703 14:12:42.186"/>
</if>
<status status="PASS" starttime="20240703 14:12:42.170" endtime="20240703 14:12:42.186"/>
</iter>
<iter>
<var name="${row}">28</var>
<kw name="Get Text" library="Autosphere.Browser.Playwright">
<var>${no_of_location}</var>
<arg>(//table[@style='']//tr)[${row}]//td[${country}]</arg>
<doc>Returns the text value of the element identified by ``locator``.</doc>
<msg timestamp="20240703 14:12:42.217" level="INFO">${no_of_location} = 8</msg>
<status status="PASS" starttime="20240703 14:12:42.186" endtime="20240703 14:12:42.217"/>
</kw>
<if>
<branch type="IF" condition="'${no_of_location}' != '0'">
<kw name="Get Text" library="Autosphere.Browser.Playwright">
<var>${customer_name}</var>
<arg>(//table[@style='']//tr)[${row}]//td[1]</arg>
<doc>Returns the text value of the element identified by ``locator``.</doc>
<msg timestamp="20240703 14:12:42.233" level="INFO">${customer_name} = PUNJAB NATIONAL BANK</msg>
<status status="PASS" starttime="20240703 14:12:42.217" endtime="20240703 14:12:42.233"/>
</kw>
<kw name="Log" library="BuiltIn">
<arg>${no_of_location}</arg>
<doc>Logs the given message with the given level.</doc>
<msg timestamp="20240703 14:12:42.233" level="INFO">8</msg>
<status status="PASS" starttime="20240703 14:12:42.233" endtime="20240703 14:12:42.233"/>
</kw>
<kw name="Log" library="BuiltIn">
<arg>${customer_name}</arg>
<doc>Logs the given message with the given level.</doc>
<msg timestamp="20240703 14:12:42.233" level="INFO">PUNJAB NATIONAL BANK</msg>
<status status="PASS" starttime="20240703 14:12:42.233" endtime="20240703 14:12:42.233"/>
</kw>
<kw name="Find Empty Row" library="Autosphere.Excel.Files">
<var>${next}</var>
<doc>Find the first empty row after existing content,
and return the row number.</doc>
<msg timestamp="20240703 14:12:42.233" level="INFO">${next} = 23</msg>
<status status="PASS" starttime="20240703 14:12:42.233" endtime="20240703 14:12:42.233"/>
</kw>
<kw name="Set Cell Value" library="Autosphere.Excel.Files">
<arg>${next}</arg>
<arg>A</arg>
<arg>${customer_name}</arg>
<doc>Set a cell value in the given worksheet.</doc>
<status status="PASS" starttime="20240703 14:12:42.233" endtime="20240703 14:12:42.233"/>
</kw>
<kw name="Set Cell Value" library="Autosphere.Excel.Files">
<arg>${next}</arg>
<arg>B</arg>
<arg>${no_of_location}</arg>
<doc>Set a cell value in the given worksheet.</doc>
<status status="PASS" starttime="20240703 14:12:42.233" endtime="20240703 14:12:42.233"/>
</kw>
<status status="PASS" starttime="20240703 14:12:42.217" endtime="20240703 14:12:42.233"/>
</branch>
<status status="PASS" starttime="20240703 14:12:42.217" endtime="20240703 14:12:42.233"/>
</if>
<status status="PASS" starttime="20240703 14:12:42.186" endtime="20240703 14:12:42.233"/>
</iter>
<iter>
<var name="${row}">29</var>
<kw name="Get Text" library="Autosphere.Browser.Playwright">
<var>${no_of_location}</var>
<arg>(//table[@style='']//tr)[${row}]//td[${country}]</arg>
<doc>Returns the text value of the element identified by ``locator``.</doc>
<msg timestamp="20240703 14:12:42.249" level="INFO">${no_of_location} = 3</msg>
<status status="PASS" starttime="20240703 14:12:42.233" endtime="20240703 14:12:42.249"/>
</kw>
<if>
<branch type="IF" condition="'${no_of_location}' != '0'">
<kw name="Get Text" library="Autosphere.Browser.Playwright">
<var>${customer_name}</var>
<arg>(//table[@style='']//tr)[${row}]//td[1]</arg>
<doc>Returns the text value of the element identified by ``locator``.</doc>
<msg timestamp="20240703 14:12:42.264" level="INFO">${customer_name} = PUNJAB &amp; SIND BANK</msg>
<status status="PASS" starttime="20240703 14:12:42.249" endtime="20240703 14:12:42.264"/>
</kw>
<kw name="Log" library="BuiltIn">
<arg>${no_of_location}</arg>
<doc>Logs the given message with the given level.</doc>
<msg timestamp="20240703 14:12:42.264" level="INFO">3</msg>
<status status="PASS" starttime="20240703 14:12:42.264" endtime="20240703 14:12:42.264"/>
</kw>
<kw name="Log" library="BuiltIn">
<arg>${customer_name}</arg>
<doc>Logs the given message with the given level.</doc>
<msg timestamp="20240703 14:12:42.264" level="INFO">PUNJAB &amp; SIND BANK</msg>
<status status="PASS" starttime="20240703 14:12:42.264" endtime="20240703 14:12:42.264"/>
</kw>
<kw name="Find Empty Row" library="Autosphere.Excel.Files">
<var>${next}</var>
<doc>Find the first empty row after existing content,
and return the row number.</doc>
[...]
</if>
<status status="PASS" starttime="20240703 14:12:49.623" endtime="20240703 14:12:49.670"/>
</iter>
<iter>
<var name="${row}">50</var>
<kw name="Get Text" library="Autosphere.Browser.Playwright">
<var>${no_of_location}</var>
<arg>(//table[@style='']//tr)[${row}]//td[${country}]</arg>
<doc>Returns the text value of the element identified by ``locator``.</doc>
<msg timestamp="20240703 14:12:53.766" level="INFO">${no_of_location} = 1</msg>
<status status="PASS" starttime="20240703 14:12:49.670" endtime="20240703 14:12:53.766"/>
</kw>
<if>
<branch type="IF" condition="'${no_of_location}' != '0'">
<kw name="Get Text" library="Autosphere.Browser.Playwright">
<var>${customer_name}</var>
<arg>(//table[@style='']//tr)[${row}]//td[1]</arg>
<doc>Returns the text value of the element identified by ``locator``.</doc>
<msg timestamp="20240703 14:12:53.781" level="INFO">${customer_name} = MADHYANCHAL GRAMIN BANK</msg>
<status status="PASS" starttime="20240703 14:12:53.766" endtime="20240703 14:12:53.781"/>
</kw>
<kw name="Log" library="BuiltIn">
<arg>${no_of_location}</arg>
<doc>Logs the given message with the given level.</doc>
<msg timestamp="20240703 14:12:53.781" level="INFO">1</msg>
<status status="PASS" starttime="20240703 14:12:53.781" endtime="20240703 14:12:53.781"/>
</kw>
<kw name="Log" library="BuiltIn">
<arg>${customer_name}</arg>
<doc>Logs the given message with the given level.</doc>
<msg timestamp="20240703 14:12:53.781" level="INFO">MADHYANCHAL GRAMIN BANK</msg>
<status status="PASS" starttime="20240703 14:12:53.781" endtime="20240703 14:12:53.781"/>
</kw>
<kw name="Find Empty Row" library="Autosphere.Excel.Files">
<var>${next}</var>
<doc>Find the first empty row after existing content,
and return the row number.</doc>
<msg timestamp="20240703 14:12:53.781" level="INFO">${next} = 38</msg>
<status status="PASS" starttime="20240703 14:12:53.781" endtime="20240703 14:12:53.781"/>
</kw>
<kw name="Set Cell Value" library="Autosphere.Excel.Files">
<arg>${next}</arg>
<arg>A</arg>
<arg>${customer_name}</arg>
<doc>Set a cell value in the given worksheet.</doc>
<status status="PASS" starttime="20240703 14:12:53.781" endtime="20240703 14:12:53.781"/>
</kw>
<kw name="Set Cell Value" library="Autosphere.Excel.Files">
<arg>${next}</arg>
<arg>B</arg>
<arg>${no_of_location}</arg>
<doc>Set a cell value in the given worksheet.</doc>
<status status="PASS" starttime="20240703 14:12:53.781" endtime="20240703 14:12:53.781"/>
</kw>
<status status="PASS" starttime="20240703 14:12:53.766" endtime="20240703 14:12:53.781"/>
</branch>
<status status="PASS" starttime="20240703 14:12:53.766" endtime="20240703 14:12:53.781"/>
</if>
<status status="PASS" starttime="20240703 14:12:49.670" endtime="20240703 14:12:53.781"/>
</iter>
<iter>
<var name="${row}">51</var>
<kw name="Get Text" library="Autosphere.Browser.Playwright">
<var>${no_of_location}</var>
<arg>(//table[@style='']//tr)[${row}]//td[${country}]</arg>
<doc>Returns the text value of the element identified by ``locator``.</doc>
<msg timestamp="20240703 14:12:53.812" level="INFO">${no_of_location} = 7</msg>
<status status="PASS" starttime="20240703 14:12:53.781" endtime="20240703 14:12:53.812"/>
</kw>
<if>
<branch type="IF" condition="'${no_of_location}' != '0'">
<kw name="Get Text" library="Autosphere.Browser.Playwright">
<var>${customer_name}</var>
<arg>(//table[@style='']//tr)[${row}]//td[1]</arg>
<doc>Returns the text value of the element identified by ``locator``.</doc>
<msg timestamp="20240703 14:12:53.825" level="INFO">${customer_name} = MAHARASHTRA GRAMIN BANK</msg>
<status status="PASS" starttime="20240703 14:12:53.812" endtime="20240703 14:12:53.825"/>
</kw>
<kw name="Log" library="BuiltIn">
<arg>${no_of_location}</arg>
<doc>Logs the given message with the given level.</doc>
<msg timestamp="20240703 14:12:53.825" level="INFO">7</msg>
<status status="PASS" starttime="20240703 14:12:53.825" endtime="20240703 14:12:53.825"/>
</kw>
<kw name="Log" library="BuiltIn">
<arg>${customer_name}</arg>
<doc>Logs the given message with the given level.</doc>
<msg timestamp="20240703 14:12:53.828" level="INFO">MAHARASHTRA GRAMIN BANK</msg>
<status status="PASS" starttime="20240703 14:12:53.825" endtime="20240703 14:12:53.828"/>
</kw>
<kw name="Find Empty Row" library="Autosphere.Excel.Files">
<var>${next}</var>
<doc>Find the first empty row after existing content,
and return the row number.</doc>
<msg timestamp="20240703 14:12:53.828" level="INFO">${next} = 39</msg>
<status status="PASS" starttime="20240703 14:12:53.828" endtime="20240703 14:12:53.828"/>
</kw>
<kw name="Set Cell Value" library="Autosphere.Excel.Files">
<arg>${next}</arg>
<arg>A</arg>
<arg>${customer_name}</arg>
<doc>Set a cell value in the given worksheet.</doc>
<status status="PASS" starttime="20240703 14:12:53.828" endtime="20240703 14:12:53.828"/>
</kw>
<kw name="Set Cell Value" library="Autosphere.Excel.Files">
<arg>${next}</arg>
<arg>B</arg>
<arg>${no_of_location}</arg>
<doc>Set a cell value in the given worksheet.</doc>
<status status="PASS" starttime="20240703 14:12:53.828" endtime="20240703 14:12:53.828"/>
</kw>
<status status="PASS" starttime="20240703 14:12:53.812" endtime="20240703 14:12:53.828"/>
</branch>
<status status="PASS" starttime="20240703 14:12:53.812" endtime="20240703 14:12:53.828"/>
</if>
<status status="PASS" starttime="20240703 14:12:53.781" endtime="20240703 14:12:53.828"/>
</iter>
<iter>
<var name="${row}">52</var>
<kw name="Get Text" library="Autosphere.Browser.Playwright">
<var>${no_of_location}</var>
<arg>(//table[@style='']//tr)[${row}]//td[${country}]</arg>
<doc>Returns the text value of the element identified by ``locator``.</doc>
<msg timestamp="20240703 14:12:53.844" level="INFO">${no_of_location} = 6</msg>
<status status="PASS" starttime="20240703 14:12:53.828" endtime="20240703 14:12:53.844"/>
</kw>
<if>
<branch type="IF" condition="'${no_of_location}' != '0'">
<kw name="Get Text" library="Autosphere.Browser.Playwright">
<var>${customer_name}</var>
<arg>(//table[@style='']//tr)[${row}]//td[1]</arg>
<doc>Returns the text value of the element identified by ``locator``.</doc>
<msg timestamp="20240703 14:12:53.860" level="INFO">${customer_name} = MANIPUR RURAL BANK</msg>
<status status="PASS" starttime="20240703 14:12:53.844" endtime="20240703 14:12:53.860"/>
</kw>
<kw name="Log" library="BuiltIn">
<arg>${no_of_location}</arg>
<doc>Logs the given message with the given level.</doc>
<msg timestamp="20240703 14:12:53.860" level="INFO">6</msg>
<status status="PASS" starttime="20240703 14:12:53.860" endtime="20240703 14:12:53.860"/>
</kw>
<kw name="Log" library="BuiltIn">
<arg>${customer_name}</arg>
<doc>Logs the given message with the given level.</doc>
<msg timestamp="20240703 14:12:53.860" level="INFO">MANIPUR RURAL BANK</msg>
<status status="PASS" starttime="20240703 14:12:53.860" endtime="20240703 14:12:53.860"/>
</kw>
<kw name="Find Empty Row" library="Autosphere.Excel.Files">
<var>${next}</var>
<doc>Find the first empty row after existing content,
and return the row number.</doc>
<msg timestamp="20240703 14:12:53.860" level="INFO">${next} = 40</msg>
<status status="PASS" starttime="20240703 14:12:53.860" endtime="20240703 14:12:53.860"/>
</kw>
<kw name="Set Cell Value" library="Autosphere.Excel.Files">
<arg>${next}</arg>
<arg>A</arg>
<arg>${customer_name}</arg>
<doc>Set a cell value in the given worksheet.</doc>
<status status="PASS" starttime="20240703 14:12:53.860" endtime="20240703 14:12:53.860"/>
</kw>
<kw name="Set Cell Value" library="Autosphere.Excel.Files">
<arg>${next}</arg>
<arg>B</arg>
<arg>${no_of_location}</arg>
<doc>Set a cell value in the given worksheet.</doc>
<status status="PASS" starttime="20240703 14:12:53.860" endtime="20240703 14:12:53.860"/>
</kw>
<status status="PASS" starttime="20240703 14:12:53.844" endtime="20240703 14:12:53.860"/>
</branch>
<status status="PASS" starttime="20240703 14:12:53.844" endtime="20240703 14:12:53.860"/>
</if>
<status status="PASS" starttime="20240703 14:12:53.828" endtime="20240703 14:12:53.860"/>
</iter>
<iter>
<var name="${row}">53</var>
<kw name="Get Text" library="Autosphere.Browser.Playwright">
<var>${no_of_location}</var>
<arg>(//table[@style='']//tr)[${row}]//td[${country}]</arg>
<doc>Returns the text value of the element identified by ``locator``.</doc>
<msg timestamp="20240703 14:12:53.891" level="INFO">${no_of_location} = 5</msg>
<status status="PASS" starttime="20240703 14:12:53.860" endtime="20240703 14:12:53.891"/>
</kw>
<if>
<branch type="IF" condition="'${no_of_location}' != '0'">
<kw name="Get Text" library="Autosphere.Browser.Playwright">
<var>${customer_name}</var>
<arg>(//table[@style='']//tr)[${row}]//td[1]</arg>
<doc>Returns the text value of the element identified by ``locator``.</doc>
<msg timestamp="20240703 14:12:53.891" level="INFO">${customer_name} = MEGHALAYA RURAL BANK</msg>
<status status="PASS" starttime="20240703 14:12:53.891" endtime="20240703 14:12:53.891"/>
</kw>
<kw name="Log" library="BuiltIn">
<arg>${no_of_location}</arg>
<doc>Logs the given message with the given level.</doc>
<msg timestamp="20240703 14:12:53.891" level="INFO">5</msg>
<status status="PASS" starttime="20240703 14:12:53.891" endtime="20240703 14:12:53.891"/>
</kw>
<kw name="Log" library="BuiltIn">
<arg>${customer_name}</arg>
<doc>Logs the given message with the given level.</doc>
<msg timestamp="20240703 14:12:53.891" level="INFO">MEGHALAYA RURAL BANK</msg>
<status status="PASS" starttime="20240703 14:12:53.891" endtime="20240703 14:12:53.891"/>
</kw>
<kw name="Find Empty Row" library="Autosphere.Excel.Files">
<var>${next}</var>
<doc>Find the first empty row after existing content,
and return the row number.</doc>
<msg timestamp="20240703 14:12:53.891" level="INFO">${next} = 41</msg>
<status status="PASS" starttime="20240703 14:12:53.891" endtime="20240703 14:12:53.891"/>
</kw>
<kw name="Set Cell Value" library="Autosphere.Excel.Files">
<arg>${next}</arg>
<arg>A</arg>
<arg>${customer_name}</arg>
<doc>Set a cell value in the given worksheet.</doc>
<status status="PASS" starttime="20240703 14:12:53.907" endtime="20240703 14:12:53.907"/>
</kw>
<kw name="Set Cell Value" library="Autosphere.Excel.Files">
<arg>${next}</arg>
<arg>B</arg>
<arg>${no_of_location}</arg>
<doc>Set a cell value in the given worksheet.</doc>
<status status="PASS" starttime="20240703 14:12:53.907" endtime="20240703 14:12:53.907"/>
</kw>
<status status="PASS" starttime="20240703 14:12:53.891" endtime="20240703 14:12:53.907"/>
</branch>
<status status="PASS" starttime="20240703 14:12:53.891" endtime="20240703 14:12:53.907"/>
</if>
<status status="PASS" starttime="20240703 14:12:53.860" endtime="20240703 14:12:53.907"/>
</iter>
<iter>
<var name="${row}">54</var>
<kw name="Get Text" library="Autosphere.Browser.Playwright">
<var>${no_of_location}</var>
<arg>(//table[@style='']//tr)[${row}]//td[${country}]</arg>
<doc>Returns the text value of the element identified by ``locator``.</doc>
<msg timestamp="20240703 14:12:53.925" level="INFO">${no_of_location} = 0</msg>
<status status="PASS" starttime="20240703 14:12:53.907" endtime="20240703 14:12:53.925"/>
</kw>
<if>
<branch type="IF" condition="'${no_of_location}' != '0'">
<kw name="Get Text" library="Autosphere.Browser.Playwright">
<var>${customer_name}</var>
<arg>(//table[@style='']//tr)[${row}]//td[1]</arg>
<doc>Returns the text value of the element identified by ``locator``.</doc>
<status status="NOT RUN" starttime="20240703 14:12:53.925" endtime="20240703 14:12:53.925"/>
</kw>
<kw name="Log" library="BuiltIn">
<arg>${no_of_location}</arg>
<doc>Logs the given message with the given level.</doc>
<status status="NOT RUN" starttime="20240703 14:12:53.925" endtime="20240703 14:12:53.925"/>
</kw>
<kw name="Log" library="BuiltIn">
<arg>${customer_name}</arg>
<doc>Logs the given message with the given level.</doc>
<status status="NOT RUN" starttime="20240703 14:12:53.925" endtime="20240703 14:12:53.925"/>
</kw>
<kw name="Find Empty Row" library="Autosphere.Excel.Files">
<var>${next}</var>
<doc>Find the first empty row after existing content,
and return the row number.</doc>
<status status="NOT RUN" starttime="20240703 14:12:53.925" endtime="20240703 14:12:53.925"/>
</kw>
<kw name="Set Cell Value" library="Autosphere.Excel.Files">
<arg>${next}</arg>
<arg>A</arg>
<arg>${customer_name}</arg>
<doc>Set a cell value in the given worksheet.</doc>
<status status="NOT RUN" starttime="20240703 14:12:53.925" endtime="20240703 14:12:53.925"/>
</kw>
<kw name="Set Cell Value" library="Autosphere.Excel.Files">
<arg>${next}</arg>
<arg>B</arg>
<arg>${no_of_location}</arg>
<doc>Set a cell value in the given worksheet.</doc>
<status status="NOT RUN" starttime="20240703 14:12:53.925" endtime="20240703 14:12:53.925"/>
</kw>
<status status="NOT RUN" starttime="20240703 14:12:53.925" endtime="20240703 14:12:53.925"/>
</branch>
<status status="PASS" starttime="20240703 14:12:53.925" endtime="20240703 14:12:53.925"/>
</if>
<status status="PASS" starttime="20240703 14:12:53.907" endtime="20240703 14:12:53.925"/>
</iter>
<iter>
<var name="${row}">55</var>
<kw name="Get Text" library="Autosphere.Browser.Playwright">
<var>${no_of_location}</var>
<arg>(//table[@style='']//tr)[${row}]//td[${country}]</arg>
<doc>Returns the text value of the element identified by ``locator``.</doc>
<msg timestamp="20240703 14:12:53.938" level="INFO">${no_of_location} = 9</msg>
<status status="PASS" starttime="20240703 14:12:53.925" endtime="20240703 14:12:53.938"/>
</kw>
<if>
<branch type="IF" condition="'${no_of_location}' != '0'">
<kw name="Get Text" library="Autosphere.Browser.Playwright">
<var>${customer_name}</var>
<arg>(//table[@style='']//tr)[${row}]//td[1]</arg>
<doc>Returns the text value of the element identified by ``locator``.</doc>
<msg timestamp="20240703 14:12:53.954" level="INFO">${customer_name} = NAGALAND RURAL BANK</msg>
<status status="PASS" starttime="20240703 14:12:53.938" endtime="20240703 14:12:53.954"/>
</kw>
<kw name="Log" library="BuiltIn">
<arg>${no_of_location}</arg>
<doc>Logs the given message with the given level.</doc>
<msg timestamp="20240703 14:12:53.954" level="INFO">9</msg>
<status status="PASS" starttime="20240703 14:12:53.954" endtime="20240703 14:12:53.954"/>
</kw>
<kw name="Log" library="BuiltIn">
<arg>${customer_name}</arg>
<doc>Logs the given message with the given level.</doc>
<msg timestamp="20240703 14:12:53.954" level="INFO">NAGALAND RURAL BANK</msg>
<status status="PASS" starttime="20240703 14:12:53.954" endtime="20240703 14:12:53.954"/>
</kw>
<kw name="Find Empty Row" library="Autosphere.Excel.Files">
<var>${next}</var>
<doc>Find the first empty row after existing content,
and return the row number.</doc>
<msg timestamp="20240703 14:12:53.954" level="INFO">${next} = 42</msg>
<status status="PASS" starttime="20240703 14:12:53.954" endtime="20240703 14:12:53.954"/>
</kw>
<kw name="Set Cell Value" library="Autosphere.Excel.Files">
<arg>${next}</arg>
<arg>A</arg>
<arg>${customer_name}</arg>
<doc>Set a cell value in the given worksheet.</doc>
<status status="PASS" starttime="20240703 14:12:53.954" endtime="20240703 14:12:53.954"/>
</kw>
<kw name="Set Cell Value" library="Autosphere.Excel.Files">
<arg>${next}</arg>
<arg>B</arg>
<arg>${no_of_location}</arg>
<doc>Set a cell value in the given worksheet.</doc>
<status status="PASS" starttime="20240703 14:12:53.954" endtime="20240703 14:12:53.954"/>
</kw>
<status status="PASS" starttime="20240703 14:12:53.938" endtime="20240703 14:12:53.954"/>
</branch>
<status status="PASS" starttime="20240703 14:12:53.938" endtime="20240703 14:12:53.954"/>
</if>
<status status="PASS" starttime="20240703 14:12:53.925" endtime="20240703 14:12:53.954"/>
</iter>
<iter>
<var name="${row}">56</var>
<kw name="Get Text" library="Autosphere.Browser.Playwright">
<var>${no_of_location}</var>
<arg>(//table[@style='']//tr)[${row}]//td[${country}]</arg>
<doc>Returns the text value of the element identified by ``locator``.</doc>
<msg timestamp="20240703 14:12:53.985" level="INFO">${no_of_location} = 0</msg>
<status status="PASS" starttime="20240703 14:12:53.954" endtime="20240703 14:12:53.985"/>
</kw>
<if>
<branch type="IF" condition="'${no_of_location}' != '0'">
<kw name="Get Text" library="Autosphere.Browser.Playwright">
<var>${customer_name}</var>
<arg>(//table[@style='']//tr)[${row}]//td[1]</arg>
<doc>Returns the text value of the element identified by ``locator``.</doc>
<status status="NOT RUN" starttime="20240703 14:12:53.985" endtime="20240703 14:12:53.985"/>
</kw>
<kw name="Log" library="BuiltIn">
<arg>${no_of_location}</arg>
<doc>Logs the given message with the given level.</doc>
<status status="NOT RUN" starttime="20240703 14:12:53.985" endtime="20240703 14:12:53.985"/>
</kw>
<kw name="Log" library="BuiltIn">
<arg>${customer_name}</arg>
<doc>Logs the given message with the given level.</doc>
<status status="NOT RUN" starttime="20240703 14:12:53.985" endtime="20240703 14:12:53.985"/>
</kw>
<kw name="Find Empty Row" library="Autosphere.Excel.Files">
<var>${next}</var>
<doc>Find the first empty row after existing content,
and return the row number.</doc>
<status status="NOT RUN" starttime="20240703 14:12:53.985" endtime="20240703 14:12:53.985"/>
</kw>
<kw name="Set Cell Value" library="Autosphere.Excel.Files">
<arg>${next}</arg>
<arg>A</arg>
<arg>${customer_name}</arg>
<doc>Set a cell value in the given worksheet.</doc>
<status status="NOT RUN" starttime="20240703 14:12:53.985" endtime="20240703 14:12:53.985"/>
</kw>
<kw name="Set Cell Value" library="Autosphere.Excel.Files">
<arg>${next}</arg>
<arg>B</arg>
<arg>${no_of_location}</arg>
<doc>Set a cell value in the given worksheet.</doc>
<status status="NOT RUN" starttime="20240703 14:12:53.985" endtime="20240703 14:12:53.985"/>
</kw>
<status status="NOT RUN" starttime="20240703 14:12:53.985" endtime="20240703 14:12:53.985"/>
</branch>
<status status="PASS" starttime="20240703 14:12:53.985" endtime="20240703 14:12:53.985"/>
</if>
<status status="PASS" starttime="20240703 14:12:53.954" endtime="20240703 14:12:53.985"/>
</iter>
<status status="PASS" starttime="20240703 14:12:47.898" endtime="20240703 14:12:53.985"/>
</for>
<kw name="Save Workbook" library="Autosphere.Excel.Files">
<doc>Save the active workbook.</doc>
<status status="PASS" starttime="20240703 14:12:53.985" endtime="20240703 14:12:54.001"/>
</kw>
<status status="PASS" starttime="20240703 14:12:47.882" endtime="20240703 14:12:54.001"/>
</iter>
<status status="PASS" starttime="20240703 14:12:41.170" endtime="20240703 14:12:54.001"/>
</for>
<kw name="Remove Worksheet" library="Autosphere.Excel.Files">
<arg>${default_sheet}</arg>
<doc>Remove a worksheet from the active workbook.</doc>
<status status="PASS" starttime="20240703 14:12:54.016" endtime="20240703 14:12:54.016"/>
</kw>
<kw name="Save Workbook" library="Autosphere.Excel.Files">
<doc>Save the active workbook.</doc>
<status status="PASS" starttime="20240703 14:12:54.016" endtime="20240703 14:12:54.032"/>
</kw>
<kw name="Close Workbook" library="Autosphere.Excel.Files">
<doc>Close the active workbook.</doc>
<msg timestamp="20240703 14:12:54.032" level="INFO">Closing workbook: &lt;Autosphere.Excel.Files.XlsxWorkbook object at 0x0000015CBEF7C548&gt;</msg>
<status status="PASS" starttime="20240703 14:12:54.032" endtime="20240703 14:12:54.032"/>
</kw>
<status status="PASS" starttime="20240703 14:12:41.139" endtime="20240703 14:12:54.032"/>
</kw>
<status status="PASS" starttime="20240703 14:11:39.365" endtime="20240703 14:12:54.032"/>
</test>
<doc>Locator Challange</doc>
<status status="PASS" starttime="20240703 14:11:35.866" endtime="20240703 14:12:54.032"/>
</suite>
<statistics>
<total>
<stat pass="1" fail="0" skip="0">All Tasks</stat>
</total>
<tag>
</tag>
<suite>
<stat pass="1" fail="0" skip="0" id="s1" name="Task">Task</stat>
</suite>
</statistics>
<errors>
<msg timestamp="20240703 14:11:38.675" level="WARN">This is a deprecated import that will be removed in favor of Autosphere.Browser.Selenium</msg>
</errors>
</robot>
